# SSL/TLS secrets log file, generated by OpenSSL
SERVER_HANDSHAKE_TRAFFIC_SECRET 9cb2e4b9016aa3f2181b825da2a70a2c691bd1b248241c9b0fbbf85ba4e69c5b 5dc6c4a2acfa673e9025eef0d2d8adb66d1758556fd4e62286ec78c49500589ef0bc004b3776bf216bed58f74a30af74
CLIENT_HANDSHAKE_TRAFFIC_SECRET 9cb2e4b9016aa3f2181b825da2a70a2c691bd1b248241c9b0fbbf85ba4e69c5b 325c3764244b60f7f97f591a14915520c57ddfcdfdb6d941040d6c932e707f1fa07c7ae1a631342dbd66656997cbe0a2
EXPORTER_SECRET 9cb2e4b9016aa3f2181b825da2a70a2c691bd1b248241c9b0fbbf85ba4e69c5b 17bb6bea0999872863ae1f8fc917678a4c67882b32688668f2b4703e2831369b21660954732f6e7601028a08e8fa2032
SERVER_TRAFFIC_SECRET_0 9cb2e4b9016aa3f2181b825da2a70a2c691bd1b248241c9b0fbbf85ba4e69c5b 436414c228d70288c3b0b3ae531d80d4e81b50716afc7828124f38840a78401a1296563a8d519e01334991d6832e3d6b
CLIENT_TRAFFIC_SECRET_0 9cb2e4b9016aa3f2181b825da2a70a2c691bd1b248241c9b0fbbf85ba4e69c5b d17d19514df6407213d2859f457481a984ab47637b9cc0487a91454c7b5acabcc7ad85a613f67952714beff87c4349b2
SERVER_HANDSHAKE_TRAFFIC_SECRET ffe29eb342710efa88432875c4a549395e756fe08c558dfeb3fc5054c4b31a6e c1bd2756a25ae7539d1165265425d900eb8dd82e121bf7af7cb10e02b3274c05
CLIENT_HANDSHAKE_TRAFFIC_SECRET ffe29eb342710efa88432875c4a549395e756fe08c558dfeb3fc5054c4b31a6e b116e4aff8f8c4c056341bfc89e060011791fdf414132f6a10213f4a761cf574
EXPORTER_SECRET ffe29eb342710efa88432875c4a549395e756fe08c558dfeb3fc5054c4b31a6e f692095fa1f7b5c2b47ec92414b0a8d6464eef10cdd4160ac3bf553ccd0bd8a1
SERVER_TRAFFIC_SECRET_0 ffe29eb342710efa88432875c4a549395e756fe08c558dfeb3fc5054c4b31a6e c0d7048aa9b11af9a54046905f20c6ad2fe7365d4bec04ae1756fa637cb86427
CLIENT_TRAFFIC_SECRET_0 ffe29eb342710efa88432875c4a549395e756fe08c558dfeb3fc5054c4b31a6e 5f3e8ffa8cd364ebc64cf54c1ed9849d2ead24a368153f950cbf757fb0854a7c
SERVER_HANDSHAKE_TRAFFIC_SECRET 44bd6cb59c9176d0eaccb33db2b1e3867886e52dbac5ea37a029ac0667eb940d 7e55d81bc3252611cf9a7b3988c5c1f784329a4954305dc6f2394b25be91eca5
CLIENT_HANDSHAKE_TRAFFIC_SECRET 44bd6cb59c9176d0eaccb33db2b1e3867886e52dbac5ea37a029ac0667eb940d 74a80e321e5650477565b7244d803b5d0476508488f18de2f1c13475ce02b695
EXPORTER_SECRET 44bd6cb59c9176d0eaccb33db2b1e3867886e52dbac5ea37a029ac0667eb940d 8e849040f3ae312978824d2f6613cbcbf3ba4cb90e5d8e631f6dab18976ffd9b
SERVER_TRAFFIC_SECRET_0 44bd6cb59c9176d0eaccb33db2b1e3867886e52dbac5ea37a029ac0667eb940d 54e034472d23ef4da5c44474b296bf99675c5599278cacd1d6fae5356c3cb867
CLIENT_TRAFFIC_SECRET_0 44bd6cb59c9176d0eaccb33db2b1e3867886e52dbac5ea37a029ac0667eb940d 7f20c50c8aae0383908677ba9e5512b2fb674cc57835755aa31610110a4e15cc
SERVER_HANDSHAKE_TRAFFIC_SECRET c8d852adc91965b84d229a4f8616ae984a69871fe1c524e77b3a6a2ea009348c 0cf6a3ad46a0539523bc20a676c61666f86a3264050a7d04f2e25029a5b64e7c
CLIENT_HANDSHAKE_TRAFFIC_SECRET c8d852adc91965b84d229a4f8616ae984a69871fe1c524e77b3a6a2ea009348c 59487db96bfd67b850f6fbb0d6448f453b3616cd76f6b9875339253e13a0f047
EXPORTER_SECRET c8d852adc91965b84d229a4f8616ae984a69871fe1c524e77b3a6a2ea009348c 2d960d2f41447f74c16fdbd2c89854b1e60a3325753ad179a94946c60c2e4bd0
SERVER_TRAFFIC_SECRET_0 c8d852adc91965b84d229a4f8616ae984a69871fe1c524e77b3a6a2ea009348c b02be63191b76d38fb2761d0fc409428e54c6b912c56c7ba50363d2023cfd895
CLIENT_TRAFFIC_SECRET_0 c8d852adc91965b84d229a4f8616ae984a69871fe1c524e77b3a6a2ea009348c 2d37de1df1d59d6f151b34d22f6bc7bfc75f0ade0df1506c8bf1644c3eb630be
SERVER_HANDSHAKE_TRAFFIC_SECRET f0d776ef456c39091ed7a542b18ef81e55801e00c0b751a6147c71393d9498c0 a1baba8c141ce06f307a1aab25c085e1ada98288adaedfd18cc58546e5173d24
CLIENT_HANDSHAKE_TRAFFIC_SECRET f0d776ef456c39091ed7a542b18ef81e55801e00c0b751a6147c71393d9498c0 ba3aeb60166f13c4aec0a02cbe7d8b15c42728e7fde3acce9059bf688c08067b
EXPORTER_SECRET f0d776ef456c39091ed7a542b18ef81e55801e00c0b751a6147c71393d9498c0 14a95c76e6c04d8a00544857ea7b285eb9405eabc0628fd137c47b3624bd5c00
SERVER_TRAFFIC_SECRET_0 f0d776ef456c39091ed7a542b18ef81e55801e00c0b751a6147c71393d9498c0 aea18b1c84476d807e5793609ec0767577dac57054a3b5a60460f88dc7f93cb3
CLIENT_TRAFFIC_SECRET_0 f0d776ef456c39091ed7a542b18ef81e55801e00c0b751a6147c71393d9498c0 0ce5fdbb40bf60e5339456c8b2885fbb54fe670aa97ca5c7d9be41ab302192ae
SERVER_HANDSHAKE_TRAFFIC_SECRET 66342b6f33e299f158373e67e544020109a376469e4205103db5ec590b7aea3d 4d3b22abdda9d1ea611e1049bb9d3f1e7a027e456bb0ccb32ee4a222c91d3fb4
CLIENT_HANDSHAKE_TRAFFIC_SECRET 66342b6f33e299f158373e67e544020109a376469e4205103db5ec590b7aea3d efbacf4d45c97f9295308d5d794883c73bc4786702732166ec38b45f7e8858e6
EXPORTER_SECRET 66342b6f33e299f158373e67e544020109a376469e4205103db5ec590b7aea3d 9ed66c7058deb7b196c09ca87eebb816759386d45c9b2d7d5fc2ea0e5786d043
SERVER_TRAFFIC_SECRET_0 66342b6f33e299f158373e67e544020109a376469e4205103db5ec590b7aea3d 72915422f1e5448d8cb04b0ba79b0c944eecbe3abcc2e87edf8256a13053d7eb
CLIENT_TRAFFIC_SECRET_0 66342b6f33e299f158373e67e544020109a376469e4205103db5ec590b7aea3d 6459f4a9610ec9cd81fe55372819516f4f11d838dcc9b1687e6a92a92c799951
CLIENT_HANDSHAKE_TRAFFIC_SECRET ab552c69642d5a06a5bf9d5747ce61f78a7ee34cb2a6eab2d783f0aeb9a3f429 137191f66bcfd7c07e0b82600265c759965273888d3b6b0da2be3907a768893c
SERVER_HANDSHAKE_TRAFFIC_SECRET ab552c69642d5a06a5bf9d5747ce61f78a7ee34cb2a6eab2d783f0aeb9a3f429 72fc4f16849a42aa37398da46c3b9926b49744bd57a5c5349cc752adf95999c8
EXPORTER_SECRET ab552c69642d5a06a5bf9d5747ce61f78a7ee34cb2a6eab2d783f0aeb9a3f429 f4a7953959eeceaeae8d2acceb7459036c42292962db876f622df63346d8255f
CLIENT_TRAFFIC_SECRET_0 ab552c69642d5a06a5bf9d5747ce61f78a7ee34cb2a6eab2d783f0aeb9a3f429 97b8d9c09d71ebd3c9d6d16dd2ddb3fb8ee0e5738c0aa2daebc5f8264c4ad826
SERVER_TRAFFIC_SECRET_0 ab552c69642d5a06a5bf9d5747ce61f78a7ee34cb2a6eab2d783f0aeb9a3f429 dcb2a392aac0686abaef9706e2f22b5d7680fd434899e02cd3e482e8415b2342
CLIENT_HANDSHAKE_TRAFFIC_SECRET ab552c69642d5a06a5bf9d5747ce61f78a7ee34cb2a6eab2d783f0aeb9a3f429 137191f66bcfd7c07e0b82600265c759965273888d3b6b0da2be3907a768893c
SERVER_HANDSHAKE_TRAFFIC_SECRET ab552c69642d5a06a5bf9d5747ce61f78a7ee34cb2a6eab2d783f0aeb9a3f429 72fc4f16849a42aa37398da46c3b9926b49744bd57a5c5349cc752adf95999c8
EXPORTER_SECRET ab552c69642d5a06a5bf9d5747ce61f78a7ee34cb2a6eab2d783f0aeb9a3f429 f4a7953959eeceaeae8d2acceb7459036c42292962db876f622df63346d8255f
CLIENT_TRAFFIC_SECRET_0 ab552c69642d5a06a5bf9d5747ce61f78a7ee34cb2a6eab2d783f0aeb9a3f429 97b8d9c09d71ebd3c9d6d16dd2ddb3fb8ee0e5738c0aa2daebc5f8264c4ad826
SERVER_TRAFFIC_SECRET_0 ab552c69642d5a06a5bf9d5747ce61f78a7ee34cb2a6eab2d783f0aeb9a3f429 dcb2a392aac0686abaef9706e2f22b5d7680fd434899e02cd3e482e8415b2342
CLIENT_HANDSHAKE_TRAFFIC_SECRET e05105773e61a8cc4b5f69da1a10756e3f41d51fce053cf8231a75330ed9edc3 cf73e83da3cde9cdceadb98ef12286d6595c2ba593116c70159b13f52fead2d9
SERVER_HANDSHAKE_TRAFFIC_SECRET e05105773e61a8cc4b5f69da1a10756e3f41d51fce053cf8231a75330ed9edc3 7a0642d0635eb1d26a59d42b5168534098609998c563e1eb6d922d6c25765d9d
EXPORTER_SECRET e05105773e61a8cc4b5f69da1a10756e3f41d51fce053cf8231a75330ed9edc3 12a131db3d92634cd433d89c4acbc3ebb1b1d2e25a5e21c71778e510aa8d3af7
CLIENT_TRAFFIC_SECRET_0 e05105773e61a8cc4b5f69da1a10756e3f41d51fce053cf8231a75330ed9edc3 502314c918af40fa7778b1a37d3fed6fb19d59820e0e75537e7e7b0494492b51
SERVER_TRAFFIC_SECRET_0 e05105773e61a8cc4b5f69da1a10756e3f41d51fce053cf8231a75330ed9edc3 f37220a13ebdafad409f91bad1661cb5573d05931bbc841074f97e4ea821d687
