CLIENT_HANDSHAKE_TRAFFIC_SECRET 978124d0f099e2cec0545dd33bdc966122f137132782a9d1bc4243790b59b8b5 8a7851e1348895e637075738b02daa604a587cf4e56f64ab214faf610537f5b7 
SERVER_HANDSHAKE_TRAFFIC_SECRET 978124d0f099e2cec0545dd33bdc966122f137132782a9d1bc4243790b59b8b5 4d807530be95a1df0e0e6a7f5af32a728e15925c74584df29778ab4ee5728ed5 
EXPORTER_SECRET 978124d0f099e2cec0545dd33bdc966122f137132782a9d1bc4243790b59b8b5 7eadcc527b5a3475cbe7e0d0b4a8a44dbc3fb2c9ee85f25388b4df1852e647aa 
CLIENT_TRAFFIC_SECRET_0 978124d0f099e2cec0545dd33bdc966122f137132782a9d1bc4243790b59b8b5 09c9714464cf83ee7b3509ef4ef39d01b5d92d824411b20de52c17796f621c4e 
SERVER_TRAFFIC_SECRET_0 978124d0f099e2cec0545dd33bdc966122f137132782a9d1bc4243790b59b8b5 c06552ebe5a230a92b719e8623bc7cb0a9c187271822b3eca6674d9149d33716 
CLIENT_HANDSHAKE_TRAFFIC_SECRET de0b1165d6d5334fcb4089f4602d83e682c827d2ba7c090af728325f48653fc1 c6f3fbf7004adba6ef1c955d485ae95fd9009b426541ac79955f3d272c3fdc5709b9f4c94ae89f73974cbd424b9dcd62 
SERVER_HANDSHAKE_TRAFFIC_SECRET de0b1165d6d5334fcb4089f4602d83e682c827d2ba7c090af728325f48653fc1 11f8ffec0af15d76498aeb23f95ade71fe7c2cf46ec92aa20e0a7a2b05ad8e57c5cabb0eb08afcec398dd9528f0e3d43 
EXPORTER_SECRET de0b1165d6d5334fcb4089f4602d83e682c827d2ba7c090af728325f48653fc1 e8357e5a8a398393a5a219b31c187ac1ce01d631c49c8199b90f46afda73c08c80ab690683e6c058b83a34793ed2bc6d 
CLIENT_TRAFFIC_SECRET_0 de0b1165d6d5334fcb4089f4602d83e682c827d2ba7c090af728325f48653fc1 5cd9e702734d7eb507f5f3932898dde11ff904ec31cc6b611901b52f6179f7a0091cfc6175ca7e9e92063babf140353c 
SERVER_TRAFFIC_SECRET_0 de0b1165d6d5334fcb4089f4602d83e682c827d2ba7c090af728325f48653fc1 54fa3ab741fc0590ecbdd4fd18f61b346eac7fe9fc5ad657465f0fada16b3eebdf0d2a4c13440a45259f79513910c57c 
CLIENT_HANDSHAKE_TRAFFIC_SECRET 07b6a5a037810c669800c4557fe1b5a782b3e17c06420f95a018f4e677b49946 8328438133dfce795f2fa1d3b02b3203210759329c7cb3c4bfbde13c5833f26f 
SERVER_HANDSHAKE_TRAFFIC_SECRET 07b6a5a037810c669800c4557fe1b5a782b3e17c06420f95a018f4e677b49946 2a51e915fe3f613e10dd4a008a229e0817d05422d2e40fdc3852bba02ba7aa8c 
EXPORTER_SECRET 07b6a5a037810c669800c4557fe1b5a782b3e17c06420f95a018f4e677b49946 58eaafd460c854d4321f7d6584fb6573f234210d41279735dc3cef2289f8b0d0 
CLIENT_TRAFFIC_SECRET_0 07b6a5a037810c669800c4557fe1b5a782b3e17c06420f95a018f4e677b49946 9fc76663c32a8599a357bffdfc89613197c0f83ca1bdd6052d8015cb9149a61f 
SERVER_TRAFFIC_SECRET_0 07b6a5a037810c669800c4557fe1b5a782b3e17c06420f95a018f4e677b49946 2f8474d38252a5b1f81c31e6646d39a61bfa153824000d444c2553f66731b7f7 
CLIENT_HANDSHAKE_TRAFFIC_SECRET 2c952253f432bb4b448a6bff093c4b65b687ee7661c415ee36a7494cdf25f961 050945802b40f5c95653b507c48cc0730b96c0b3dba55351e2d04862315950e6 
SERVER_HANDSHAKE_TRAFFIC_SECRET 2c952253f432bb4b448a6bff093c4b65b687ee7661c415ee36a7494cdf25f961 85c6918993b4f52e14f8119f3cdb6ff0d5473c02e98c5087a95d4d4f685a5a22 
EXPORTER_SECRET 2c952253f432bb4b448a6bff093c4b65b687ee7661c415ee36a7494cdf25f961 8f86d37db620f52afcc7a9ebbdabe184b250918c777b3a99fc1f8a37e139e151 
CLIENT_TRAFFIC_SECRET_0 2c952253f432bb4b448a6bff093c4b65b687ee7661c415ee36a7494cdf25f961 4f2243de30fd6719c9aaafb295e858b18dc24d78a829b44d4427cb3d27f77c7a 
SERVER_TRAFFIC_SECRET_0 2c952253f432bb4b448a6bff093c4b65b687ee7661c415ee36a7494cdf25f961 df7dee534d1b9c92472c93374eb7850d0a3126b5adc790f0ab01f02279667886 
