# SSL/TLS secrets log file, generated by NSS
CLIENT_HANDSHAKE_TRAFFIC_SECRET f806ff7afcc602e78cc098177b1871c022a5e8098d17e89eadaf81dc2b99e7ad f87fc273482c7ba71f97d222b07fce6395bb04083d9fa2066c3a03d3ca3ad27d
SERVER_HANDSHAKE_TRAFFIC_SECRET f806ff7afcc602e78cc098177b1871c022a5e8098d17e89eadaf81dc2b99e7ad a59294672f222f62814f3654e3e4825f835180c20a8b874cbd04d01abd7cec49
CLIENT_HANDSHAKE_TRAFFIC_SECRET 9c08aa3a2726d90865614ff889ad3f02c66bf8e4376d2e514edb0f4b9bb33ab7 374f79acb76ee5e305d750886985dde2462ea5809eb165c41c6f667c4d7eb9d7
SERVER_HANDSHAKE_TRAFFIC_SECRET 9c08aa3a2726d90865614ff889ad3f02c66bf8e4376d2e514edb0f4b9bb33ab7 7dfa1b9301e6b25f11e2263018dbb4d5eb279749ec6d125754c6a01506fe275e
CLIENT_RANDOM eeb1f37c6a8f8919b754091b0c4a784745739382df0be851565257becff873f6 b2cf5871f9d32b52296fd8b5d20ddba4add4967fd7a26b1ecdb14360f88cbebec21b3855f785dcccab5a761a8425a61d
CLIENT_RANDOM 58db8edd9c2c5f50fd3f43dcc2b9f183b01b348fe33cb3ff553d8070c156ad04 7f6105fcf0c6a09408a8a5186a2e3126eac5a8b8a2812c9562ac7e06cbad5b3fe0984a2ed77fb4c5c9330cfcd32567c0
CLIENT_HANDSHAKE_TRAFFIC_SECRET 405d737969a99242556f1e9934be07cd84b359f0858e9becb0b6a65944a0f224 4c2c8f31af760c0269c54cf8f414fbeaa7307d56fc58a45f818747faae238826
SERVER_HANDSHAKE_TRAFFIC_SECRET 405d737969a99242556f1e9934be07cd84b359f0858e9becb0b6a65944a0f224 da861287dbec1f497f3f753b5a359dfd965a656433ea862ebf87f4e3fa083302
CLIENT_TRAFFIC_SECRET_0 f806ff7afcc602e78cc098177b1871c022a5e8098d17e89eadaf81dc2b99e7ad e0504ac7b834ba8717005fb3e2540cba3d4c0ba440afe2c8d9acf796904d18f3
SERVER_TRAFFIC_SECRET_0 f806ff7afcc602e78cc098177b1871c022a5e8098d17e89eadaf81dc2b99e7ad 4d1591bdfab7f1974481cf845cb1bc81b3602502a2e98950fad256f409888cae
EXPORTER_SECRET f806ff7afcc602e78cc098177b1871c022a5e8098d17e89eadaf81dc2b99e7ad 68103b82472652a10ad53dba3fc54b6297afb819c39a9aa13b54b265a8cfcb05
CLIENT_TRAFFIC_SECRET_0 9c08aa3a2726d90865614ff889ad3f02c66bf8e4376d2e514edb0f4b9bb33ab7 0413041052a43bf1427b489a95a9e69be5e8e38967ccc9fb70235a78d32adcb5
SERVER_TRAFFIC_SECRET_0 9c08aa3a2726d90865614ff889ad3f02c66bf8e4376d2e514edb0f4b9bb33ab7 af5c9915ef055acac6de36851022f0fc25c8d7d3e84e191665ad5c4e3a245ad0
EXPORTER_SECRET 9c08aa3a2726d90865614ff889ad3f02c66bf8e4376d2e514edb0f4b9bb33ab7 207c5531295eb35f92b8a4c98a6c42109e72782eeb44f0099fd09a590d96cc78
CLIENT_HANDSHAKE_TRAFFIC_SECRET cf2151edaf50fc6f941d64d6408a2322955b7fa72b81a2418202fb0939950d86 3a37edbaf3c359a1fdc517eda5c4ee8fcb7e6ceac2e238c48bc474b87fbccf65
SERVER_HANDSHAKE_TRAFFIC_SECRET cf2151edaf50fc6f941d64d6408a2322955b7fa72b81a2418202fb0939950d86 1d65c150e86a48fdc4fc2155facab5bc5f56b99ab332084269a86fc3eeab0653
CLIENT_TRAFFIC_SECRET_0 405d737969a99242556f1e9934be07cd84b359f0858e9becb0b6a65944a0f224 d8603bf056c3832cabf713596f993f9efd08ae0f7dbd03438bf3d8c3f9547577
SERVER_TRAFFIC_SECRET_0 405d737969a99242556f1e9934be07cd84b359f0858e9becb0b6a65944a0f224 29b6c896b3620eddf44d394ed4a5f63da60f534a13280bbc1ae6e692ca1057e1
EXPORTER_SECRET 405d737969a99242556f1e9934be07cd84b359f0858e9becb0b6a65944a0f224 64fccab971285f571bcc5d60686df53938ba5698730f654a0f6565d123ef3ddb
CLIENT_TRAFFIC_SECRET_0 cf2151edaf50fc6f941d64d6408a2322955b7fa72b81a2418202fb0939950d86 aaa7b010a393983d1660685fa1af71cdb386082e3d0f9c09568e0bd66971404a
SERVER_TRAFFIC_SECRET_0 cf2151edaf50fc6f941d64d6408a2322955b7fa72b81a2418202fb0939950d86 4ee39f4b24023743f92c63479a6ccce0607a0afa12630d0beb196e57038e36b0
EXPORTER_SECRET cf2151edaf50fc6f941d64d6408a2322955b7fa72b81a2418202fb0939950d86 794fe2f07bab1cc050b626e73e4971680db5ae43f810515aa41ac292fe6a0942
CLIENT_RANDOM f27ad7023b3cfb380772d694133c987558ef73b3c162fb98319a205302e18b3f ebed7b9a30df33ded41c5772abb04e9306a69a1c06ebd4c77a841d7e031f293f67a64ece873dceaaa2d8d8d2068d99fb
CLIENT_RANDOM 6fa19c6510a60d5909a3b471141b75080cc190cc550d0893dc7fa4fb6b4d9c40 b99f1785d118c426bde77ffa1b967ee8099b537284eee9211ac53ba47f8694631c521b8cc608c5421f3d60e87d015c21
CLIENT_HANDSHAKE_TRAFFIC_SECRET 223ddf683c3931478201cf6a364dea62c06592f07de4350ada884cddab7d433a 0e3c84c75d1bc5de315acfa746fe5ddc2b43969fbc00b620742093489e201ac8
SERVER_HANDSHAKE_TRAFFIC_SECRET 223ddf683c3931478201cf6a364dea62c06592f07de4350ada884cddab7d433a ec52ccddc43cda33d4f54e7df127b5cde62528a511c80c03dc5778d5881a793f
CLIENT_HANDSHAKE_TRAFFIC_SECRET 66d6d1e497e08a3e47b0afa9b7c1689d346818fbe711d3bbb83745837de55ccb afd7ac746eb5defa7fa0a43e1dc3b74bc2b2bb351b20eca879cb0cd202726434
SERVER_HANDSHAKE_TRAFFIC_SECRET 66d6d1e497e08a3e47b0afa9b7c1689d346818fbe711d3bbb83745837de55ccb d18d6904619f00cdfd587605350bdaf553ea28b7541e3998edb69cd9b160a1ec
CLIENT_HANDSHAKE_TRAFFIC_SECRET ea94a23985f38ca31c8baa13be5351d845b605006a48d6eec7b6a1e3fd44907d f4ab10e97debc481bb7f9653bb082af4f3209a0341a8473da749a8c92b572023
SERVER_HANDSHAKE_TRAFFIC_SECRET ea94a23985f38ca31c8baa13be5351d845b605006a48d6eec7b6a1e3fd44907d b992b91214239ac1a0c8e78769e194e647627b821482a0b67abeeb2c4ccaf9cd
CLIENT_HANDSHAKE_TRAFFIC_SECRET e2258044391673ac044cc7ef76c263a840bd5d9eddde3867e4dfd4e370cd3fcd c9c1c1f7896e53c909efc2d15329138011d8b05e164061d559d683d46b7d5229
SERVER_HANDSHAKE_TRAFFIC_SECRET e2258044391673ac044cc7ef76c263a840bd5d9eddde3867e4dfd4e370cd3fcd b48dfcb9052d0ac199cbfb53987b74339a72f13428ee9ae820201869a377aa84
CLIENT_HANDSHAKE_TRAFFIC_SECRET 228c89a1f1146d593c5645cc47a5af71320181e545ac9b736554c4b007573e30 d97deedbe9ac0996efe4893946afac5160dff3b425ea86c988d156049f5f4641
SERVER_HANDSHAKE_TRAFFIC_SECRET 228c89a1f1146d593c5645cc47a5af71320181e545ac9b736554c4b007573e30 93d60a95ba7055c7f2af60bd3186c906d3511f0714d214aefd58062e93bc03f3
CLIENT_HANDSHAKE_TRAFFIC_SECRET b85acd794d5402880b34bd337d780580a03643c6714d71afcb7a8e8cbb414396 893a04b5a827691a6da0b7b939c82f2660b576db55fcca6699303967ecf27de9
SERVER_HANDSHAKE_TRAFFIC_SECRET b85acd794d5402880b34bd337d780580a03643c6714d71afcb7a8e8cbb414396 42e6ca5f20943e0783704882718d5a874343d409508b3e893b5d71ecf6c14753
CLIENT_TRAFFIC_SECRET_0 223ddf683c3931478201cf6a364dea62c06592f07de4350ada884cddab7d433a 28c1489837cabcfedb10fa3cf94b7b405ed29b779a05774fe7d9d5045b538405
SERVER_TRAFFIC_SECRET_0 223ddf683c3931478201cf6a364dea62c06592f07de4350ada884cddab7d433a ec3f5981b2d1719c1df79d1b686382eee50186fcec534c20563faef63cf445eb
EXPORTER_SECRET 223ddf683c3931478201cf6a364dea62c06592f07de4350ada884cddab7d433a 33cf9b132549d3acca6099cac35e8e42e106a5661b3dbc8100f929b14c2d5254
CLIENT_TRAFFIC_SECRET_0 e2258044391673ac044cc7ef76c263a840bd5d9eddde3867e4dfd4e370cd3fcd 0c5c699d833e88383b971765d01c5760360ca5063a681b8a82e1b529a948be00
SERVER_TRAFFIC_SECRET_0 e2258044391673ac044cc7ef76c263a840bd5d9eddde3867e4dfd4e370cd3fcd 69ae82fb6653fca6eee36dc5076c6f04e5c065e6c51ad306f2d92e4a5c0e1370
EXPORTER_SECRET e2258044391673ac044cc7ef76c263a840bd5d9eddde3867e4dfd4e370cd3fcd b071c08c8f71edaecf02401d2d36e21ba17f40082f9fca527e6dc07bef5e41b7
CLIENT_TRAFFIC_SECRET_0 b85acd794d5402880b34bd337d780580a03643c6714d71afcb7a8e8cbb414396 d65222cf6855bf6e9a822804f03151ebb51432ae8b7bd7d63e04c841209da1d2
SERVER_TRAFFIC_SECRET_0 b85acd794d5402880b34bd337d780580a03643c6714d71afcb7a8e8cbb414396 7bba37e85925627687b8831f9ee1ea54433dc91d537f707d7102766846a5e155
EXPORTER_SECRET b85acd794d5402880b34bd337d780580a03643c6714d71afcb7a8e8cbb414396 c79103ebfec6d0941f7d31328cb274920b7121fa382588e1f91c0cb778dc6866
CLIENT_TRAFFIC_SECRET_0 228c89a1f1146d593c5645cc47a5af71320181e545ac9b736554c4b007573e30 253aea852ccd8ca1e5b400018216b9eab8cd1a2138476e8f95d3e0746d9e5d5c
SERVER_TRAFFIC_SECRET_0 228c89a1f1146d593c5645cc47a5af71320181e545ac9b736554c4b007573e30 a472091033744079d730cd5965868e4b66d77d0e8a35e9bc4404ab39feed06c2
EXPORTER_SECRET 228c89a1f1146d593c5645cc47a5af71320181e545ac9b736554c4b007573e30 99606ce9852b988dc38521f7fb11f7cf5865d2cf776be483b5ce63e6b8908113
CLIENT_TRAFFIC_SECRET_0 ea94a23985f38ca31c8baa13be5351d845b605006a48d6eec7b6a1e3fd44907d f688b5d299b87961c14b8002ee070bfc10f597e202aab9fac791f345a0569679
SERVER_TRAFFIC_SECRET_0 ea94a23985f38ca31c8baa13be5351d845b605006a48d6eec7b6a1e3fd44907d 14fb448c033bb0cc808c0ab0b42129e6925774fbcc1d4e30c319042d197d534e
EXPORTER_SECRET ea94a23985f38ca31c8baa13be5351d845b605006a48d6eec7b6a1e3fd44907d 8368602892fc0bfcc8a302e5c03c14bb6977da2baaa95d3dc1c7af4e721984ac
CLIENT_TRAFFIC_SECRET_0 66d6d1e497e08a3e47b0afa9b7c1689d346818fbe711d3bbb83745837de55ccb 6f89e89546dae874dcd5d5aad97b838629b338ed06d82ee08bcc41b7128beab8
SERVER_TRAFFIC_SECRET_0 66d6d1e497e08a3e47b0afa9b7c1689d346818fbe711d3bbb83745837de55ccb 253a20125c4976adcee6b087616f48dbe681be5766bc42c0f7a4eae45efc84f7
EXPORTER_SECRET 66d6d1e497e08a3e47b0afa9b7c1689d346818fbe711d3bbb83745837de55ccb bc81557b2e51f1a743a11f82c275a4176c001d90762be43f37e3a63aecf01697
CLIENT_HANDSHAKE_TRAFFIC_SECRET b667313b850b9dd90d39c3549c08043ecfdf7aaf1603fc1b5c91a5807d8b15ea c67ad3fd1be2163136757c5dec36abf1d0da612c4f1d82586727fcf7bf100a72
SERVER_HANDSHAKE_TRAFFIC_SECRET b667313b850b9dd90d39c3549c08043ecfdf7aaf1603fc1b5c91a5807d8b15ea 38a544aa7131c8f44706f3985e1d906a6efa6edd5b91581590b7640744591470
CLIENT_HANDSHAKE_TRAFFIC_SECRET b54580520fa22713838f814f893ca682ee61e0669c4dace765fb8505047a1c26 2e15d47df584553d84d05fd395f2b3d5288e6f6ebfb1293450b32fc6deb834e0
SERVER_HANDSHAKE_TRAFFIC_SECRET b54580520fa22713838f814f893ca682ee61e0669c4dace765fb8505047a1c26 84290e7db0d509a38b2cab60bece6702982b3f4b858ed8fab29843fcda127b62
CLIENT_HANDSHAKE_TRAFFIC_SECRET 0b865fca2644cb429a535882751330fa241bd4f0f7ffc910efbe29ae0c494075 dbb4165f4ad84822708aafd63c80b7ba995a2471c6f4882571c11930eaee5150
SERVER_HANDSHAKE_TRAFFIC_SECRET 0b865fca2644cb429a535882751330fa241bd4f0f7ffc910efbe29ae0c494075 940a94ed0e18a808c38d48820a1fb388295d2cc3256343168a3edc1ecdfb18c3
CLIENT_TRAFFIC_SECRET_0 b667313b850b9dd90d39c3549c08043ecfdf7aaf1603fc1b5c91a5807d8b15ea 504a09353b53bdb559711a35dc6d190b77a70619122cced66951973be0208d74
SERVER_TRAFFIC_SECRET_0 b667313b850b9dd90d39c3549c08043ecfdf7aaf1603fc1b5c91a5807d8b15ea fcef75a2a2fc184a643e9abbaba1d166fcf2569f6a5b537561b055d4e25845f4
EXPORTER_SECRET b667313b850b9dd90d39c3549c08043ecfdf7aaf1603fc1b5c91a5807d8b15ea 1b27a96b203de2391822f61f067bffad8986c33b9c45babbcd7de1ff52339c64
CLIENT_TRAFFIC_SECRET_0 b54580520fa22713838f814f893ca682ee61e0669c4dace765fb8505047a1c26 f617835475543cea1e1ca45bfb2fee819d5499617e373dd34cbb386cfb5f9944
SERVER_TRAFFIC_SECRET_0 b54580520fa22713838f814f893ca682ee61e0669c4dace765fb8505047a1c26 79241b21960ccfada3607c2c276af1d8d0a0379da3c094524b9599f7b3ede3d8
EXPORTER_SECRET b54580520fa22713838f814f893ca682ee61e0669c4dace765fb8505047a1c26 91b9b7323c8d390f9a36515c60673657e3772765be1732400e0a0ab06a213858
CLIENT_TRAFFIC_SECRET_0 0b865fca2644cb429a535882751330fa241bd4f0f7ffc910efbe29ae0c494075 3ad131b9c96e2f27acb8f50a73d1fa35d2bed66d42a0340254b7d062977da8b0
SERVER_TRAFFIC_SECRET_0 0b865fca2644cb429a535882751330fa241bd4f0f7ffc910efbe29ae0c494075 b5de8c4261914de7d4bf76c3b3aa6cd18e716ff00bc5a04f7eaf845e6f186230
EXPORTER_SECRET 0b865fca2644cb429a535882751330fa241bd4f0f7ffc910efbe29ae0c494075 4ed4f5acbbc4440ee8213e5f22d06a305aeb186484ec7a0043bee3cfafe9eca0
CLIENT_HANDSHAKE_TRAFFIC_SECRET 81bd6be02de3fc65a2f7a22692123d2c15f80ad72ce20c77e7b7f34335d01efb 6fa2ec535616e91b01dd90a8703985f6b42006dfb4d22206c20731f76965069a
SERVER_HANDSHAKE_TRAFFIC_SECRET 81bd6be02de3fc65a2f7a22692123d2c15f80ad72ce20c77e7b7f34335d01efb 34a16b82424443ea7eea9de4ffa5fd3e8c1147eee45e2b85e823aa5586850b5d
CLIENT_TRAFFIC_SECRET_0 81bd6be02de3fc65a2f7a22692123d2c15f80ad72ce20c77e7b7f34335d01efb d86b3e2505d0ffd1ef5cc6f48111916979f356c64671557121aeadb2d9fb6ed0
SERVER_TRAFFIC_SECRET_0 81bd6be02de3fc65a2f7a22692123d2c15f80ad72ce20c77e7b7f34335d01efb 68700db27152afa49324b57300e857a519964950731fa9bfaad84471932d92d6
EXPORTER_SECRET 81bd6be02de3fc65a2f7a22692123d2c15f80ad72ce20c77e7b7f34335d01efb 4a063908b30eb4c34b28faf67115c1bcebfab73ed2649bb788b9a5b5e37aaf2f
CLIENT_HANDSHAKE_TRAFFIC_SECRET cb2ff43f12acca94b3fb093925b9a9345181fcdb0e34f7dcabd1d6ff94e5f18f 98c2446dc8b7f8b6b4a61480792ca90d4e593099272e3c2ca2f17f055c0faff5
SERVER_HANDSHAKE_TRAFFIC_SECRET cb2ff43f12acca94b3fb093925b9a9345181fcdb0e34f7dcabd1d6ff94e5f18f cbfde8e627eddfeb2a6ee2ba4224627f9774dbdb6b8579bbae6e5e97ae6dd3a5
CLIENT_TRAFFIC_SECRET_0 cb2ff43f12acca94b3fb093925b9a9345181fcdb0e34f7dcabd1d6ff94e5f18f 32e0c1214e766dd66b96eec81d020c7f92cef51876c2f1e1732f11cdebf060ab
SERVER_TRAFFIC_SECRET_0 cb2ff43f12acca94b3fb093925b9a9345181fcdb0e34f7dcabd1d6ff94e5f18f 602661c52fe469735167e0ae22408e603d91295114c98d3dba7eaa3da20f504a
EXPORTER_SECRET cb2ff43f12acca94b3fb093925b9a9345181fcdb0e34f7dcabd1d6ff94e5f18f e455eddca749a4ea15be5f91942dc214c1148bd1e81648e4c3f7dbb212cedae5
CLIENT_HANDSHAKE_TRAFFIC_SECRET 1c522ec7d53afa46ecacb2d6bae4cf1cff1327fd466821e5d14608bcfe546001 2f2aa7049984fb7639d0be78da795e11b744abe668c0e87045cb928168b81f40
SERVER_HANDSHAKE_TRAFFIC_SECRET 1c522ec7d53afa46ecacb2d6bae4cf1cff1327fd466821e5d14608bcfe546001 d64087fbb5a688233437ea4f38cc1aed963a69f1a5c03a9bc75f3ec45e443706
CLIENT_TRAFFIC_SECRET_0 1c522ec7d53afa46ecacb2d6bae4cf1cff1327fd466821e5d14608bcfe546001 856e8a0f26402c65aab2bf1d76198032a67daa6a4af6e4a43ac6bfa57c493d90
SERVER_TRAFFIC_SECRET_0 1c522ec7d53afa46ecacb2d6bae4cf1cff1327fd466821e5d14608bcfe546001 b813b2550ecce9abd74e62518873b6302ac30c59a264a9ae2d531f1260f6d1c2
EXPORTER_SECRET 1c522ec7d53afa46ecacb2d6bae4cf1cff1327fd466821e5d14608bcfe546001 d91774eddaf0925384db0d667107cc53d2a4d4c44a7b108769025a955302a1e1
CLIENT_HANDSHAKE_TRAFFIC_SECRET 66f25169d81fd2d3cd445fedb363a6988ef60cbb7b83b5de244f38e83f996758 e31dd85490dd010d23ac6c9b3843bb641c175c7e38be9a2b1a7e1abb9a2c88c7
SERVER_HANDSHAKE_TRAFFIC_SECRET 66f25169d81fd2d3cd445fedb363a6988ef60cbb7b83b5de244f38e83f996758 b50f8e9d61c14d7734ac3c64f1f446da95b76d45cfc751de3915ddf833c16416
CLIENT_TRAFFIC_SECRET_0 66f25169d81fd2d3cd445fedb363a6988ef60cbb7b83b5de244f38e83f996758 bf8fca087aacba0c34d257c0527a658d2b74af8eea9159fdd351025313a57798
SERVER_TRAFFIC_SECRET_0 66f25169d81fd2d3cd445fedb363a6988ef60cbb7b83b5de244f38e83f996758 ce7a30ad781a932686abfc2b01d3c3a4c44d520826dbf137e494879d693f59eb
EXPORTER_SECRET 66f25169d81fd2d3cd445fedb363a6988ef60cbb7b83b5de244f38e83f996758 57149806ce53f18b03526381fa541736545047b8cc918b3389368e35476d05ea
CLIENT_HANDSHAKE_TRAFFIC_SECRET 15799ce26491c344bf34b1ebea86b5d030069db49889041a1408328986875978 66764cf2c030d5470f7e0b396aad2de3c28874d2de7e812ef391c9b8d095f0eb
SERVER_HANDSHAKE_TRAFFIC_SECRET 15799ce26491c344bf34b1ebea86b5d030069db49889041a1408328986875978 790d115d161a0e998bf48dd6ffceaf76d7415860bb8ef0851cda29d5ad50a4c6
CLIENT_HANDSHAKE_TRAFFIC_SECRET 3506c93dcde8c7697dadc366ec07bfc6cff93db740a0722097364b8db85d252c 53bfa8c6fdcfc0664cb1fc7fa49c3fc85185db430f9e28cfbe6986e3dba2bb1e
SERVER_HANDSHAKE_TRAFFIC_SECRET 3506c93dcde8c7697dadc366ec07bfc6cff93db740a0722097364b8db85d252c 8d4cfda604aecb533089e03142b475925d42fce5211c17f7b800aeaf7446907e
CLIENT_TRAFFIC_SECRET_0 15799ce26491c344bf34b1ebea86b5d030069db49889041a1408328986875978 d01f91fa89d5288ea49e9924e27cd574d3e3cfe70603ce01250c649417669e56
SERVER_TRAFFIC_SECRET_0 15799ce26491c344bf34b1ebea86b5d030069db49889041a1408328986875978 dff2fedba2f383f337cfe520c29a43365eb606cdbc3d7a44ad8a40ccfefcd91d
EXPORTER_SECRET 15799ce26491c344bf34b1ebea86b5d030069db49889041a1408328986875978 1766aa8d663589bfdc0845bda1e5486d933d94c534cc1e2f4faf0dc98987e06b
CLIENT_TRAFFIC_SECRET_0 3506c93dcde8c7697dadc366ec07bfc6cff93db740a0722097364b8db85d252c 0f8e7a6e2c9196f478fb39cc7dd726c58d7b617ddaa1d84bcbb1e1895f4d2fb3
SERVER_TRAFFIC_SECRET_0 3506c93dcde8c7697dadc366ec07bfc6cff93db740a0722097364b8db85d252c 5b868489540051a7eb3a5031067796d68cb48ffe6a2b5ae7290ccfd8e321218c
EXPORTER_SECRET 3506c93dcde8c7697dadc366ec07bfc6cff93db740a0722097364b8db85d252c 4082756336944cb8fcb58824b89bb46e5b544084220b2d168127132d724d0357
CLIENT_HANDSHAKE_TRAFFIC_SECRET bd1c126ac9413aefcf052b058514d8c7961d8164505610ad209928e5446a9d83 dfc3adfb6f2cd3851961098b8219c5f2bc4ff597b4d4529f2eb86f78a41ed0ab
SERVER_HANDSHAKE_TRAFFIC_SECRET bd1c126ac9413aefcf052b058514d8c7961d8164505610ad209928e5446a9d83 b34ae964881060b4729342522cc6df64debdad55a81b8fec13a804d43001c73e
CLIENT_TRAFFIC_SECRET_0 bd1c126ac9413aefcf052b058514d8c7961d8164505610ad209928e5446a9d83 62b26e81d40ec22cca8cddfbeda89dc0375eea0e469731a4684058d4ed170f12
SERVER_TRAFFIC_SECRET_0 bd1c126ac9413aefcf052b058514d8c7961d8164505610ad209928e5446a9d83 06d5ea7f4052aa9ddf1ee9a7660b8c641f16018d162ae90113ac8a781c57636c
EXPORTER_SECRET bd1c126ac9413aefcf052b058514d8c7961d8164505610ad209928e5446a9d83 caa92bedf2fc44c1e0fd765547eaa3ca63cd4ef683dd24d3d9d47dbec8d6f3aa
CLIENT_HANDSHAKE_TRAFFIC_SECRET 06925dfaa37d66633b5e2c447fdd9be0c83d739765a6caf84429829295c59b81 305afe8679cfc94eae2398f39175a6d36836f4594d56bb060a742f1c96ba8066
SERVER_HANDSHAKE_TRAFFIC_SECRET 06925dfaa37d66633b5e2c447fdd9be0c83d739765a6caf84429829295c59b81 c7af641dd4f5a1be52757e0d7a37e1804aa35b8b8cca4fcbb4f0c2735e7936e1
CLIENT_TRAFFIC_SECRET_0 06925dfaa37d66633b5e2c447fdd9be0c83d739765a6caf84429829295c59b81 25051c7b07c8105b5d78d6f4bcbb576ac8360d54d24dc9cc2b2ad4d04a883cef
SERVER_TRAFFIC_SECRET_0 06925dfaa37d66633b5e2c447fdd9be0c83d739765a6caf84429829295c59b81 21319e45ce21270037fb325af2b3f759a48843a5597f3fcedfcd06bb054e285b
EXPORTER_SECRET 06925dfaa37d66633b5e2c447fdd9be0c83d739765a6caf84429829295c59b81 78c46a8710831625c89d2b54399e70830c8198b99739d5aea82c1f292d5ea7b0
CLIENT_HANDSHAKE_TRAFFIC_SECRET 8f5936e0eb4f6e0834962928219ca5b8280b0717c64c123c0a2c4e25d68d4d58 996865d503a1e65549739783255b40ba816f2749ab76e7ab910dc07cd2137a84
SERVER_HANDSHAKE_TRAFFIC_SECRET 8f5936e0eb4f6e0834962928219ca5b8280b0717c64c123c0a2c4e25d68d4d58 01b8c3be4faf01860d8b844946c1517a14f2c0205c7d941c14005354850c9300
CLIENT_HANDSHAKE_TRAFFIC_SECRET c0240a9d529891f485a32e54ac580c9b41a3fe4a9e202fa0e58c0a6949da33b5 f9697fd17321f4a01a9872a5b51a84b0d5403f43688d180899bf1e4aad3c727e
SERVER_HANDSHAKE_TRAFFIC_SECRET c0240a9d529891f485a32e54ac580c9b41a3fe4a9e202fa0e58c0a6949da33b5 13cc343123d4632ee329feb7d5d58479db47dd2a98cff148b108c0e96e1897f6
CLIENT_TRAFFIC_SECRET_0 8f5936e0eb4f6e0834962928219ca5b8280b0717c64c123c0a2c4e25d68d4d58 6595e75c52519d108df10b4556ff9eb95066d044e7eb82d209f49c0488fc6222
SERVER_TRAFFIC_SECRET_0 8f5936e0eb4f6e0834962928219ca5b8280b0717c64c123c0a2c4e25d68d4d58 3d97f6cca4e155d3069a93fe5f04b8581b549db429a990847cabd47a7b9e4daa
EXPORTER_SECRET 8f5936e0eb4f6e0834962928219ca5b8280b0717c64c123c0a2c4e25d68d4d58 8dc1a8ace550f8b66bd7add16ccdf7f14bc5a286918da551ef39688175c15737
CLIENT_TRAFFIC_SECRET_0 c0240a9d529891f485a32e54ac580c9b41a3fe4a9e202fa0e58c0a6949da33b5 e0ed37dfb1e749a8d5943e8cf475df764d73417e43ecadc04db00af59188181c
SERVER_TRAFFIC_SECRET_0 c0240a9d529891f485a32e54ac580c9b41a3fe4a9e202fa0e58c0a6949da33b5 1eca41069771d6398ad3bad4ba2fd855534cef1995ef4e7312a7ff93b6f98871
EXPORTER_SECRET c0240a9d529891f485a32e54ac580c9b41a3fe4a9e202fa0e58c0a6949da33b5 09562199a2c56c3e7ce33a894748d1ad7e546a54c219683ce9efe3cf71810411
CLIENT_HANDSHAKE_TRAFFIC_SECRET a536c7a9d87e36f96a8e29ef561794166c2bee5a688c48496f9a6ccf8524e1da 36af8401bf2db43aaac7bb5be3539776d6d4a83fd713abe9d6918602ab1f6444
SERVER_HANDSHAKE_TRAFFIC_SECRET a536c7a9d87e36f96a8e29ef561794166c2bee5a688c48496f9a6ccf8524e1da 14bbd4ad6bea66055bded2f5853ba716f16093b753884434ff0bb7bbfd1ee239
CLIENT_TRAFFIC_SECRET_0 a536c7a9d87e36f96a8e29ef561794166c2bee5a688c48496f9a6ccf8524e1da 56beab4a863ab16dd363ced80b77cb010d8679cd910cbbc48864b2dd142ee7a2
SERVER_TRAFFIC_SECRET_0 a536c7a9d87e36f96a8e29ef561794166c2bee5a688c48496f9a6ccf8524e1da a898ac09f0d25778537042a379415e0a942c38e39136ab5bf120cefd0405102c
EXPORTER_SECRET a536c7a9d87e36f96a8e29ef561794166c2bee5a688c48496f9a6ccf8524e1da 50730e3b736fdf387b8164e0c764a9951c5a1167e0398941ffb803e537faa6a1
CLIENT_HANDSHAKE_TRAFFIC_SECRET 05433626107abc7a4e91cad0f4c14c0f7e1416912352872dd9a96770219f15ac 42af5e2637508dc2ce9a4ba0e2450bc9e18018a1c1a2a0b962925fa370de0f48
SERVER_HANDSHAKE_TRAFFIC_SECRET 05433626107abc7a4e91cad0f4c14c0f7e1416912352872dd9a96770219f15ac 540b3c349fb1709dba9244141f7955e6a56d99fc83c23af8a65ebdb19f1cce4b
CLIENT_TRAFFIC_SECRET_0 05433626107abc7a4e91cad0f4c14c0f7e1416912352872dd9a96770219f15ac 7da9fa061f61003cd7fae5314690670d76f09b2632b938cd1548b2692e2c48a1
SERVER_TRAFFIC_SECRET_0 05433626107abc7a4e91cad0f4c14c0f7e1416912352872dd9a96770219f15ac 3871778515d0bc8aee56334b440afe61524f38e5e1196ae13c942ff8d71d5d29
EXPORTER_SECRET 05433626107abc7a4e91cad0f4c14c0f7e1416912352872dd9a96770219f15ac 346a88dfde56820b6346bcf4753a01c06aa6c3e3cdd07f56c6bfc6a1c2909daf
CLIENT_HANDSHAKE_TRAFFIC_SECRET 24674655eb1f33d68a6223c6074c9f61f9248eca171fdc421d5e35b7d42aea66 1a27fce5e2166c0f8e4f7e343bfa120ca3843af03c8ff8fa7470dc2ec8860ea8
SERVER_HANDSHAKE_TRAFFIC_SECRET 24674655eb1f33d68a6223c6074c9f61f9248eca171fdc421d5e35b7d42aea66 4008e2eae76826d35b6a23c4fa85a73137b64f8176b502b30aa881aa3ea100a5
CLIENT_HANDSHAKE_TRAFFIC_SECRET 345cae40e81c70ab75f4ca653991a54808f808eb54d18db08260abbc7e12dc1d 8e086e79fd696576c13b2764d135162dcc83274faea763222f406140600c5baf
SERVER_HANDSHAKE_TRAFFIC_SECRET 345cae40e81c70ab75f4ca653991a54808f808eb54d18db08260abbc7e12dc1d 3acb1a359c389f95d865b2fb36c73ff7bf02aba75cb0517b5f7a0e97ef212bdb
CLIENT_TRAFFIC_SECRET_0 24674655eb1f33d68a6223c6074c9f61f9248eca171fdc421d5e35b7d42aea66 15fe8ebbc7a42b69a51ba3c6ee6534cea0eb93cadbde4de88c19269453fb75ee
SERVER_TRAFFIC_SECRET_0 24674655eb1f33d68a6223c6074c9f61f9248eca171fdc421d5e35b7d42aea66 28ee0b5ecc0d91b09704b45109a56472b831e83fc845014450bd3ef2e9709fa0
EXPORTER_SECRET 24674655eb1f33d68a6223c6074c9f61f9248eca171fdc421d5e35b7d42aea66 d90b8236371419563ac72e70229885f04a7ddb0c6294c3ef61977512e35538f0
CLIENT_TRAFFIC_SECRET_0 345cae40e81c70ab75f4ca653991a54808f808eb54d18db08260abbc7e12dc1d 18427e5bffb6df65861036bc3e124933d02e4e7cbf15a2ffc45c70b33f76f08a
SERVER_TRAFFIC_SECRET_0 345cae40e81c70ab75f4ca653991a54808f808eb54d18db08260abbc7e12dc1d 8cddea669879f5a2fdc0af379b6d4c83e8ec0d19bc9fec8e3c3728fa1414a1bc
EXPORTER_SECRET 345cae40e81c70ab75f4ca653991a54808f808eb54d18db08260abbc7e12dc1d d49cbd5c53e8dd1222f8831c26151987436c579fc1ba618da4492ae804a6db15
CLIENT_HANDSHAKE_TRAFFIC_SECRET bc264b6478e5373cf99f82378ac36d75fdb0281efba56ed45444fd79707a83fd 308538ebc90a0ab0c09cbb8b17d8b8faba0b76eb3c52201760dd1e8951cea85e
SERVER_HANDSHAKE_TRAFFIC_SECRET bc264b6478e5373cf99f82378ac36d75fdb0281efba56ed45444fd79707a83fd 7d53c38b88c0a49b2b7f24324568c064258f8aac7d04384db9e9fbb0f95b7638
CLIENT_TRAFFIC_SECRET_0 bc264b6478e5373cf99f82378ac36d75fdb0281efba56ed45444fd79707a83fd 8ce8972945a6a771c6676d1706df0aa3cbe1222c6bcee320c6092cd6a892547b
SERVER_TRAFFIC_SECRET_0 bc264b6478e5373cf99f82378ac36d75fdb0281efba56ed45444fd79707a83fd 8372981fd0ae573b01317bdc2379102e0d1d7887287c2e87568e0a1f0b827a94
EXPORTER_SECRET bc264b6478e5373cf99f82378ac36d75fdb0281efba56ed45444fd79707a83fd f740e2c5da10fec90b9243fb92e9f6b5c23d7317b78e51157744ef575aee0c4c
CLIENT_HANDSHAKE_TRAFFIC_SECRET 75f46ca41679d648fc37d796613036fcd57a140217d8d32cc4ad3fca6482656b 2c523924e33859cf0c1a5803b47ff024cfc7cc79b11516fa6886d5f17c72016f
SERVER_HANDSHAKE_TRAFFIC_SECRET 75f46ca41679d648fc37d796613036fcd57a140217d8d32cc4ad3fca6482656b ffba9562a67f8ad477758e7fb9449aba1f98b48298f7a55663ed5289ab3d895e
CLIENT_TRAFFIC_SECRET_0 75f46ca41679d648fc37d796613036fcd57a140217d8d32cc4ad3fca6482656b ee5175b2f8f56ebab19d4dea97bd28de4dbb54c46aad192af3965d6787796574
SERVER_TRAFFIC_SECRET_0 75f46ca41679d648fc37d796613036fcd57a140217d8d32cc4ad3fca6482656b 3c9c12edc400d4a628c9302d1dfbc1d3cf25ee7ad73d8d0855adbed256bdb537
EXPORTER_SECRET 75f46ca41679d648fc37d796613036fcd57a140217d8d32cc4ad3fca6482656b cfa502fd7eb0f16080d464f11b8a3053f823689813e18ad09ea04246d876a9af
CLIENT_HANDSHAKE_TRAFFIC_SECRET 9886debdcbe69a12b6514cbbf8b9a62be375be05247a52152f16e5819fd3fbd0 144942b7ddc5587db2146d4a29d3e65bdfc2f07accddb0cb487ca808214070df
SERVER_HANDSHAKE_TRAFFIC_SECRET 9886debdcbe69a12b6514cbbf8b9a62be375be05247a52152f16e5819fd3fbd0 bc3e03a0a26a3f27733ed2885d9dda9820ba5fe71424011db9203c9026703f9d
CLIENT_TRAFFIC_SECRET_0 9886debdcbe69a12b6514cbbf8b9a62be375be05247a52152f16e5819fd3fbd0 ae1301a80bd1ccfd56ed9df875f77e54d6de5014c9fec9b3a3433f508e7e87f5
SERVER_TRAFFIC_SECRET_0 9886debdcbe69a12b6514cbbf8b9a62be375be05247a52152f16e5819fd3fbd0 c360ef81fd363ecb6259096e035a7d327237fcd693ae98a72bfb5038fe1ded82
EXPORTER_SECRET 9886debdcbe69a12b6514cbbf8b9a62be375be05247a52152f16e5819fd3fbd0 625dc3d705568a8c566241384add5455a0f9b9cbd8e1805c90c01c43d83e75ad
CLIENT_HANDSHAKE_TRAFFIC_SECRET 01522ac73e5025604211522f0d10a0bb3f639c4da06ae1645abd653a73fbeec2 48c1c9567dd138697d068fa1b7e8e6158f93dd41bf9e8770a9862b497e183556
SERVER_HANDSHAKE_TRAFFIC_SECRET 01522ac73e5025604211522f0d10a0bb3f639c4da06ae1645abd653a73fbeec2 07c85c50410fba91bd1fb33a10714cd9a3e24802870aab25b48859f4d8a3226a
CLIENT_TRAFFIC_SECRET_0 01522ac73e5025604211522f0d10a0bb3f639c4da06ae1645abd653a73fbeec2 d1eefcdc399a3fbb0dd9464106118675eac953eb0b90182792e36cee3c5442a4
SERVER_TRAFFIC_SECRET_0 01522ac73e5025604211522f0d10a0bb3f639c4da06ae1645abd653a73fbeec2 dd50db88a1198a00f5d7d95ddeb26f280e69780f0dfa09c31f42f2c1a9a275cc
EXPORTER_SECRET 01522ac73e5025604211522f0d10a0bb3f639c4da06ae1645abd653a73fbeec2 c4e32d7ba39622e944ce5baf9cf4ae33d194eae59a8523415b6f37b44d42b866
CLIENT_HANDSHAKE_TRAFFIC_SECRET 0fb3a80a95e969cec20d671c33cd17b5d3dd96c2b5de9ee2452b835a77f2ec60 ce932d0afb405485f34e6b12d15431fa5ce7c53cb3bf51e27add16075747f01b
SERVER_HANDSHAKE_TRAFFIC_SECRET 0fb3a80a95e969cec20d671c33cd17b5d3dd96c2b5de9ee2452b835a77f2ec60 bc4120f548e530c7e0523cfd19fd58dfb55c0a4fe92042d71088d890fb095e72
CLIENT_TRAFFIC_SECRET_0 0fb3a80a95e969cec20d671c33cd17b5d3dd96c2b5de9ee2452b835a77f2ec60 25558e316088f21ac0f8d136cd8a6c70e89a02c2dfc92306bc3c486b753c2660
SERVER_TRAFFIC_SECRET_0 0fb3a80a95e969cec20d671c33cd17b5d3dd96c2b5de9ee2452b835a77f2ec60 2d78eed17b11c988f09cfe1948c78d4fe82618a3bf60e6415fba375823cb5d78
EXPORTER_SECRET 0fb3a80a95e969cec20d671c33cd17b5d3dd96c2b5de9ee2452b835a77f2ec60 c27df928dcd89b8cf8ecbcfb34d634c511c1954d32657175c145c3ee72bcb00c
CLIENT_HANDSHAKE_TRAFFIC_SECRET 0cb95731734c291e25f110338df85c5dc9ce20721f1319fcdff7b2df5476ad25 d9ff1bcc045963269de42c66a1a2eae62832f74b9ebfb4463f368b2af30b670e
SERVER_HANDSHAKE_TRAFFIC_SECRET 0cb95731734c291e25f110338df85c5dc9ce20721f1319fcdff7b2df5476ad25 079f713df129259707c407234e60a77b6db5d558a337ba6e6cfb7f9204228ecc
CLIENT_TRAFFIC_SECRET_0 0cb95731734c291e25f110338df85c5dc9ce20721f1319fcdff7b2df5476ad25 bcf0d748bbdd4a292a2c476ccd808d6873e71d2c5f380731a0e0a028acf709c9
SERVER_TRAFFIC_SECRET_0 0cb95731734c291e25f110338df85c5dc9ce20721f1319fcdff7b2df5476ad25 da4d344f911705a3b059c518056e8a47f4b91106150d6d22974b93d652dc8e01
EXPORTER_SECRET 0cb95731734c291e25f110338df85c5dc9ce20721f1319fcdff7b2df5476ad25 73eff4750d1a9b095371593df0416bd93b82a6036cae6a26a8de291ee93be185
CLIENT_HANDSHAKE_TRAFFIC_SECRET 7f914a7cbb53513ab22c75a169f756e4455ccff234b932a1f26e654cb0411d89 3f219a8e439d0cf38bd63a79bdfed80e7eb7f5917d5edb3155b2ab9187c9b6e1
SERVER_HANDSHAKE_TRAFFIC_SECRET 7f914a7cbb53513ab22c75a169f756e4455ccff234b932a1f26e654cb0411d89 605100bf2695fe9b21e193c9d121d866e81624785a372a4b357bdf6a0c5efc85
CLIENT_TRAFFIC_SECRET_0 7f914a7cbb53513ab22c75a169f756e4455ccff234b932a1f26e654cb0411d89 330a9ad26494bd00da43d53a54323926c4c8a49ed1113ef58e88cfb67a66d993
SERVER_TRAFFIC_SECRET_0 7f914a7cbb53513ab22c75a169f756e4455ccff234b932a1f26e654cb0411d89 192a058bf771e3e63052f1480d098f01b34c0ac4794293cd238e0d635e1a3597
EXPORTER_SECRET 7f914a7cbb53513ab22c75a169f756e4455ccff234b932a1f26e654cb0411d89 78bb74a33332dd7a8d0c607c872e27659eb7eaa545197c5e49497f3cb8252c85
CLIENT_HANDSHAKE_TRAFFIC_SECRET 5fbda9c16a87a182dda2d05479ba1d7ba897c78761d41d155f1b78f6a6001a9f 4b532610eb51406fe5e3c448e15fe273cf69dec05341e260c66d4d0566c55e35
SERVER_HANDSHAKE_TRAFFIC_SECRET 5fbda9c16a87a182dda2d05479ba1d7ba897c78761d41d155f1b78f6a6001a9f dc5b4bcf74a7cd39c872ff665649e1930bdbe09e640e7b0b2bf52200ff58f3d1
CLIENT_TRAFFIC_SECRET_0 5fbda9c16a87a182dda2d05479ba1d7ba897c78761d41d155f1b78f6a6001a9f d06c10fe388118da42867c12dbc0a39baf785f73979377c1f39b2273da1b13c7
SERVER_TRAFFIC_SECRET_0 5fbda9c16a87a182dda2d05479ba1d7ba897c78761d41d155f1b78f6a6001a9f 4147667884bc3a82e03f3602db0ec9a7affc7387e9aae2a9714d6ad306c988bd
EXPORTER_SECRET 5fbda9c16a87a182dda2d05479ba1d7ba897c78761d41d155f1b78f6a6001a9f ce5ae2cc8f952ab04d8db6a6bb396dfe344baa376799b8e2a421d1ef07524968
CLIENT_HANDSHAKE_TRAFFIC_SECRET ea665c3a48f7b4c6bca29756459b3119a7a8e7f1e0fedb201169e815641e8f13 ae10a8d4aab47d6d7375baa8a74cd51d005562bd90285404b411ff8fe87fd3d7
SERVER_HANDSHAKE_TRAFFIC_SECRET ea665c3a48f7b4c6bca29756459b3119a7a8e7f1e0fedb201169e815641e8f13 852a660853e1d7828bfb40e7cc88f1cf9e1c148bb4818e0d161d0bb4d35b9ead
CLIENT_TRAFFIC_SECRET_0 ea665c3a48f7b4c6bca29756459b3119a7a8e7f1e0fedb201169e815641e8f13 9a7d73925792478a2d8fe98b51669d76dbbe8be5ed6389204c5d3eb212f2b456
SERVER_TRAFFIC_SECRET_0 ea665c3a48f7b4c6bca29756459b3119a7a8e7f1e0fedb201169e815641e8f13 a4fea83e1728c6756f98ff3502d395d62a628f9a9b7eb0af8e7e437b5530c2fd
EXPORTER_SECRET ea665c3a48f7b4c6bca29756459b3119a7a8e7f1e0fedb201169e815641e8f13 ea949d0c9de3f5d0d6d90dc685956b54640e7ac51be898158d02a178f2e491c2
CLIENT_HANDSHAKE_TRAFFIC_SECRET 5dfb782c297b0136bcdb98fcc775a3c5c27a4d12f17f16a6f5b7432d408bd25b 5a305af60667008dad7ad1a43759d198ed12fc7694e5e653820de30b97568e48
SERVER_HANDSHAKE_TRAFFIC_SECRET 5dfb782c297b0136bcdb98fcc775a3c5c27a4d12f17f16a6f5b7432d408bd25b 685746dca80666114df7eecfa08171fe6c29220559e7eabbfaaf103889da924f
CLIENT_TRAFFIC_SECRET_0 5dfb782c297b0136bcdb98fcc775a3c5c27a4d12f17f16a6f5b7432d408bd25b 40b4df801999a5ab1bb83459da6787832465b136b817e73bf2c9966314e403d5
SERVER_TRAFFIC_SECRET_0 5dfb782c297b0136bcdb98fcc775a3c5c27a4d12f17f16a6f5b7432d408bd25b 6e83adca04c58fda0e767377129c91133313770bfcc85ad70c72b764ccb897c4
EXPORTER_SECRET 5dfb782c297b0136bcdb98fcc775a3c5c27a4d12f17f16a6f5b7432d408bd25b 20c51562f338db4b2c22293d3445cc9e69ffae1416aa486aac7def6ac0c74b57
CLIENT_HANDSHAKE_TRAFFIC_SECRET 579ba476917b52cb4af9c1e53edc382e7d1877e794cd9dd21c25812e597bc2bd dcdd5168c103c8533454710187e40a0f683b32f97a24449f339ccea3fa48d811
SERVER_HANDSHAKE_TRAFFIC_SECRET 579ba476917b52cb4af9c1e53edc382e7d1877e794cd9dd21c25812e597bc2bd 431c99adcce98b357872c5bd12d0f61b239e82cc486ed421b176d697c77a56a8
CLIENT_TRAFFIC_SECRET_0 579ba476917b52cb4af9c1e53edc382e7d1877e794cd9dd21c25812e597bc2bd fc279ee3934020d7cea6c65e117b462bd37b94842ce5488c688d16a427b8323f
SERVER_TRAFFIC_SECRET_0 579ba476917b52cb4af9c1e53edc382e7d1877e794cd9dd21c25812e597bc2bd 2cd7fabc80e1b3c25787e6b04ac9ef44729a44be9163f09585d0702131ab7781
EXPORTER_SECRET 579ba476917b52cb4af9c1e53edc382e7d1877e794cd9dd21c25812e597bc2bd d93fad7fe512b08a13e7f2dc0e8ea007b89f2b8c28ed180987d37d23afa68f1d
CLIENT_HANDSHAKE_TRAFFIC_SECRET c52a937caf876782c531e3f8bc1bc40dd75253eac4ef45ee0261306638bef8e7 d3d3284250f8492fc8bc4fd661e7c0918c09272e4de8d744c7729f6e618999e3
SERVER_HANDSHAKE_TRAFFIC_SECRET c52a937caf876782c531e3f8bc1bc40dd75253eac4ef45ee0261306638bef8e7 e39a7ea08fecf1011c6bc4daf05b362aa78744c8342850990618607adab86ddc
CLIENT_HANDSHAKE_TRAFFIC_SECRET 6b91acc70b4dafbb997752aa98ffd1cfeb5d52d272a202f1fc36fdf798527a14 3328af9247bfe801dfaed6855db3b74496a7617de4ccb16a677e4599bbcd2739
SERVER_HANDSHAKE_TRAFFIC_SECRET 6b91acc70b4dafbb997752aa98ffd1cfeb5d52d272a202f1fc36fdf798527a14 688494e089c2344bc3ca497ebf653a4cb0bec1a541004b4ff8adfec408724f66
CLIENT_TRAFFIC_SECRET_0 c52a937caf876782c531e3f8bc1bc40dd75253eac4ef45ee0261306638bef8e7 be9922cf719bc280254a8d01f02ffb29aa1b43122479c7a40ff5a0b195e7f1ee
SERVER_TRAFFIC_SECRET_0 c52a937caf876782c531e3f8bc1bc40dd75253eac4ef45ee0261306638bef8e7 3c714029b3cb9acee91b66ac24551862e6b8fca51121cef4589f51f248d3dcd8
EXPORTER_SECRET c52a937caf876782c531e3f8bc1bc40dd75253eac4ef45ee0261306638bef8e7 21aa86d8b6d1a6d476db713f5ef2d177bb2039f74b86b0477aa8a8549333b278
CLIENT_TRAFFIC_SECRET_0 6b91acc70b4dafbb997752aa98ffd1cfeb5d52d272a202f1fc36fdf798527a14 f37fbb26b911ad1eb8f2ff2bf5f79aa39766a7f723cf8b9b556fc6a49771af10
SERVER_TRAFFIC_SECRET_0 6b91acc70b4dafbb997752aa98ffd1cfeb5d52d272a202f1fc36fdf798527a14 2dc00c12693d5dbf2b3fe617743a569549db8d5b926fa1b8e3cc43d3a905a2bb
EXPORTER_SECRET 6b91acc70b4dafbb997752aa98ffd1cfeb5d52d272a202f1fc36fdf798527a14 1d54804c71594fa720828f2ead31f3b938ef56ff0eae70c5e6a2ba372be33847
CLIENT_HANDSHAKE_TRAFFIC_SECRET dad0bab3c8e0e90ffc66fd19c9e61a8b55198ee704782910427725d4a23d0f55 2e689ccc18557f623581ec33bbf5f34867e85c54c5d6694031dddc96d080d6d2
SERVER_HANDSHAKE_TRAFFIC_SECRET dad0bab3c8e0e90ffc66fd19c9e61a8b55198ee704782910427725d4a23d0f55 1b3bb873934f8aa69aca4794f65e8aa29847eae3625dfdd04b0002c5127666a3
CLIENT_TRAFFIC_SECRET_0 dad0bab3c8e0e90ffc66fd19c9e61a8b55198ee704782910427725d4a23d0f55 b8ce2d4a9e9bb51a1ef674de8e1660ed499e3322a3ffa8e2715bc976879ae617
SERVER_TRAFFIC_SECRET_0 dad0bab3c8e0e90ffc66fd19c9e61a8b55198ee704782910427725d4a23d0f55 a490eafa866b1ab2b8789932c3463ce27debce6a14bc7cc97fb2ece10a6107fd
EXPORTER_SECRET dad0bab3c8e0e90ffc66fd19c9e61a8b55198ee704782910427725d4a23d0f55 76d1b3197d20fdd310ab90f3b054b0d020be891faa9a6c88d606fff3e5e3d4c5
CLIENT_RANDOM cb3ec174be0b91d0f304aa6c7010dfdb5c17c7226ee5121b709e55fa1bc19a47 d10106883dc71e5971ba67b2d78c7f87ef95992a019cd5bcee44cc2be7bbbb74920ddb01c0ec908477405f4b2435ab42
CLIENT_RANDOM c9cf75a2c0d74be33238fb9c15bc9efc0d0177f94f525f9d823861fda2a3d5f4 8d73d8ebaf599ec1cac3c3e2f49035a4d66663da8e98ecee80f1d6447fedf0eb56633e63ee5fc0a3f2401082762bdc96
CLIENT_RANDOM 8f4275d597c55436f5780b1ee107dbb92df49f9f25c321e7e19d855024688d26 30c245258501d7f6ba0b73506629a78411945a8c3125d6373358eff33acfa2a7d0e77a90841da3ecc6140d4df106d46a
CLIENT_RANDOM 119aa0f83e98ba262187b28035778ac0e58c53052a0d0cad0af4488ce5e1df11 33c555b47ae61e415fdefd192de7120dc1563f68a62e3a93462eae217facc32607314ce07e78538de726d92fcf88a7c9
CLIENT_RANDOM 4944db31c50b74dd55a61b4d2f85f5fb65cef7c4f4766d7cfd832edbc0be6efb c9979404b03b6b85e324a9dd8f5cd01f86067556a644317966e3490590657324d11afd8d17fc933c0045346c3e85c4b1
CLIENT_HANDSHAKE_TRAFFIC_SECRET eb627431ba9b0d4448488ded7ab92f144a5a8ca35ac6e7a0b2300c2ad36ec9d7 d7dd9848b17365b5c5771a6477b0b1e409b488065f6bbbea0aac68413dd46981
SERVER_HANDSHAKE_TRAFFIC_SECRET eb627431ba9b0d4448488ded7ab92f144a5a8ca35ac6e7a0b2300c2ad36ec9d7 06b92cb30a2043f1632857e12fec50089be87dad991fcca8fde7e435f0a44332
CLIENT_HANDSHAKE_TRAFFIC_SECRET fb814285d0aedea11f69e30f679bcf54e26f0899125291e3c4981b89374506da eff7ed3c50a71f08bd8791e99a278984fbc3541f9e91e5ac5ef6f6a58b0b851a
SERVER_HANDSHAKE_TRAFFIC_SECRET fb814285d0aedea11f69e30f679bcf54e26f0899125291e3c4981b89374506da 2b074e7fc2e1feff74c6315694133d0ddbcbe633364fdf6a49b17a3675d60ab8
CLIENT_HANDSHAKE_TRAFFIC_SECRET 17fd5b988d2bd53f3570bc19b802b762278d0bee674a96fe3500956e0adaef76 6726830a86aa8061204592ccbbe32cbb60b0241df1ff770ecbd28e0e286f1e82
SERVER_HANDSHAKE_TRAFFIC_SECRET 17fd5b988d2bd53f3570bc19b802b762278d0bee674a96fe3500956e0adaef76 ef97397e783dbbed3e3e66e896fada38ed917e43fee67dba1250f513cfbb1e33
CLIENT_HANDSHAKE_TRAFFIC_SECRET 4cb2a47399cf961e723d41cd5fff1f7701ec223a5f8ebebf1afa30f5a9cd0c00 24160d5d3fc5c13dfeefabeaa2cda180a94965c4eb71eb3461bd0d4f800da5fd
SERVER_HANDSHAKE_TRAFFIC_SECRET 4cb2a47399cf961e723d41cd5fff1f7701ec223a5f8ebebf1afa30f5a9cd0c00 b06c62fd57c68278724862c0bee3b6eeb3b237f0761f2b3161d6488e1ac70080
CLIENT_HANDSHAKE_TRAFFIC_SECRET 2abe941e4830422280870978a9e49d549474a8318acb92f5b5a5b138d566f6e2 4fb202b3b8309bcdcd05464f584709729c7c9827fd43e7a0f7c66e2aaf29d691
SERVER_HANDSHAKE_TRAFFIC_SECRET 2abe941e4830422280870978a9e49d549474a8318acb92f5b5a5b138d566f6e2 b55a63a01d018ab81519fbd8bc619b3e5b7bf6f1208003ee6cad5152c5fe1fe5
CLIENT_TRAFFIC_SECRET_0 eb627431ba9b0d4448488ded7ab92f144a5a8ca35ac6e7a0b2300c2ad36ec9d7 a2ef4a74616ccb82c9ef9f36589523265776cdea9f52828e111b5a821620c019
SERVER_TRAFFIC_SECRET_0 eb627431ba9b0d4448488ded7ab92f144a5a8ca35ac6e7a0b2300c2ad36ec9d7 77b0086e6dd016259f67b23a8db13faaf40be7c3fe8ac66099aedb2141eb68a7
EXPORTER_SECRET eb627431ba9b0d4448488ded7ab92f144a5a8ca35ac6e7a0b2300c2ad36ec9d7 7783a36b719b4b54fa0b1df9bf7db1165693825403ece006853c8aef643ff6eb
CLIENT_TRAFFIC_SECRET_0 17fd5b988d2bd53f3570bc19b802b762278d0bee674a96fe3500956e0adaef76 306e3e19700de38f89ad42d208250e614e3d0c23d77070e2a9542db50eb2f3c1
SERVER_TRAFFIC_SECRET_0 17fd5b988d2bd53f3570bc19b802b762278d0bee674a96fe3500956e0adaef76 4782d9d9888a064c533e763a00ce3f9808464589926222e758c283a2312e2d24
EXPORTER_SECRET 17fd5b988d2bd53f3570bc19b802b762278d0bee674a96fe3500956e0adaef76 9ec830f369e403b62c2e1aff530de2c7b39d1019a23497858b7fba92ebee8c14
CLIENT_TRAFFIC_SECRET_0 4cb2a47399cf961e723d41cd5fff1f7701ec223a5f8ebebf1afa30f5a9cd0c00 f8797a8392e47fa1e329b7b8231b4cf98d8842a9f35f4a33a1287400af2319f9
SERVER_TRAFFIC_SECRET_0 4cb2a47399cf961e723d41cd5fff1f7701ec223a5f8ebebf1afa30f5a9cd0c00 84ddfa991a170d17b24825f84bd635024baf64c55ae2305eec6379717689efd6
EXPORTER_SECRET 4cb2a47399cf961e723d41cd5fff1f7701ec223a5f8ebebf1afa30f5a9cd0c00 19345027998452aec84d82e0193166690e6b794626fcbb0fb9dc11d06b6c3a9f
CLIENT_TRAFFIC_SECRET_0 2abe941e4830422280870978a9e49d549474a8318acb92f5b5a5b138d566f6e2 5e5330ee1267a003d858d6de10c6ee7ab6047e4188bb84a4e0b11a3630fb57ed
SERVER_TRAFFIC_SECRET_0 2abe941e4830422280870978a9e49d549474a8318acb92f5b5a5b138d566f6e2 990ca6be339f1febdaaa9a2862af1ed5a7443cd46c949ff5ded32cef18ed0fe0
EXPORTER_SECRET 2abe941e4830422280870978a9e49d549474a8318acb92f5b5a5b138d566f6e2 0b1a4bccf7a1d7d3c6415074296a2a1954a4c898fa537ca532ddfd7d90e2b42f
CLIENT_HANDSHAKE_TRAFFIC_SECRET 135c324e5e7f82d02bd8a0cbb1702a7e04557e729c72fedd9fb94ef007f4913c 99aa6397592f077919b12d98ba1600b5d89b333e29211b4a3ec2a077f0a6d81e
SERVER_HANDSHAKE_TRAFFIC_SECRET 135c324e5e7f82d02bd8a0cbb1702a7e04557e729c72fedd9fb94ef007f4913c 81f872ad410eaaadef7b70c2940ea68c36b275f5a970d7cc30541be009309b34
CLIENT_TRAFFIC_SECRET_0 fb814285d0aedea11f69e30f679bcf54e26f0899125291e3c4981b89374506da 3d879996199cfcc3c631d0c36d62acdc6c76fc9afa81bdd61ab827e11b1fd7f3
SERVER_TRAFFIC_SECRET_0 fb814285d0aedea11f69e30f679bcf54e26f0899125291e3c4981b89374506da 73ca4fd52ae0918007aea7f23e94f4bd04e64d693d407a20bf07138201b60c04
EXPORTER_SECRET fb814285d0aedea11f69e30f679bcf54e26f0899125291e3c4981b89374506da aa49275f832b7598d1ed3a6bb2905cdf1337b058f618b6c263f5e6ab4e195b05
CLIENT_TRAFFIC_SECRET_0 135c324e5e7f82d02bd8a0cbb1702a7e04557e729c72fedd9fb94ef007f4913c 3cf71953513a00a360a4464547bb6a3dc52dfa19fed54dee1127b9b170ef73de
SERVER_TRAFFIC_SECRET_0 135c324e5e7f82d02bd8a0cbb1702a7e04557e729c72fedd9fb94ef007f4913c c6b84bd7151b56eb5d41fc86fec6c39fade1fefda762de54c0ce42698149c143
EXPORTER_SECRET 135c324e5e7f82d02bd8a0cbb1702a7e04557e729c72fedd9fb94ef007f4913c 3375c57825017d83919bf3ed61892dd98c0872e8fb78ddd4d50136d103683eaf
CLIENT_HANDSHAKE_TRAFFIC_SECRET 963eda45d73ff05f0fe2a5978067a58d795ddda8a6fcaffecb9e849314e9131a 1e5c37cefac2af3c53d169ce3a08e21e649e4b8ff5f053bfff14260c98fdd5e2
SERVER_HANDSHAKE_TRAFFIC_SECRET 963eda45d73ff05f0fe2a5978067a58d795ddda8a6fcaffecb9e849314e9131a b639837be01a2294d6ca23c03619aea72124bf29ea93e7a5cb898b8ca3e595c6
CLIENT_HANDSHAKE_TRAFFIC_SECRET 443557658914837cc8ef32e4bc5219f46bc58b0d447b6a78e135126f4c5a0e78 acd5f14ca166984a3fc78fb5736d6164165d346242a54aa83b1dc4ba119c43d9
SERVER_HANDSHAKE_TRAFFIC_SECRET 443557658914837cc8ef32e4bc5219f46bc58b0d447b6a78e135126f4c5a0e78 20d5472f144cd6bfb47da78b8026c970b1a35d9ff2ab9037904640ee4ecee9bf
CLIENT_HANDSHAKE_TRAFFIC_SECRET 2fa0a8209bd42f9ceb5332b675df3ce2d4ffe888e983662490944f3d79b7c18e df8c060f8805228375ad8efbb49dfc1963024f21b0817c68e5608c7bfa3fab05
SERVER_HANDSHAKE_TRAFFIC_SECRET 2fa0a8209bd42f9ceb5332b675df3ce2d4ffe888e983662490944f3d79b7c18e 607768492f6d7a27d462cfe068ef99e8129032a87e8b2f1918319394bd9963f0
CLIENT_HANDSHAKE_TRAFFIC_SECRET 16756425fe6c3eb8137f7c1acde9d17a048b7257643e129b78462c117bacea7c 24a01d61b130bb5ff0eba7d36ad0467aada5fd5ab709a27c89359db8d1b4f897
SERVER_HANDSHAKE_TRAFFIC_SECRET 16756425fe6c3eb8137f7c1acde9d17a048b7257643e129b78462c117bacea7c deb588679550548ad9c987d37ce759184a336c53f0c6ce58d1b7730e8402993e
CLIENT_HANDSHAKE_TRAFFIC_SECRET 49661bfb1a8c169ede8d75fb401df616c750c5c9f2615b286e22a1edf2933b00 6ff724c5fb9d86bf02e867ecf6b2b58aa3e77a486a6152d1c0018f5a00de9798
SERVER_HANDSHAKE_TRAFFIC_SECRET 49661bfb1a8c169ede8d75fb401df616c750c5c9f2615b286e22a1edf2933b00 eb9fba4ac8c404dab2915c87d013f64f3ec1db1eebf2c19eb2cfcaa616b92a72
CLIENT_TRAFFIC_SECRET_0 2fa0a8209bd42f9ceb5332b675df3ce2d4ffe888e983662490944f3d79b7c18e 0ed53b7007e36f51f1b1f5444c7a4d034c7bee0e8a8769bbfa93be3ec9c146a1
SERVER_TRAFFIC_SECRET_0 2fa0a8209bd42f9ceb5332b675df3ce2d4ffe888e983662490944f3d79b7c18e 6627f1321c645e4692569bf5c6b255a2d9a047f53de5998e1e0c17120c6785bb
EXPORTER_SECRET 2fa0a8209bd42f9ceb5332b675df3ce2d4ffe888e983662490944f3d79b7c18e 324853324c87d4e74f019076d8a1a18c52ecb717da08cae4f36076bb96656cec
CLIENT_TRAFFIC_SECRET_0 49661bfb1a8c169ede8d75fb401df616c750c5c9f2615b286e22a1edf2933b00 6f38c3eada4a51a7cf6f6ec8b916b49461c30a5c2eeafa8be1d7d32a5e994f9c
SERVER_TRAFFIC_SECRET_0 49661bfb1a8c169ede8d75fb401df616c750c5c9f2615b286e22a1edf2933b00 e242acdb64b7fd141429ba618f39aadba9104d88b437217f29ccb2eeae92b7fb
EXPORTER_SECRET 49661bfb1a8c169ede8d75fb401df616c750c5c9f2615b286e22a1edf2933b00 334ddf0d940da44e439db116ab6a73f04a1064c1c726928902f0c8f5b41e3134
CLIENT_TRAFFIC_SECRET_0 16756425fe6c3eb8137f7c1acde9d17a048b7257643e129b78462c117bacea7c 51dbb822e51393edebd7f676e8a959c65a367c2fe9dcead0c38a6c2d8d6d6742
SERVER_TRAFFIC_SECRET_0 16756425fe6c3eb8137f7c1acde9d17a048b7257643e129b78462c117bacea7c 17ec1eaec4b11bc180dd313a008f357f569b2eeef9694072c94dfe493d517002
EXPORTER_SECRET 16756425fe6c3eb8137f7c1acde9d17a048b7257643e129b78462c117bacea7c 50e93cf81f0dbe265779516f4c88adfadcaa5b9c723a1a9316b63f3bd724e708
CLIENT_HANDSHAKE_TRAFFIC_SECRET 6cc814dbe22d11645d7c7370cda687ce3435cf99618172b78d6b96900bf8798d b1ae34e6916ac59a28961310c2f30eee2c3f61385df277d3308fc4788723d080
SERVER_HANDSHAKE_TRAFFIC_SECRET 6cc814dbe22d11645d7c7370cda687ce3435cf99618172b78d6b96900bf8798d c7858ec79885f612901a44a924aede6184f1a80900f545fb2e969e9ddcaa73ab
CLIENT_TRAFFIC_SECRET_0 6cc814dbe22d11645d7c7370cda687ce3435cf99618172b78d6b96900bf8798d d496bd2bd55a126677e2c14fedbc2212ea3e8e12c0991ae2e930e9d86a792d9e
SERVER_TRAFFIC_SECRET_0 6cc814dbe22d11645d7c7370cda687ce3435cf99618172b78d6b96900bf8798d 4f243e668eeacca4bf7cc0e3e581c080fccf9b9f68f9254ab874fb5a6d6d4abd
EXPORTER_SECRET 6cc814dbe22d11645d7c7370cda687ce3435cf99618172b78d6b96900bf8798d c77c4ab28b55456c6de4821886fd338bc55f3d8eb3353945151588bd0d9f92e6
CLIENT_HANDSHAKE_TRAFFIC_SECRET c1444b75c7fcf6dc983ec892d6ef66ecd8ca41faff213274d289bfc5015b8878 687bfcbe17282032d2110518d9b867f36e6f18fc6bc8760c67c4aec40f9cd61a
SERVER_HANDSHAKE_TRAFFIC_SECRET c1444b75c7fcf6dc983ec892d6ef66ecd8ca41faff213274d289bfc5015b8878 6a603ba2c1955662532ec0fd431ac556572e85c27de5ad7428de8d86229cafe7
CLIENT_TRAFFIC_SECRET_0 c1444b75c7fcf6dc983ec892d6ef66ecd8ca41faff213274d289bfc5015b8878 f4313f2f0fbca6281dc4057340be037f3b2c64ae909e84e49e6b6949a12f17ce
SERVER_TRAFFIC_SECRET_0 c1444b75c7fcf6dc983ec892d6ef66ecd8ca41faff213274d289bfc5015b8878 c62366f579c712fe4b94ee338b6156b8f5832017ccc385400c61339ef36775c0
EXPORTER_SECRET c1444b75c7fcf6dc983ec892d6ef66ecd8ca41faff213274d289bfc5015b8878 fa4ad12eb53dd3aa58cb71034592bad98cd408fab521d85cf7a7422fb95e810e
CLIENT_HANDSHAKE_TRAFFIC_SECRET ebf3b589483c2e0c3839b66191ad42b50a5385b98ecdf45977a5242aa40c68a7 5cfe857105fdcedfa3c08ccf716115f12b14b7575a2f0b0a36b29f39809785b8
SERVER_HANDSHAKE_TRAFFIC_SECRET ebf3b589483c2e0c3839b66191ad42b50a5385b98ecdf45977a5242aa40c68a7 1ecbc1176617c7396e0fcee8d68c8d82c8e76bbd27db24ab8cd0fab6ac31e5a1
CLIENT_HANDSHAKE_TRAFFIC_SECRET 5d0c125fb9994d32118cfd929150846fffc4535cb2749418be1e1f10d1bae684 80bb16111d5151da1bee7448ffd8fad0672599e7dc5d749d0a972aba9f867896
SERVER_HANDSHAKE_TRAFFIC_SECRET 5d0c125fb9994d32118cfd929150846fffc4535cb2749418be1e1f10d1bae684 b6405205dad5b535121fc8188d851a8ac30ec7934482c8b9a80ac8c4630d8c72
CLIENT_HANDSHAKE_TRAFFIC_SECRET 7cd87a7edf53042540f72193f79484620f9f63ae1a44b93d89add5254ac77a1d bcfd85a8b9d491cf81aa9ffbc2db5d1f9d1dfc1aca5662deec0ed5253ab40ce8
SERVER_HANDSHAKE_TRAFFIC_SECRET 7cd87a7edf53042540f72193f79484620f9f63ae1a44b93d89add5254ac77a1d 71d586ee3550fde5aea492bbc522b93daf76cbc573197133f0b0e1ea851c9dcb
CLIENT_HANDSHAKE_TRAFFIC_SECRET 0ac49566c72ccafcde3133aca1df8b60ad568f05cbfc611a335f4176ae1a72ea a299be6a7775d421bbdc7c45caeca8491df7f73eee1916ed18f8ba0f1c1e53d1
SERVER_HANDSHAKE_TRAFFIC_SECRET 0ac49566c72ccafcde3133aca1df8b60ad568f05cbfc611a335f4176ae1a72ea ff3d828c9f971153bbde73b0cd6fa51607924a09ae023288df93ebbbd9be4a8e
CLIENT_HANDSHAKE_TRAFFIC_SECRET a370ab447ed4c66debc2f6bfb94366bd0a349ce585de31f0cc7055c7d2099a36 ac9e0cb11b8436700a00f5a34f37ebb7fab0439813367db2cc02f8434bce297a
SERVER_HANDSHAKE_TRAFFIC_SECRET a370ab447ed4c66debc2f6bfb94366bd0a349ce585de31f0cc7055c7d2099a36 1cfe0e46fd15273cf852383ec7e2604e2e21226c769988eef419162d5856e5e2
CLIENT_HANDSHAKE_TRAFFIC_SECRET 3aff1bb689cdbc7b45bef80526c88bbdf02781ad9bc17d5ce64cb27e19006900 51cf55fb88a7f6e7989aef27323b8ee1c260cf5513452ba1849f331e50ff3da5
SERVER_HANDSHAKE_TRAFFIC_SECRET 3aff1bb689cdbc7b45bef80526c88bbdf02781ad9bc17d5ce64cb27e19006900 e213d0dbe0f4cff149d68e906335df1e18ddea40f459a77cc165c5ce9dfd26e1
CLIENT_TRAFFIC_SECRET_0 ebf3b589483c2e0c3839b66191ad42b50a5385b98ecdf45977a5242aa40c68a7 3563d20e430a2f2d02bed305e57ba543f05e663acb445a9c577a7d7ab1ffb539
SERVER_TRAFFIC_SECRET_0 ebf3b589483c2e0c3839b66191ad42b50a5385b98ecdf45977a5242aa40c68a7 a42ea6bb1611ce19f0d46c7e6f037dac3471e82d02e7999d75a55b7cbc27255c
EXPORTER_SECRET ebf3b589483c2e0c3839b66191ad42b50a5385b98ecdf45977a5242aa40c68a7 804f4fd0f5c13fad343a9e0daa6e7e487da8fcb2f556a3be665ea8033a672a86
CLIENT_TRAFFIC_SECRET_0 7cd87a7edf53042540f72193f79484620f9f63ae1a44b93d89add5254ac77a1d fd4a1aaf6eaf5109a268cea6ba8de49a3d08ecde206b6a844f45cc5552ad4ecb
SERVER_TRAFFIC_SECRET_0 7cd87a7edf53042540f72193f79484620f9f63ae1a44b93d89add5254ac77a1d ef837c9aac610663ccfd33e175bff4c22f1018931ba9584016b38ba3ec2a9aa6
EXPORTER_SECRET 7cd87a7edf53042540f72193f79484620f9f63ae1a44b93d89add5254ac77a1d ee7a426bf4406aea0944e269fcc558ec7f6f94b4cc5bf7557de305453939eb94
CLIENT_TRAFFIC_SECRET_0 a370ab447ed4c66debc2f6bfb94366bd0a349ce585de31f0cc7055c7d2099a36 d7064f5ca0dff2b4caefb52427a0e9016fdbd96c4a99b92aa97d24050514c1f3
SERVER_TRAFFIC_SECRET_0 a370ab447ed4c66debc2f6bfb94366bd0a349ce585de31f0cc7055c7d2099a36 436457d725007d648298d366288dbe94e2a4f601a0571a511ea7b350d2ffefc0
EXPORTER_SECRET a370ab447ed4c66debc2f6bfb94366bd0a349ce585de31f0cc7055c7d2099a36 2cdb516f94b1013ef08cdaef8af77bdde94a49c3d7ab30c1d368176864f4207b
CLIENT_TRAFFIC_SECRET_0 0ac49566c72ccafcde3133aca1df8b60ad568f05cbfc611a335f4176ae1a72ea 52e29341160ef9892055ee9b11ed56e0857ac6e0fb3346c670c3f593b0ad0a31
SERVER_TRAFFIC_SECRET_0 0ac49566c72ccafcde3133aca1df8b60ad568f05cbfc611a335f4176ae1a72ea b1eabb3699f128a8b939b8db991b309103ae833b86043b3d877ac8c5a285f9e7
EXPORTER_SECRET 0ac49566c72ccafcde3133aca1df8b60ad568f05cbfc611a335f4176ae1a72ea 5f46d793b9843cb30be6a861712c2b5138bd65afe4cd775ed08df530f881056a
CLIENT_TRAFFIC_SECRET_0 5d0c125fb9994d32118cfd929150846fffc4535cb2749418be1e1f10d1bae684 05d7fc32e6fe877669588ded645437d33b5829d961629b8b0b2e0bc16556149d
SERVER_TRAFFIC_SECRET_0 5d0c125fb9994d32118cfd929150846fffc4535cb2749418be1e1f10d1bae684 a07a6dd1124d0ff0727abb269466cff90a88cce2c274661fabce86ed6c245bba
EXPORTER_SECRET 5d0c125fb9994d32118cfd929150846fffc4535cb2749418be1e1f10d1bae684 0417b19790a8901e8dddbe3fbe067ea7080bb5e6a8d20f6f7816ec2371e5cdeb
CLIENT_TRAFFIC_SECRET_0 3aff1bb689cdbc7b45bef80526c88bbdf02781ad9bc17d5ce64cb27e19006900 bd67f07ed091b7a4f91cb6fd0658ac2b79b8f896affa49a1e12feb1043ad55c9
SERVER_TRAFFIC_SECRET_0 3aff1bb689cdbc7b45bef80526c88bbdf02781ad9bc17d5ce64cb27e19006900 4f24d91cd37fc9ec26c896dd37b682cb91794269b69c5c8e0ae022ba2c7a0734
EXPORTER_SECRET 3aff1bb689cdbc7b45bef80526c88bbdf02781ad9bc17d5ce64cb27e19006900 6e28fcd12c42e4fe06b5d3308c9ff29660ec5c135cd8d41b7f49715cf605b23d
CLIENT_HANDSHAKE_TRAFFIC_SECRET c88fdf529fbb321f02d3653041ff2847c43344faae62cb976656a20de3c144e9 58dbca504846e9c4c7ca50284a7f23009120c47d96e523ff2b4ff39903754f66
SERVER_HANDSHAKE_TRAFFIC_SECRET c88fdf529fbb321f02d3653041ff2847c43344faae62cb976656a20de3c144e9 810d4e7afd52cd9e2876e6ab1ff0318048599c2a3f57c5ef84e32977189db5ee
CLIENT_TRAFFIC_SECRET_0 c88fdf529fbb321f02d3653041ff2847c43344faae62cb976656a20de3c144e9 538b90bc8c86a1ebce9347ffd779041a9997f891028a61142449479170a717a1
SERVER_TRAFFIC_SECRET_0 c88fdf529fbb321f02d3653041ff2847c43344faae62cb976656a20de3c144e9 7797244b749137cf47d3586eb4c3455271f6be11c47285016bba7ffd3c0c4ada
EXPORTER_SECRET c88fdf529fbb321f02d3653041ff2847c43344faae62cb976656a20de3c144e9 d754c3f108b9aaec618874e6d3f77288a9ee5d227639a57d9244ab268b9a7b4c
CLIENT_HANDSHAKE_TRAFFIC_SECRET af74083a62b80a23a0afda9719455b5293c3c4e84459a9091b71fb3c6fa9f169 a1ba1afe0760889a57372557fb932026ea0f4aba970111f75d36a6f4068840ed
SERVER_HANDSHAKE_TRAFFIC_SECRET af74083a62b80a23a0afda9719455b5293c3c4e84459a9091b71fb3c6fa9f169 e562fe7b4aa073c2ddb786e38d213bb8030b6a61f653326317e282e40daed68e
CLIENT_HANDSHAKE_TRAFFIC_SECRET 40a0140ef0caaf40792a7a729eddd52afc03f274c5b563786875f960024d40f1 dbe1d6e48928ea4fb8f500fe160186188d96bf3ffa6aed6196a166a831214987
SERVER_HANDSHAKE_TRAFFIC_SECRET 40a0140ef0caaf40792a7a729eddd52afc03f274c5b563786875f960024d40f1 e6e54878821a671c21d6b4604d68ff9fd3024b4fe58af476638f450a9221a608
CLIENT_TRAFFIC_SECRET_0 af74083a62b80a23a0afda9719455b5293c3c4e84459a9091b71fb3c6fa9f169 ac4ec6ed789eee79108aa3d12cc41694ad8b10472ebf040514dfe51e80062a9a
SERVER_TRAFFIC_SECRET_0 af74083a62b80a23a0afda9719455b5293c3c4e84459a9091b71fb3c6fa9f169 1b46804c5c289c198536cd2613bd379578ee8ee85d431fe44181ae1c72d36200
EXPORTER_SECRET af74083a62b80a23a0afda9719455b5293c3c4e84459a9091b71fb3c6fa9f169 6022d91edb2cf1c0ff9fc5386a8ab2e46339f083577366f1ede398af00c1445f
CLIENT_TRAFFIC_SECRET_0 40a0140ef0caaf40792a7a729eddd52afc03f274c5b563786875f960024d40f1 498b4d29caf897ddc459396e9a49062e07ff2a90a50b6db8003abfada5345b47
SERVER_TRAFFIC_SECRET_0 40a0140ef0caaf40792a7a729eddd52afc03f274c5b563786875f960024d40f1 1684d762a749baecd8a81477f86ef5639277cfae30d8fa839d52d46ad90ef717
EXPORTER_SECRET 40a0140ef0caaf40792a7a729eddd52afc03f274c5b563786875f960024d40f1 e60c7a6ba4d68bbe75a7a158521f4e39d5463be1743f6e974b930d3533cff900
CLIENT_HANDSHAKE_TRAFFIC_SECRET 3140377720ac5546d18e225e8d3f976dc1cd799d0bbd1daaff27f421eeab1c13 eea0467da7484ace64dc4f7757bbd963d3fa7304dc89dc8e71819174ed9e3eab
SERVER_HANDSHAKE_TRAFFIC_SECRET 3140377720ac5546d18e225e8d3f976dc1cd799d0bbd1daaff27f421eeab1c13 14755bc0af33a0594b3b1977fe50e9ba6b9e53e939e01ce69462dd47589e1a20
CLIENT_TRAFFIC_SECRET_0 3140377720ac5546d18e225e8d3f976dc1cd799d0bbd1daaff27f421eeab1c13 e3ecd1034053e829672872b06e2d1a41d7498a7a441325e0d110d268dddb438e
SERVER_TRAFFIC_SECRET_0 3140377720ac5546d18e225e8d3f976dc1cd799d0bbd1daaff27f421eeab1c13 a93505e548cdd90dc4301221c20d4c0bd8d55cb641d9da74e75fa6744375307c
EXPORTER_SECRET 3140377720ac5546d18e225e8d3f976dc1cd799d0bbd1daaff27f421eeab1c13 ffcbe5c308931344077564bb268045ed7e1a0f240887e2cb8810b4fa1378f53a
CLIENT_HANDSHAKE_TRAFFIC_SECRET 0afea9a438fa650fbbf656d17d2954e5fa70c3e9924c4dbd6ee77100f1d2debe 00093b2a9c30d8a2e198a2c6f66fc37d01c651c6a51c7d67317fab02696ad441
SERVER_HANDSHAKE_TRAFFIC_SECRET 0afea9a438fa650fbbf656d17d2954e5fa70c3e9924c4dbd6ee77100f1d2debe 36d031eb5ee8d027ab34df110e49d7eba267d3e1d78159cf8554336650e68874
CLIENT_HANDSHAKE_TRAFFIC_SECRET 411be5d6984adaa93e12d2ea2bbedc4d8ad573db90275469cf27519e74b7f29f c788c354880ec31a090f65feca768da08998c8941a47cd7aebb7bd78f07b50d8
SERVER_HANDSHAKE_TRAFFIC_SECRET 411be5d6984adaa93e12d2ea2bbedc4d8ad573db90275469cf27519e74b7f29f 883603487f7dafb802a02a8957cd0a62f2c6a55e43f503fd44e8a6226b29166e
CLIENT_TRAFFIC_SECRET_0 411be5d6984adaa93e12d2ea2bbedc4d8ad573db90275469cf27519e74b7f29f c0e0b3c406ce751a60ca8b2833c923491c81a47c9ccdcfad955c2367d55347df
SERVER_TRAFFIC_SECRET_0 411be5d6984adaa93e12d2ea2bbedc4d8ad573db90275469cf27519e74b7f29f 8b912c544dda2f1ea94274c3323576fded08ced9f1177aa682abc2316cb952bc
EXPORTER_SECRET 411be5d6984adaa93e12d2ea2bbedc4d8ad573db90275469cf27519e74b7f29f f2a8da410733b02050c23f45d141589f6124d2cfad7a1318aa5827c30b689c72
CLIENT_TRAFFIC_SECRET_0 0afea9a438fa650fbbf656d17d2954e5fa70c3e9924c4dbd6ee77100f1d2debe b1354daa62f360e1c74dcc9eb38b083ab3d91633e4366b28a386631217a1eca3
SERVER_TRAFFIC_SECRET_0 0afea9a438fa650fbbf656d17d2954e5fa70c3e9924c4dbd6ee77100f1d2debe ecc589ae30189458adb9d3eca41ae2b1a93d4be23b00b5519dc6025cb07e5045
EXPORTER_SECRET 0afea9a438fa650fbbf656d17d2954e5fa70c3e9924c4dbd6ee77100f1d2debe f85a6e51b27fac037b92305c9c767fc5205898270d8cf1bbc20f07a65d22d76a
CLIENT_HANDSHAKE_TRAFFIC_SECRET 5ab6b68b195cd4c9ef780b219d5922a73fb255e9413958a950fe35ee0f698237 fe88c81bf53283647f85128179b1397f82dce2d8ccec28b6f8adf9e2e10defe5
SERVER_HANDSHAKE_TRAFFIC_SECRET 5ab6b68b195cd4c9ef780b219d5922a73fb255e9413958a950fe35ee0f698237 70c6a5e1b70f16ea8577fd96ef5e32c3c2721e474317ab640a636964d65d945b
CLIENT_TRAFFIC_SECRET_0 5ab6b68b195cd4c9ef780b219d5922a73fb255e9413958a950fe35ee0f698237 8f5cf2b324dd4f36a62d4b7c0e4fd0d152c1f57f430f668db50f66cddf3c8143
SERVER_TRAFFIC_SECRET_0 5ab6b68b195cd4c9ef780b219d5922a73fb255e9413958a950fe35ee0f698237 9f9b8f58b8630e4c05cab1079a3e861ffaba9add57d3ff5333503a93cba6a8f8
EXPORTER_SECRET 5ab6b68b195cd4c9ef780b219d5922a73fb255e9413958a950fe35ee0f698237 bc5d76851f644e3440f596fed2e7d97a613801e3b04609450eef025f54c9ae7e
CLIENT_HANDSHAKE_TRAFFIC_SECRET 6227d777d474ea869e769016e440733790d63d17071f40434ce76ed4e6480eae 39ddca16d3af39c65e177ea3a303dda3cc55245d8753be0f92ca2199644c604a
SERVER_HANDSHAKE_TRAFFIC_SECRET 6227d777d474ea869e769016e440733790d63d17071f40434ce76ed4e6480eae 61712436bb2df8cec4c24b295c441e33f1d0141b8ce03bdee794c89ab5f2c775
CLIENT_TRAFFIC_SECRET_0 6227d777d474ea869e769016e440733790d63d17071f40434ce76ed4e6480eae 32eb27076ab2f2fcb7a271f734779e5d923c45045deeb0bfaa039540b9fa3a6e
SERVER_TRAFFIC_SECRET_0 6227d777d474ea869e769016e440733790d63d17071f40434ce76ed4e6480eae 727b2d9a024a4c5321fc2b9fac7a259a8ef06bacea5511d0d548aa657f4a51c3
EXPORTER_SECRET 6227d777d474ea869e769016e440733790d63d17071f40434ce76ed4e6480eae 2853a7161add6a78666a4c5b092d616fa892da29afcf892dbeca76490062dbf5
CLIENT_EARLY_TRAFFIC_SECRET 8bff2e9772b22443167499eb0cb80ecac9709c649e8a94190b4820ad36ea299b 191c930430d813e11540996f2ed70b637f1722104d025530dedbd7f39acb1855
EARLY_EXPORTER_SECRET 8bff2e9772b22443167499eb0cb80ecac9709c649e8a94190b4820ad36ea299b b7be5704f62965c645c0d0afe29d830e2ce34bb20383df6c566281c388eb4986
CLIENT_HANDSHAKE_TRAFFIC_SECRET 8bff2e9772b22443167499eb0cb80ecac9709c649e8a94190b4820ad36ea299b f0c7be45b830ddc118ed0db66058a9c96d2a5f623e899644710ca19a9472475f
SERVER_HANDSHAKE_TRAFFIC_SECRET 8bff2e9772b22443167499eb0cb80ecac9709c649e8a94190b4820ad36ea299b 61f9eea4526a597c379bd58e7fdf13d345ae94c136f6f677c858220373f0b996
CLIENT_TRAFFIC_SECRET_0 8bff2e9772b22443167499eb0cb80ecac9709c649e8a94190b4820ad36ea299b 0c518faeef7699e276a9a63c4938f104e848b2b348776f0b2540b9b2465931c5
SERVER_TRAFFIC_SECRET_0 8bff2e9772b22443167499eb0cb80ecac9709c649e8a94190b4820ad36ea299b 5a5126cfd8193260e83e4880211b3aff6f36e27b80fa58d62a3a77f133f3aba2
EXPORTER_SECRET 8bff2e9772b22443167499eb0cb80ecac9709c649e8a94190b4820ad36ea299b b226def0c3de645137eacf2b773a4e830abfaae8b662acf5ede9a5eda9bb79b7
CLIENT_HANDSHAKE_TRAFFIC_SECRET ae47175e8f06d04b51c1f0e0b7dd8ee544d001dbb879f283566ba9529dadab10 f2ccee32081e0e5ff199ada4b1e228159873039f6f80a5f171ac626ef48a445b
SERVER_HANDSHAKE_TRAFFIC_SECRET ae47175e8f06d04b51c1f0e0b7dd8ee544d001dbb879f283566ba9529dadab10 018a132692aeb72e2b84fd185184cb9a34343d8595b83ba7d9f33b5c95ea99ee
CLIENT_HANDSHAKE_TRAFFIC_SECRET 7a6d70da3236acdd4313032d1a51bc54075f28362fe24945f01561af6d83eef3 df7889ff7f068d425b7b4fe163792a0483086698f0d9b3223c4abfa48644cb7a
SERVER_HANDSHAKE_TRAFFIC_SECRET 7a6d70da3236acdd4313032d1a51bc54075f28362fe24945f01561af6d83eef3 190a15d5c7c672a4aa2ba3fe765a088be30ed20d11e9213426572f68478c6afb
CLIENT_TRAFFIC_SECRET_0 7a6d70da3236acdd4313032d1a51bc54075f28362fe24945f01561af6d83eef3 9eabf3cb18b0b99e2a5289f01ec6358f8933f804d80d2a03e1daf11ecdf59e0d
SERVER_TRAFFIC_SECRET_0 7a6d70da3236acdd4313032d1a51bc54075f28362fe24945f01561af6d83eef3 27774d380109f3773c7a4a49c992944fd29db9b138fbd8f8b8649c7179f2abf3
EXPORTER_SECRET 7a6d70da3236acdd4313032d1a51bc54075f28362fe24945f01561af6d83eef3 30bea332136dcecaf5366ece30c135da12c628de77a356a4e7f7247e89c6ae7d
CLIENT_TRAFFIC_SECRET_0 ae47175e8f06d04b51c1f0e0b7dd8ee544d001dbb879f283566ba9529dadab10 5437335f06a1164d6f374529c0c794954405269f46352a563cf75749c7dd9c38
SERVER_TRAFFIC_SECRET_0 ae47175e8f06d04b51c1f0e0b7dd8ee544d001dbb879f283566ba9529dadab10 43f04af73d1ba36000834bfed8c00214fd2670c24264661a6a083a937ff1fd93
EXPORTER_SECRET ae47175e8f06d04b51c1f0e0b7dd8ee544d001dbb879f283566ba9529dadab10 71bf0daf3ab8228bc701150310855353be2fef13d6e878a2cc5a8afb590c9dad
CLIENT_HANDSHAKE_TRAFFIC_SECRET 9f25ca3ea32360d18e8ed1620499f4f72e989ee0660894a1973213631601968c 2713d7afbf82358c2f0cb034167bba81b418aab3d19e1ba4bbca7a02f29de961
SERVER_HANDSHAKE_TRAFFIC_SECRET 9f25ca3ea32360d18e8ed1620499f4f72e989ee0660894a1973213631601968c d54a4e1faa76b8b1f0000713e52c852739ef9ba94f5d8cd42155265851c9df06
CLIENT_TRAFFIC_SECRET_0 9f25ca3ea32360d18e8ed1620499f4f72e989ee0660894a1973213631601968c f0e22314968fc23a5232c0e693c34ac7ca218b4881c77fd766f11fb5e16d4f8b
SERVER_TRAFFIC_SECRET_0 9f25ca3ea32360d18e8ed1620499f4f72e989ee0660894a1973213631601968c f3c8c0be05c748f4f913a85ac654e965a667aac04c4973c3df9ea4d5c68af6ae
EXPORTER_SECRET 9f25ca3ea32360d18e8ed1620499f4f72e989ee0660894a1973213631601968c bb93b387c742b317263c20ba3a734b87bd2988babb660e26a3b7f3fa6ceaea54
CLIENT_HANDSHAKE_TRAFFIC_SECRET 41d967f31b9b49e1303725c6ab39f7dd09a2aa5c2676ec6be076994a0497e303 1d77bb93a8d5b383f0e03b9e434429d2b1c2ac0b3fb4b6c45e2ba6c0abf6b38c
SERVER_HANDSHAKE_TRAFFIC_SECRET 41d967f31b9b49e1303725c6ab39f7dd09a2aa5c2676ec6be076994a0497e303 dc1e236a828278508995d0bbdacd465665625495379147f2767d84f32ba03594
CLIENT_EARLY_TRAFFIC_SECRET 57f0e37cc211f7ac525064c5ee8f4c3273e12136112c50ea7ffe70d6dd739a5e 09c53b5297931efc93bbfdf78265d6d8821d309be8af6cd288d5e2ac0d7c45b4
EARLY_EXPORTER_SECRET 57f0e37cc211f7ac525064c5ee8f4c3273e12136112c50ea7ffe70d6dd739a5e 567456b8bfb34d4b0ac1eb409c8ed529db396baa40a0a27aa42a912d89afc2b0
CLIENT_TRAFFIC_SECRET_0 41d967f31b9b49e1303725c6ab39f7dd09a2aa5c2676ec6be076994a0497e303 e09511d300b5481857e5459fdc74a8ab8c7cff5a64a9c87628b181c077019384
SERVER_TRAFFIC_SECRET_0 41d967f31b9b49e1303725c6ab39f7dd09a2aa5c2676ec6be076994a0497e303 3725c37cfc1a94b5fc6846d4a7dfb109954ca035ea4163c2d8d1f37900dd94eb
EXPORTER_SECRET 41d967f31b9b49e1303725c6ab39f7dd09a2aa5c2676ec6be076994a0497e303 77705156770c2948ba8d6ccf4e50c2d653aa63c03a9a7980383f8af8bf10e790
CLIENT_HANDSHAKE_TRAFFIC_SECRET 57f0e37cc211f7ac525064c5ee8f4c3273e12136112c50ea7ffe70d6dd739a5e 3b9935d6b00b66b5083efea57d3ba847b8abb1195c7291ac570c17c67eb687e9
SERVER_HANDSHAKE_TRAFFIC_SECRET 57f0e37cc211f7ac525064c5ee8f4c3273e12136112c50ea7ffe70d6dd739a5e 9dc4b6126d525bca0b440c4d86ec496546e2c26cf9cc33b420c64b60947e575f
CLIENT_TRAFFIC_SECRET_0 57f0e37cc211f7ac525064c5ee8f4c3273e12136112c50ea7ffe70d6dd739a5e 23e2dc0e735fcab790a735cce88a98f39306b667b85c4564503765ab0d592151
SERVER_TRAFFIC_SECRET_0 57f0e37cc211f7ac525064c5ee8f4c3273e12136112c50ea7ffe70d6dd739a5e e0beccaf408e5aabf7b6691b5d2f7f731e0778ec740d982d3dc8184f84364470
EXPORTER_SECRET 57f0e37cc211f7ac525064c5ee8f4c3273e12136112c50ea7ffe70d6dd739a5e 17949c9c279636d6c95653d4c2acd2e745c7e30613142a276f43b95e0a1e97a6
CLIENT_HANDSHAKE_TRAFFIC_SECRET 0d637d27f9aa5dd67dbdd581dd67a81ca09a9c16be5f6a5deff13a97fcc45ab6 e944eb3d0370fbc524158e249e56662595a8fafded867b77f41b505424538bb7
SERVER_HANDSHAKE_TRAFFIC_SECRET 0d637d27f9aa5dd67dbdd581dd67a81ca09a9c16be5f6a5deff13a97fcc45ab6 df7976ded3c8314a3db7a3b305ce3b09761c4626919e42df2f643c4e56dff823
CLIENT_TRAFFIC_SECRET_0 0d637d27f9aa5dd67dbdd581dd67a81ca09a9c16be5f6a5deff13a97fcc45ab6 c321a8e5d5d4200e55d2537648e0dd629f3f3f6189d680aae70f526101b93cd6
SERVER_TRAFFIC_SECRET_0 0d637d27f9aa5dd67dbdd581dd67a81ca09a9c16be5f6a5deff13a97fcc45ab6 67d796479edd2f78a00a80b61c2b3847c0c04f68b1daa6b2c73295b3aa421c5e
EXPORTER_SECRET 0d637d27f9aa5dd67dbdd581dd67a81ca09a9c16be5f6a5deff13a97fcc45ab6 fccec06b632d793a360e67bd6c8c960abec44a60ed77d2af6d8824d055230a49
CLIENT_RANDOM 2965f4ead54a8ce9f6e40dad88dccba1447578aa50e0ebc8920dd8628ed1e6ff b2cf5871f9d32b52296fd8b5d20ddba4add4967fd7a26b1ecdb14360f88cbebec21b3855f785dcccab5a761a8425a61d
CLIENT_EARLY_TRAFFIC_SECRET 70bc12e14131908204a787e18a85239258a2a50cf900da9f799de860927c8c80 3643c40065ad240261d0e4a28c419a626081ee5197c078648211bd8aab4c1b47
EARLY_EXPORTER_SECRET 70bc12e14131908204a787e18a85239258a2a50cf900da9f799de860927c8c80 0ef70b0b0347600cde41f198c412be7b475287a014468282160a8c0ab129edaa
CLIENT_HANDSHAKE_TRAFFIC_SECRET c51f32104963ceb889d57ead96a1e75307162bae93a1681c1e635428d159ac9e 687973a418fb8ced69bafd8a911b558f6cf1b2249a709d7f64eea3b64b7cfc5f
SERVER_HANDSHAKE_TRAFFIC_SECRET c51f32104963ceb889d57ead96a1e75307162bae93a1681c1e635428d159ac9e 72975d52438125800cc1e2ab11363f1aff2eca6222f8fe8ef7f17dec5e41204d
CLIENT_HANDSHAKE_TRAFFIC_SECRET 70bc12e14131908204a787e18a85239258a2a50cf900da9f799de860927c8c80 fd205f62f742248ea98d600a12ed2c887b8e60d281b4d219082793fb81093004
SERVER_HANDSHAKE_TRAFFIC_SECRET 70bc12e14131908204a787e18a85239258a2a50cf900da9f799de860927c8c80 597b399705c38c2ca704b0464a846baa356311f3bf9feac8208496b70450df9b
CLIENT_TRAFFIC_SECRET_0 70bc12e14131908204a787e18a85239258a2a50cf900da9f799de860927c8c80 9c8851f6cdc9f2a5d51f981f203923db9d5e21c5772c445d2b4ffaff1444a358
SERVER_TRAFFIC_SECRET_0 70bc12e14131908204a787e18a85239258a2a50cf900da9f799de860927c8c80 2e5760b1a218dd389b4abaeb78adacbee64005bb8c3863996344c52b893b36d7
EXPORTER_SECRET 70bc12e14131908204a787e18a85239258a2a50cf900da9f799de860927c8c80 7c5a686e8da753392a27fad4b16bb335efdf54fedf983de739cd7bce8f50acf0
CLIENT_TRAFFIC_SECRET_0 c51f32104963ceb889d57ead96a1e75307162bae93a1681c1e635428d159ac9e 4fc96255ed06a132b93144364c75c1e2fb32daa20edac858931fdabd14e2de06
SERVER_TRAFFIC_SECRET_0 c51f32104963ceb889d57ead96a1e75307162bae93a1681c1e635428d159ac9e 7e8dfd86f05be1ca777c989b2d4c732c95a0a80335415c590819f51edb6167a6
EXPORTER_SECRET c51f32104963ceb889d57ead96a1e75307162bae93a1681c1e635428d159ac9e 8dab20345e804811f0e86b75cd5b1f8227a6dce6ef7887680029c03569040831
CLIENT_HANDSHAKE_TRAFFIC_SECRET 81de48b2abf3750f801d7afc8de91a9b25c1c901bb3003b56b5323fb521fb2df 8886fbc8dd258f9ff653b78b7f9db38bf9db27e68921933a19eedc401915acfa
SERVER_HANDSHAKE_TRAFFIC_SECRET 81de48b2abf3750f801d7afc8de91a9b25c1c901bb3003b56b5323fb521fb2df 0315033e6647cf50337cab758f1f3976e376b365d5b9a8e1d846ab1422b6eecf
CLIENT_TRAFFIC_SECRET_0 81de48b2abf3750f801d7afc8de91a9b25c1c901bb3003b56b5323fb521fb2df c7de03a5fab7a5e54402c17bfd65d487c6a4618498a501f99ae65fcf3a869d19
SERVER_TRAFFIC_SECRET_0 81de48b2abf3750f801d7afc8de91a9b25c1c901bb3003b56b5323fb521fb2df 9a74cbac2f80bc9a99d5987416bed3141329c8e933835d0b534fa2049711ec08
EXPORTER_SECRET 81de48b2abf3750f801d7afc8de91a9b25c1c901bb3003b56b5323fb521fb2df 7e93a7ddd61e14fb5e41b078c58f1a05342b690a224af4a8aea90adc1cc6aa0c
CLIENT_EARLY_TRAFFIC_SECRET ebe2deae4d8f7c3f44fd7dbaefbc4a16700dfe8973206a87197ceaeea9d68bbb 7e0c9568eb190e8a663fb9294b4da2a6f12374f75d795bc560b5f037335a5ef6
EARLY_EXPORTER_SECRET ebe2deae4d8f7c3f44fd7dbaefbc4a16700dfe8973206a87197ceaeea9d68bbb 62825e0591b872ac8b7e298fc4dfb5910941355ccb57f04ffd9f0c7e9fa5b0c4
CLIENT_HANDSHAKE_TRAFFIC_SECRET ebe2deae4d8f7c3f44fd7dbaefbc4a16700dfe8973206a87197ceaeea9d68bbb 537ec6c6ad2165e6567318c0b69a0a9aa63e9949ffcdb3dfba1f9ba3afe6482a
SERVER_HANDSHAKE_TRAFFIC_SECRET ebe2deae4d8f7c3f44fd7dbaefbc4a16700dfe8973206a87197ceaeea9d68bbb 7db0b763c4a3af7b6483ebee40ca9e710a7924765ae169c08864c3b5ed435d20
CLIENT_TRAFFIC_SECRET_0 ebe2deae4d8f7c3f44fd7dbaefbc4a16700dfe8973206a87197ceaeea9d68bbb 9172063f7114f735f3faaa61f07973b4e4fc3428bb5ae1c75a89258c430d8ce9
SERVER_TRAFFIC_SECRET_0 ebe2deae4d8f7c3f44fd7dbaefbc4a16700dfe8973206a87197ceaeea9d68bbb 2cd9d2b36dcb1254a56aa0e588a71addd28ed47ee9cb3c1addfa245ee3edec16
EXPORTER_SECRET ebe2deae4d8f7c3f44fd7dbaefbc4a16700dfe8973206a87197ceaeea9d68bbb c52811aacc61d1da10a48515f38413be99fef17a88efa819ec3186177f48f44a
