# SSL/TLS secrets log file, generated by NSS
CLIENT_RANDOM fe149b3959683c81850911655a3552a29fa3a950dded9dccdae2e63c9b05ad17 4808f432e3041fad1d65ab432156500a86bccc9594a60adc59a0d908a30407cacfb71a318ecd243a1ab0c491904e2d20
CLIENT_RANDOM de33d177076792cdd22d33829ddec2ad4ef77a97b1e68b7e95af00c12b63192c 74cef440cb32f8c7367555fe8efafd0bbd91994d6299fe0ffc30153122a13fe497b5ef91735ca1996bd5e83a0cf4f9f1
CLIENT_HANDSHAKE_TRAFFIC_SECRET d1a1a6731d1184fcb412133944b0a74a1f133d36b1bb62f294e0f27a8e0152a6 ac4d8a9d0db8e486091f47901bdaff62f1d0e3228504b357f8899ba556b1d3f1
SERVER_HANDSHAKE_TRAFFIC_SECRET d1a1a6731d1184fcb412133944b0a74a1f133d36b1bb62f294e0f27a8e0152a6 116b461f49a2f8b7fa3b212c399c9b7f4cbf29e8498bcf7e6e9da494f7d7ce2e
CLIENT_TRAFFIC_SECRET_0 d1a1a6731d1184fcb412133944b0a74a1f133d36b1bb62f294e0f27a8e0152a6 656f63ac39aa476fbccc98b756d0fc12158efcd44fb8a4ce8078e73d5bf88523
SERVER_TRAFFIC_SECRET_0 d1a1a6731d1184fcb412133944b0a74a1f133d36b1bb62f294e0f27a8e0152a6 8a5e44181da04dcfac0d8c396cc55fe556e09f82420058255767249ae0680bae
EXPORTER_SECRET d1a1a6731d1184fcb412133944b0a74a1f133d36b1bb62f294e0f27a8e0152a6 3c86f03d0d1a4f4c46a6fdd3e0871f2b6472793282c4890abd27e52d9768d1e1
CLIENT_RANDOM e7b0696c7834a6278cf5ef3f446d004ed331c4e0a17a832f76a18c7419fd6993 d48b424b448210c26ea9d44a36e4db908e602fd9b0b4cfbadf6cd40a03f02f7c2a3300614c85f7bbb7aaa2d25ea44dbe
CLIENT_RANDOM cca8c00b44526c2f6ee5bf9820b0db2c036530e98c7b0f8d20b34eae6478ecbe 64437e86d8d1a6e80e4d942e2136d2886cfbe3c2f18e4084815d987431161cc616f12ec8678c7cd32016e20a303b37c8
CLIENT_HANDSHAKE_TRAFFIC_SECRET ea4d710d4041dbd027c8c67ddb72f5726512562736c699896e6d4b5053471d21 d770131cf0a8b4781c9373445694111f6b9808d956cccc6d701431c190e62d58
SERVER_HANDSHAKE_TRAFFIC_SECRET ea4d710d4041dbd027c8c67ddb72f5726512562736c699896e6d4b5053471d21 a68c6c699b548db9b6aa40d7c7d7b2fae9e415ec0a7721fde995c3a434df499b
CLIENT_TRAFFIC_SECRET_0 ea4d710d4041dbd027c8c67ddb72f5726512562736c699896e6d4b5053471d21 0f122f33c57d0fdc37affde9b6869d6697aaa33757acf8e59a83c46c6bef2145
SERVER_TRAFFIC_SECRET_0 ea4d710d4041dbd027c8c67ddb72f5726512562736c699896e6d4b5053471d21 1180582dfecd2f652ce4357904ed1f862b4190f8081c334b00113988fcddcaf6
EXPORTER_SECRET ea4d710d4041dbd027c8c67ddb72f5726512562736c699896e6d4b5053471d21 d5a7d332d2bcf4bf56a328cfe370a948dfb7f4c19308c9d053309ab783f6b41f
CLIENT_RANDOM df21eb8e5e3b777f50b9dc9252fcef87d3c749cf5ab67d07c57f8b171b1d98df a61c604229b1486a9a8b123f3cd5291a4b881aa0d2635207da967f20d8a7a0d1391f12404604dd66d594cfd62d8990bf
CLIENT_RANDOM 12071b04ba440c4d7e7a74041ffb4cff7a3b96aa6f14b99da73201df810db9b9 368c2aa7e87f20650b4215e3f3db6aa68a8e4dbb62e15d769f027fb4a4ac2a99a3fa85b1dbfd664f21f29392270de4d9
CLIENT_RANDOM c87ab9c6580e00b84188dff63691bf5f806adf8a67d23eb0461531fba2eda35d 4da3d6f27eb8a69e3dcde2501ba09d8a016d4945d64e3b1773080d1ad049063ff0ce36ff9c7f302ba3d1cfacecf8b096
CLIENT_RANDOM 8af3ce6381156d7cb0f94521949c53ee5a07b022117cf80fe3ecdeae8b781228 14dba8e6fce50adac2539e2b338c33ca191fc27f3d1fc8bfa50963ae3cb71b818d5bf8b5f5bc705d79c34e8a25ccff2f
CLIENT_HANDSHAKE_TRAFFIC_SECRET 01877ab89b0407e19c11393781acd070b30682771290f683e0941cb3c4648e2b 7ad7c82e1bdf1fb8a9e0b061ee4c13a0a6cdb99db0ebf38f8ba731d06d654250
SERVER_HANDSHAKE_TRAFFIC_SECRET 01877ab89b0407e19c11393781acd070b30682771290f683e0941cb3c4648e2b a8caf4f8357eafee590631753eb183720322b2ba6deca0ff90cb64ab6bc862d5
CLIENT_TRAFFIC_SECRET_0 01877ab89b0407e19c11393781acd070b30682771290f683e0941cb3c4648e2b 95d47b7165aa131ddd0acc6297669069025bc884d7a9f5a5060aaa302b97aa78
SERVER_TRAFFIC_SECRET_0 01877ab89b0407e19c11393781acd070b30682771290f683e0941cb3c4648e2b fccd476853892211fd6aa9559e2f6b36ea2616bccc193c8d53b3ecbb1b53369c
EXPORTER_SECRET 01877ab89b0407e19c11393781acd070b30682771290f683e0941cb3c4648e2b 4bb816635bd567120c6430b0d74c07e8d92aab50534bb4265535605018b247c9
CLIENT_HANDSHAKE_TRAFFIC_SECRET f0eaac3d31a10468ff347d9ae4b9d3dc67e2c1ed1724bb97c0eba722161d19c0 0433e06800fcf28ba40304dceb3ef3e1390c7c97b1ec69e6f2076de3c70fe202
SERVER_HANDSHAKE_TRAFFIC_SECRET f0eaac3d31a10468ff347d9ae4b9d3dc67e2c1ed1724bb97c0eba722161d19c0 461139d4787966d1da1325cd34c2ce1dc9af2c1d1fb7db0fbee36089c695fbf8
CLIENT_HANDSHAKE_TRAFFIC_SECRET 1351a9b701d93617ff021105b88d6c1f90be31490a8902e6867c551df9e375f2 198cd8e5499cace0498bfad90d62d1dfde6a20de3b43703ff5ed1a42e220561f
SERVER_HANDSHAKE_TRAFFIC_SECRET 1351a9b701d93617ff021105b88d6c1f90be31490a8902e6867c551df9e375f2 3b92124dcb89830d81444692076958828bbe6aaaa06742b7d34218a8731cb274
CLIENT_HANDSHAKE_TRAFFIC_SECRET 051a6eeca1a6fd89e3d89ada979327857d704835161c02f18dc5630cff787dd7 248b143a80c0e5205b92e009acc9bec30f345677e91c9be69ff25e90d1444509
SERVER_HANDSHAKE_TRAFFIC_SECRET 051a6eeca1a6fd89e3d89ada979327857d704835161c02f18dc5630cff787dd7 b4baedbbfc100025e89ef107878316ce7799686ee871047a9abdc8467455eb80
CLIENT_TRAFFIC_SECRET_0 f0eaac3d31a10468ff347d9ae4b9d3dc67e2c1ed1724bb97c0eba722161d19c0 b6f8063844473b4dcae5e98c9f1e78244d3620b8881ce6990309326c1992ea37
SERVER_TRAFFIC_SECRET_0 f0eaac3d31a10468ff347d9ae4b9d3dc67e2c1ed1724bb97c0eba722161d19c0 ddd8045eb9e9b97edf7a1fd112394288ba77c671bcda9a13f7d799a92d457e92
EXPORTER_SECRET f0eaac3d31a10468ff347d9ae4b9d3dc67e2c1ed1724bb97c0eba722161d19c0 79425256ba3ed84813ec022200b875ade1f744d9be5db31cdf6587b96b978cf4
CLIENT_TRAFFIC_SECRET_0 1351a9b701d93617ff021105b88d6c1f90be31490a8902e6867c551df9e375f2 9b9b151334b2fe11344de367d1b647b26bb4a333cb251faf8a9ed6270426a1e0
SERVER_TRAFFIC_SECRET_0 1351a9b701d93617ff021105b88d6c1f90be31490a8902e6867c551df9e375f2 81ae7e7ebd1933015179dbdea4cd55a8c865ed0e9583d103c07689674179162c
EXPORTER_SECRET 1351a9b701d93617ff021105b88d6c1f90be31490a8902e6867c551df9e375f2 f2b03019db7120c86c4a7baf3a5782b61abab9a756b594b0fdc19242a10a651d
CLIENT_TRAFFIC_SECRET_0 051a6eeca1a6fd89e3d89ada979327857d704835161c02f18dc5630cff787dd7 24b444e062c9ec513026c3c1078fbfa1ca9359a7b245ad5739ad1b404367a116
SERVER_TRAFFIC_SECRET_0 051a6eeca1a6fd89e3d89ada979327857d704835161c02f18dc5630cff787dd7 d8acde27f7d7ad2acb0abfba7f2668987c9faf1a98df353fd7981ae112fdda73
EXPORTER_SECRET 051a6eeca1a6fd89e3d89ada979327857d704835161c02f18dc5630cff787dd7 3fc03638049a044e7fbabcfba6861733fbd132ffcf7e82f81f020ade5a695d40
CLIENT_HANDSHAKE_TRAFFIC_SECRET 1eb228e7795ece6fab737df026762c7b08f0c3ec82e38c5130ae58e9c9239f56 7c6ff5ce15a8aafec0134d8e82eaac630dcd389d493cf8231a9b697b2141f761
SERVER_HANDSHAKE_TRAFFIC_SECRET 1eb228e7795ece6fab737df026762c7b08f0c3ec82e38c5130ae58e9c9239f56 0a3e03c1ea023cb495b4934bee8b9c9a4a8a0cb5bea75b63176773a456c8f229
CLIENT_HANDSHAKE_TRAFFIC_SECRET d4b904df4c5cb5d3da4e7f6b0764db7bb8f07c7f68fe5dbc8ff54b37e6c2ea7a 4d569d5ab239be19f5f6f8d9d19812424b4637fbf742d6da83d9b613aebf4561
SERVER_HANDSHAKE_TRAFFIC_SECRET d4b904df4c5cb5d3da4e7f6b0764db7bb8f07c7f68fe5dbc8ff54b37e6c2ea7a 2bd845b78ce4b5cb27a7c084bd40e7974cbdb1cd78db32eb63d09fcb17a9a610
CLIENT_TRAFFIC_SECRET_0 1eb228e7795ece6fab737df026762c7b08f0c3ec82e38c5130ae58e9c9239f56 fcc8fc0a2981664b35de471e11abff65832607e8a98333db3cf64ca2e0bf638d
SERVER_TRAFFIC_SECRET_0 1eb228e7795ece6fab737df026762c7b08f0c3ec82e38c5130ae58e9c9239f56 ebc238669529900f20b710456eaf2f1942fb21587b4bfd3c9f6cd8d2e0b9c92a
EXPORTER_SECRET 1eb228e7795ece6fab737df026762c7b08f0c3ec82e38c5130ae58e9c9239f56 50ce4cb351e9c09b9920473f3c9fa876796a5a03310aa6a2de3a2f816ed6157a
CLIENT_TRAFFIC_SECRET_0 d4b904df4c5cb5d3da4e7f6b0764db7bb8f07c7f68fe5dbc8ff54b37e6c2ea7a 755a821abbf3b7c5164d434407536be73ecf580a58c6e0ad7f04880baef5d6a6
SERVER_TRAFFIC_SECRET_0 d4b904df4c5cb5d3da4e7f6b0764db7bb8f07c7f68fe5dbc8ff54b37e6c2ea7a 083e441b5a4a0f7dc585f000107ddb31f7740f56d6c2ed327a5b055ba3b03275
EXPORTER_SECRET d4b904df4c5cb5d3da4e7f6b0764db7bb8f07c7f68fe5dbc8ff54b37e6c2ea7a 497cd447c5027dfababda0a29bb1234d11c38bd6cf5d64820e6a797969ad95bf
CLIENT_HANDSHAKE_TRAFFIC_SECRET 2aa71ba98967b258a0ce09d7b55f700f1ddfd647e1bc672d21f83712afbf9ac7 4307840d591c8fe0dede7ef870b72cfbb5d1da061e4521c958bbe2072d5f8273
SERVER_HANDSHAKE_TRAFFIC_SECRET 2aa71ba98967b258a0ce09d7b55f700f1ddfd647e1bc672d21f83712afbf9ac7 89461d46857a044ecc8caf4168dd9ea9c6b9bc71982f242334eed0d529172bdd
CLIENT_TRAFFIC_SECRET_0 2aa71ba98967b258a0ce09d7b55f700f1ddfd647e1bc672d21f83712afbf9ac7 c6c9e044751204c29241ced909f85f1ea0603b4f76ac370c0b3cd747c144b280
SERVER_TRAFFIC_SECRET_0 2aa71ba98967b258a0ce09d7b55f700f1ddfd647e1bc672d21f83712afbf9ac7 f484f8d7ccab542c31f03c68232b823210ed63f273bff085048b760b9302fc91
EXPORTER_SECRET 2aa71ba98967b258a0ce09d7b55f700f1ddfd647e1bc672d21f83712afbf9ac7 cdcb4c3d1408e607f4179d547a888f6c05db79ae42ec6f8022f087607a6a7ae6
CLIENT_HANDSHAKE_TRAFFIC_SECRET 96ded9df2d2edb78eb99dd72232bccf065b01236641d9aa1545bcae8b63de76b ac3eff335bec3f2130df87067af54791f44ec1ad6f91c39fed82cf6b7828782a
SERVER_HANDSHAKE_TRAFFIC_SECRET 96ded9df2d2edb78eb99dd72232bccf065b01236641d9aa1545bcae8b63de76b 12338532ddc91236187e6dff3fb6fb790b0c5b1bd2a7fc570154559d5ec648e3
CLIENT_TRAFFIC_SECRET_0 96ded9df2d2edb78eb99dd72232bccf065b01236641d9aa1545bcae8b63de76b 858342a32f25fe7965a06d8e7e29fb067dcec1f2a99fc7bdad5161b951d6cf47
SERVER_TRAFFIC_SECRET_0 96ded9df2d2edb78eb99dd72232bccf065b01236641d9aa1545bcae8b63de76b 17e1050ba3b67314d075f58268c25c4d6d0e461796214d59c5a8cd07f14586a8
EXPORTER_SECRET 96ded9df2d2edb78eb99dd72232bccf065b01236641d9aa1545bcae8b63de76b 3339c4ee85d4afcf5c1de4b3352c131b4fc897fc680210c395ad0f28ab0500a3
CLIENT_HANDSHAKE_TRAFFIC_SECRET 13fa9212acb92e6e9a236d1b0e18ec8656ca23a86748289c9cf53c680fd9d75b 48fe1c04f31ffa9ef53b1fa59fdf3f33a76e8021885d31c50b12ba639b630521
SERVER_HANDSHAKE_TRAFFIC_SECRET 13fa9212acb92e6e9a236d1b0e18ec8656ca23a86748289c9cf53c680fd9d75b 215c64deba9369476aa7ca6cd3e57fedf55fcb69cc297ef6b3cd8d71f0952eea
CLIENT_HANDSHAKE_TRAFFIC_SECRET d5595fbe9d09f2dd9620076d87aecd3b41152fd26f08112b310b39e29c146524 20d2071d2d9156ad1ebab15497c694a47202197697d1259fdc485d0326049a0f
SERVER_HANDSHAKE_TRAFFIC_SECRET d5595fbe9d09f2dd9620076d87aecd3b41152fd26f08112b310b39e29c146524 1d7dc07d0064931e394b3671975405d284dfc10fda8996a47feeda3c7a520f1d
CLIENT_HANDSHAKE_TRAFFIC_SECRET e47f52ef3b6b5ed10fbf4561964c32d42bae55cd8945954ae6fd85a43757ffad 21a92b5cd2ede0eb1958498236b7be49b8f98abf363f4ea20a6fbabdd9e50e0c
SERVER_HANDSHAKE_TRAFFIC_SECRET e47f52ef3b6b5ed10fbf4561964c32d42bae55cd8945954ae6fd85a43757ffad 65826607c4b0bf8e949ad84fdbf9659adf3344da891bf9d9e506ca917bbb818d
CLIENT_TRAFFIC_SECRET_0 13fa9212acb92e6e9a236d1b0e18ec8656ca23a86748289c9cf53c680fd9d75b 76c6c2245fa58d118c81bf90aaab0be8bbc8570c21d8520dc79c1487dd674102
SERVER_TRAFFIC_SECRET_0 13fa9212acb92e6e9a236d1b0e18ec8656ca23a86748289c9cf53c680fd9d75b f0a1772813e41e51eba46314bec8d00db14c1e392e4ca4b781d5f03c9bd6befa
EXPORTER_SECRET 13fa9212acb92e6e9a236d1b0e18ec8656ca23a86748289c9cf53c680fd9d75b 90e2a6bddb2841dcc9da0168561d60034adab876f4dd4c52b7e4f8e10a67b45d
CLIENT_HANDSHAKE_TRAFFIC_SECRET 991d8b7be96036cdbb3a3d488eff7c9b5b62833a9b279fd1add292f37b616017 26021cdea21b4a83a8042d4a6f93b8d30db25ea880c73eeb0d9ad0bc61352c41
SERVER_HANDSHAKE_TRAFFIC_SECRET 991d8b7be96036cdbb3a3d488eff7c9b5b62833a9b279fd1add292f37b616017 2d682ec6113fbb86388efd7bd7a2ad75797aefb1c203c6e09bbd9b412cfc0303
CLIENT_TRAFFIC_SECRET_0 991d8b7be96036cdbb3a3d488eff7c9b5b62833a9b279fd1add292f37b616017 199c77898bf1cb3ccdd6be6f51fd55910c1e586e2e3e2962173ed0245e18d585
SERVER_TRAFFIC_SECRET_0 991d8b7be96036cdbb3a3d488eff7c9b5b62833a9b279fd1add292f37b616017 fe727dcb5cf5756f657bd783b0f17ec0ba5404e3b565675798c93e6b3e5720f7
EXPORTER_SECRET 991d8b7be96036cdbb3a3d488eff7c9b5b62833a9b279fd1add292f37b616017 167ab64f39bc4e0a7c5c5644d8bf9c4b5c36ffa406413d45b7583ab40488af5b
CLIENT_TRAFFIC_SECRET_0 d5595fbe9d09f2dd9620076d87aecd3b41152fd26f08112b310b39e29c146524 af590ab37742e27ffaba7d3c526bda30bbdc1430cf6078e07879f09391194a5e
SERVER_TRAFFIC_SECRET_0 d5595fbe9d09f2dd9620076d87aecd3b41152fd26f08112b310b39e29c146524 f3d5d3996e84a1f6be40284fc819b9995803b4371fd7e52730a1e61af6d85ef9
EXPORTER_SECRET d5595fbe9d09f2dd9620076d87aecd3b41152fd26f08112b310b39e29c146524 9b7d84640b59d8f7648f8fde37a36a2cc67d66aa0072da73464cb5b9931c012f
CLIENT_RANDOM c273746b4b20b5351184ef639c21b2342e307cff52b8e652612e3dad248b1bf4 5078a8b4bf7c99b02d991edec4c1a1bdbbbda7bdfc795f0d5b81d2eb64c2ec048bb8b4bc3685c0f6ebec5976a3075222
CLIENT_TRAFFIC_SECRET_0 e47f52ef3b6b5ed10fbf4561964c32d42bae55cd8945954ae6fd85a43757ffad 1d31ac71bf212c54bd330b2d8bae60d40b791371f74857b25b3fb478798e05c9
SERVER_TRAFFIC_SECRET_0 e47f52ef3b6b5ed10fbf4561964c32d42bae55cd8945954ae6fd85a43757ffad 7c890503ecf1e924f34f1768402485f72f0813944c23437bcb6197ee553c7a69
EXPORTER_SECRET e47f52ef3b6b5ed10fbf4561964c32d42bae55cd8945954ae6fd85a43757ffad 8f35fc815837a9d2f06b401580836426d520af0b5437d5d94596fd415c464074
CLIENT_RANDOM abf2b83157c7ec2a86fa9fb299acdd12ff1a3627cfadcb3a8036a446fc2ff7ed 7cd161096f6ce438f3b9a700caca62205766c381da8f80c3c419f805acef05997376d65321455c8aed682e2b2b2553c9
CLIENT_HANDSHAKE_TRAFFIC_SECRET eefdbe5fec88fb5f49c62bbc9e1319eee0433bf0bea70b948aa4eff3d48df97b 67aa871064fa54f5f5892bc017915925907b1260e1257730e6ad0aff966822db
SERVER_HANDSHAKE_TRAFFIC_SECRET eefdbe5fec88fb5f49c62bbc9e1319eee0433bf0bea70b948aa4eff3d48df97b c1b1a5ea98c72c95988645a3873a81cbde659467568efba1727d093f3a80dc9c
CLIENT_TRAFFIC_SECRET_0 eefdbe5fec88fb5f49c62bbc9e1319eee0433bf0bea70b948aa4eff3d48df97b 7e8fb82660c98ee5239fc5a43eb9a949c293265ca076c6409e8b1e8590414f8c
SERVER_TRAFFIC_SECRET_0 eefdbe5fec88fb5f49c62bbc9e1319eee0433bf0bea70b948aa4eff3d48df97b bb1f7befdc3c0fc7c1347bc55accd945a3091e4da3a8ee358f4017b65c20d60c
EXPORTER_SECRET eefdbe5fec88fb5f49c62bbc9e1319eee0433bf0bea70b948aa4eff3d48df97b 1f5dca9f74ef7eb5c5b20a0e939e605fb4217c3835b767d4a6b9eb48947228a2
CLIENT_RANDOM d0a43890f4770d3787b059c5e34a493df77b0f191069c809beee3b9266ffb290 700d03743dd05218466e9b465011189687d517a4a7e3b9ac316d9d0d2a5e4196b1762c1c10b0bff78781bc6ea3889828
CLIENT_RANDOM c63721ae9a1619d43f5cf705f70c9fb69a7a3bedea81fd60a4e7a1f892cd3d7a 55297dca3499429f433bdafea813257c38bc604206d10931bd1c70ae32e07c4ff05b2abbb0f8874d4d0fb7e1fcda430b
CLIENT_RANDOM 527250a32fd9e35f14eb73172cda1b7c3b5c5f4504edcad3c23c63e7d2a7971c bd10329adbbef67d8ca711bf19baf63e423d9ad100eb8033804af34c6b73889bfb72607d587edfc8ba02ff948f0c8c87
CLIENT_HANDSHAKE_TRAFFIC_SECRET 285743f4ac81dbf79acdbbe21a10e56b99518fa0df09a1e266d3b5df1d929d7d 3894948614de26adad575f9089dec643b7c86c01cf15d96ae150f697fc33c220
SERVER_HANDSHAKE_TRAFFIC_SECRET 285743f4ac81dbf79acdbbe21a10e56b99518fa0df09a1e266d3b5df1d929d7d 11164287ca34c23ed5adbe8927653035057b61b328c700b55a32a759c34525da
CLIENT_TRAFFIC_SECRET_0 285743f4ac81dbf79acdbbe21a10e56b99518fa0df09a1e266d3b5df1d929d7d ae340058a87188c1cc5e8803b976c79d687fed2bcacab0cf74154fdf49412974
SERVER_TRAFFIC_SECRET_0 285743f4ac81dbf79acdbbe21a10e56b99518fa0df09a1e266d3b5df1d929d7d 7f6fe20f1621909a1b27d55cb8ba9b705d9cb47a8f3f10096cbd51eb0adb1004
EXPORTER_SECRET 285743f4ac81dbf79acdbbe21a10e56b99518fa0df09a1e266d3b5df1d929d7d b72bf432a3dd24d9ddb9ecd704fae7133138c19ce340af28c8088f4a6e4792d9
CLIENT_HANDSHAKE_TRAFFIC_SECRET 14544464c6b9ed572b3f935442c8fa35722676e47df39c0a277b7ab28b0a3ed8 9000145fb56de37772b60584ba79ec57bc78737df43ca81fd935cd5c824ce9be
SERVER_HANDSHAKE_TRAFFIC_SECRET 14544464c6b9ed572b3f935442c8fa35722676e47df39c0a277b7ab28b0a3ed8 de6ab3a66e473873d1145902df307659ae5616566652660a8c205068439ebba1
CLIENT_TRAFFIC_SECRET_0 14544464c6b9ed572b3f935442c8fa35722676e47df39c0a277b7ab28b0a3ed8 ad892e057efdcde5d5f3bd62f977448f138e821a10805c19eb92174f1e5e9f79
SERVER_TRAFFIC_SECRET_0 14544464c6b9ed572b3f935442c8fa35722676e47df39c0a277b7ab28b0a3ed8 2a411f3d5bf404bbe163491fe8a9575e74aa440e5ccfa8084b2e9af0ac55fbc8
EXPORTER_SECRET 14544464c6b9ed572b3f935442c8fa35722676e47df39c0a277b7ab28b0a3ed8 3f025fc57414021f19369f3683e29c8e73c7dd3e37c0b9a02def638a5cebfe60
CLIENT_HANDSHAKE_TRAFFIC_SECRET 2c519bad84c03607b26d6d9381ea4e4b0750db1ce3ced7fa526f3bd937ef4b0f 99abc56b5a00a1c1ceac69ee5e811c62e4174517c419af28014b7ab5f48cde74
SERVER_HANDSHAKE_TRAFFIC_SECRET 2c519bad84c03607b26d6d9381ea4e4b0750db1ce3ced7fa526f3bd937ef4b0f d1771d223f451f7cead9eb8f99e7b6cbad83aa73f34957b362529b16fe58f40d
CLIENT_TRAFFIC_SECRET_0 2c519bad84c03607b26d6d9381ea4e4b0750db1ce3ced7fa526f3bd937ef4b0f cdd140e65fc63cae07d6d5d162f37a61b79fafa24f7dce0405dcac076d60eba0
SERVER_TRAFFIC_SECRET_0 2c519bad84c03607b26d6d9381ea4e4b0750db1ce3ced7fa526f3bd937ef4b0f 89e60fe02ca878600205060242160ff7b6be85780273dd3d34748e3f7dd5c65f
EXPORTER_SECRET 2c519bad84c03607b26d6d9381ea4e4b0750db1ce3ced7fa526f3bd937ef4b0f 5d883835c346d24b7efe6e54d554c4915f5a3e326347d7d54899b57b8976fc1b
CLIENT_HANDSHAKE_TRAFFIC_SECRET 79dd09cbb79cda8d0c4af0337d313506c02a93af08896e2b7b36fd7d86143fb7 3567addf511cfe3dc9c21ba071f21522e68d7a144a2277dc1e8d34c169034a3c
SERVER_HANDSHAKE_TRAFFIC_SECRET 79dd09cbb79cda8d0c4af0337d313506c02a93af08896e2b7b36fd7d86143fb7 39b40b7b2771f8a14e135672be0e1da5c3319510fc63917a9fbef8c0ddb04b86
CLIENT_TRAFFIC_SECRET_0 79dd09cbb79cda8d0c4af0337d313506c02a93af08896e2b7b36fd7d86143fb7 18a6856c8e7ed18c180e3c30b8705f9a5275181231134f979eee8436c64c3223
SERVER_TRAFFIC_SECRET_0 79dd09cbb79cda8d0c4af0337d313506c02a93af08896e2b7b36fd7d86143fb7 f2df3f40ce87d166bf5f0d9621db477229a32ae97a3780d53d07532e6674b71a
EXPORTER_SECRET 79dd09cbb79cda8d0c4af0337d313506c02a93af08896e2b7b36fd7d86143fb7 0ba11e762960a11554b0706687972f4b71fa3e4a3d6855a2c9315ab17e044768
CLIENT_HANDSHAKE_TRAFFIC_SECRET 08b39e3e077af615bfaee1c6f9fde9e72b9307cafccb3093eb691e6ab3b818c0 d9989fc300ece091d298ed5568df277ccab839e364eca97da9da228f4a4dd115
SERVER_HANDSHAKE_TRAFFIC_SECRET 08b39e3e077af615bfaee1c6f9fde9e72b9307cafccb3093eb691e6ab3b818c0 fd8bac1c7014555277e646a77ae9547d71d79166f0924d92cd844616c324167f
CLIENT_TRAFFIC_SECRET_0 08b39e3e077af615bfaee1c6f9fde9e72b9307cafccb3093eb691e6ab3b818c0 1564643f756a385d54912ed12696dbf42aa6d0623ee65692fc74269772b46007
SERVER_TRAFFIC_SECRET_0 08b39e3e077af615bfaee1c6f9fde9e72b9307cafccb3093eb691e6ab3b818c0 fc1eb4e19440df219477b3eda57c5612b9343ea732b883436f0146e579cb39d5
EXPORTER_SECRET 08b39e3e077af615bfaee1c6f9fde9e72b9307cafccb3093eb691e6ab3b818c0 5c7acef3cc512b849a84e5049547e4850935d481f93081a5a66f86fd0d976095
CLIENT_HANDSHAKE_TRAFFIC_SECRET c70ed5691206a5104ce9dbbca9876c17ccc22c4bd17cd6dd284df6b89a834943 368f96ef3e36ab77f46df4ad8c3e5896fbab6b7516c5d5d80c9f5235c7b4a53f
SERVER_HANDSHAKE_TRAFFIC_SECRET c70ed5691206a5104ce9dbbca9876c17ccc22c4bd17cd6dd284df6b89a834943 f62c028017f5be1ee677824d59584dbf5863b76d2a3ad7f43e161f88e27e3cd5
CLIENT_TRAFFIC_SECRET_0 c70ed5691206a5104ce9dbbca9876c17ccc22c4bd17cd6dd284df6b89a834943 4552f00e58480ec81ebe0c7af8c06cb012dc0489e9c8011afbb2f822917b7478
SERVER_TRAFFIC_SECRET_0 c70ed5691206a5104ce9dbbca9876c17ccc22c4bd17cd6dd284df6b89a834943 4a26b32667e4b395f513b37f389b0034ce5ec37ff483fb05cad9a3060a9600f5
EXPORTER_SECRET c70ed5691206a5104ce9dbbca9876c17ccc22c4bd17cd6dd284df6b89a834943 da68c1a7e7d4293fa8829d52f87ef424a97a769c76c9cbbd68663eac368c4677
CLIENT_HANDSHAKE_TRAFFIC_SECRET f30547fd9841cb6d69f4ecc9c40d9db95ac94771fbe00759c0c68ac2ba69e8f8 08972faac52a30f3fad0866a59033aff49c77309b652649867ca2e10f4125d0c
SERVER_HANDSHAKE_TRAFFIC_SECRET f30547fd9841cb6d69f4ecc9c40d9db95ac94771fbe00759c0c68ac2ba69e8f8 71395a242064ff7f3ba7a45bb4df5b6d3c796b213af9ae90e710fe4f6b41e991
CLIENT_TRAFFIC_SECRET_0 f30547fd9841cb6d69f4ecc9c40d9db95ac94771fbe00759c0c68ac2ba69e8f8 ce60289a4e94156762f293fdd25797a638a531f65980339db2fdca651a647337
SERVER_TRAFFIC_SECRET_0 f30547fd9841cb6d69f4ecc9c40d9db95ac94771fbe00759c0c68ac2ba69e8f8 2168d5182a66f3e8c68da69ceca97240746ac07b437f1fa23914b4b744ca7d21
EXPORTER_SECRET f30547fd9841cb6d69f4ecc9c40d9db95ac94771fbe00759c0c68ac2ba69e8f8 7e5664b21d76d4a9e1ce3db2b4d48fa2a9dc0c577d6c7155379ed9fa17376f68
CLIENT_HANDSHAKE_TRAFFIC_SECRET a07743de345039c8472bb076040b9ed6f101984ef42a84e439407bccf8a1b4b9 785f04122d04c8b735f48a3899b2a6c7425026d70a4a46db6c28dad9f0919471
SERVER_HANDSHAKE_TRAFFIC_SECRET a07743de345039c8472bb076040b9ed6f101984ef42a84e439407bccf8a1b4b9 e8a5b3ade4a0b83fb4faf329e9b66ec53e1532f07dcbb6f113b69ac00322158c
CLIENT_TRAFFIC_SECRET_0 a07743de345039c8472bb076040b9ed6f101984ef42a84e439407bccf8a1b4b9 a378af27671cdc9f62341924bda6ec5720bdfbcb94899944167d4a5292bb987d
SERVER_TRAFFIC_SECRET_0 a07743de345039c8472bb076040b9ed6f101984ef42a84e439407bccf8a1b4b9 62ced39be836b5ff2bfb1a75193feacf3fcc7d795f7059d25cd7d060fb585cda
EXPORTER_SECRET a07743de345039c8472bb076040b9ed6f101984ef42a84e439407bccf8a1b4b9 6b6e1a467a2e5a2d7466fdd876fcdc5f1a779ab6b820382bd61b1bceca67aaf4
CLIENT_HANDSHAKE_TRAFFIC_SECRET 130ab99135eff36eaf7125e64949cdbbe36545ca986cbc03c64be4cb1e939d5c 8576049d4fead84eb853c578155a66183a21a0d710d1e34e7f0c5ada79e09e72
SERVER_HANDSHAKE_TRAFFIC_SECRET 130ab99135eff36eaf7125e64949cdbbe36545ca986cbc03c64be4cb1e939d5c 3cd55d36b79196b618cc2e8a8b7b9df0eb5c184d8b08e3bd399695c5971085bf
CLIENT_TRAFFIC_SECRET_0 130ab99135eff36eaf7125e64949cdbbe36545ca986cbc03c64be4cb1e939d5c 5cf7c89dcb8562990560daf388d48522dfc6bc5f7ba3e715cb1a112491bfdfb6
SERVER_TRAFFIC_SECRET_0 130ab99135eff36eaf7125e64949cdbbe36545ca986cbc03c64be4cb1e939d5c f070a6502ddcb9384f291ca2e2446cdd85df0c44719af267488807a8a7c54ffa
EXPORTER_SECRET 130ab99135eff36eaf7125e64949cdbbe36545ca986cbc03c64be4cb1e939d5c dd0e25a383b702e0c3a614f91a2bbe1cbd8d7f6d557b9933b2dffea9e1dd400f
CLIENT_HANDSHAKE_TRAFFIC_SECRET 20a4613e352e96baa3e6fb157c7feccd44fcfe8e3b12623a97808fb43ab085e6 5d7e595e7c969cf479359f4ec418f092f6e41a75b0a3b346a5b65846d56623cc
SERVER_HANDSHAKE_TRAFFIC_SECRET 20a4613e352e96baa3e6fb157c7feccd44fcfe8e3b12623a97808fb43ab085e6 8d4e9b6a5f50c724d6576203622778cae6a3daf26e5f1bd68adad4e6f4514ef8
CLIENT_TRAFFIC_SECRET_0 20a4613e352e96baa3e6fb157c7feccd44fcfe8e3b12623a97808fb43ab085e6 af11ff2ec630fc2b8657f76d804d06a43d7999e4949d90a5524071490c3c65dd
SERVER_TRAFFIC_SECRET_0 20a4613e352e96baa3e6fb157c7feccd44fcfe8e3b12623a97808fb43ab085e6 cb19243c5704d28b15b829b6294491a81e8b9137298510b40eb866826283a396
EXPORTER_SECRET 20a4613e352e96baa3e6fb157c7feccd44fcfe8e3b12623a97808fb43ab085e6 4d9c1e3ca8cb8e1c13fdfac757a223b812b2042329b66903016453e527713e11
CLIENT_HANDSHAKE_TRAFFIC_SECRET ff43bbb1b1dd6ebe676d90bb08c848d6a2f2299169f9b2b21e860181011f74ab 9abe079a64976bfbfe4ccfe375a7d57bd6170dafa08fbd0b05cbbe0013adba91
SERVER_HANDSHAKE_TRAFFIC_SECRET ff43bbb1b1dd6ebe676d90bb08c848d6a2f2299169f9b2b21e860181011f74ab 3991c1d39f11bca8f20f67560d85f3cf86d595227c079fe16f074ecde91d8ba6
CLIENT_TRAFFIC_SECRET_0 ff43bbb1b1dd6ebe676d90bb08c848d6a2f2299169f9b2b21e860181011f74ab e9140fa47e08392f78c88169366a4ecadc08be5980e598b501067098c93b9db0
SERVER_TRAFFIC_SECRET_0 ff43bbb1b1dd6ebe676d90bb08c848d6a2f2299169f9b2b21e860181011f74ab ff1c1868404e8e3d9a86edfec3ad9bca5c13c2071468fc4b94815628f6bf3ad5
EXPORTER_SECRET ff43bbb1b1dd6ebe676d90bb08c848d6a2f2299169f9b2b21e860181011f74ab 0483afca9c7f43eb6ef8847cefb779d1e4fbe050a5e39d1246c6b4e86db573a9
CLIENT_HANDSHAKE_TRAFFIC_SECRET 3c632b723d00d695ef33aa5a5500703007c77f13d8d368e16af6523a43552a24 cc9f39495d5788af4599a743ab52c7e340503cf719d8f702ad2c254f459586d0
SERVER_HANDSHAKE_TRAFFIC_SECRET 3c632b723d00d695ef33aa5a5500703007c77f13d8d368e16af6523a43552a24 661472ca22844f78ad488da26f4bd02b6b368061b8897f6099e891386c0d5e56
CLIENT_TRAFFIC_SECRET_0 3c632b723d00d695ef33aa5a5500703007c77f13d8d368e16af6523a43552a24 8559ba833a949d1a34cdd50b55fc68b2f7a7f91b2e8f5ad569f2998d3b0ef6ed
SERVER_TRAFFIC_SECRET_0 3c632b723d00d695ef33aa5a5500703007c77f13d8d368e16af6523a43552a24 278b6693629f607e03fd2ab67bd897930d9c879ad53327af775c625d4911bb93
EXPORTER_SECRET 3c632b723d00d695ef33aa5a5500703007c77f13d8d368e16af6523a43552a24 098cda8cc1ca8a3b293246a0d25321b1e24639c82281a2c136c5b5df0dd7cb4c
CLIENT_HANDSHAKE_TRAFFIC_SECRET 1e1443c76ea4e6ea8ad8a4b96fcef293585773d698eca3bf2f6978758a0c284b 0da1890686f3da75aa08fa4e840d254358fff2a1edffdbae265800fc20c4bc7d
SERVER_HANDSHAKE_TRAFFIC_SECRET 1e1443c76ea4e6ea8ad8a4b96fcef293585773d698eca3bf2f6978758a0c284b f2e211dbad8efb53571a0626b9068f639f03e89ed3353eb7eddc0e6f3b2d97b9
CLIENT_TRAFFIC_SECRET_0 1e1443c76ea4e6ea8ad8a4b96fcef293585773d698eca3bf2f6978758a0c284b 51fb4939b8b5178db0235f83bffe1265c13b101f415ca36624c4c228cc1ce0c8
SERVER_TRAFFIC_SECRET_0 1e1443c76ea4e6ea8ad8a4b96fcef293585773d698eca3bf2f6978758a0c284b 3df84161fb44abe947f394367de2f03dabc2f03e3b185a002a7f881116109cac
EXPORTER_SECRET 1e1443c76ea4e6ea8ad8a4b96fcef293585773d698eca3bf2f6978758a0c284b 5dce3d75d7864b615b910963cd104a148abb268e94adc9157ebf5ced2982cc01
CLIENT_HANDSHAKE_TRAFFIC_SECRET 1893b32830acc9d89cb463077009339a28811ba0f6f2a163dfde984ea042e43d bbac32bf52be1afb6e12e85f4a63600d6792541bef963bf24153ba71ae2c7568
SERVER_HANDSHAKE_TRAFFIC_SECRET 1893b32830acc9d89cb463077009339a28811ba0f6f2a163dfde984ea042e43d 2791965d57fb67fa76ced4776195cd15b0b3c6bf5c7ac90fbe706e336b16b776
CLIENT_TRAFFIC_SECRET_0 1893b32830acc9d89cb463077009339a28811ba0f6f2a163dfde984ea042e43d ed3dbcb42bb01e2d0f7d85805fbe76b44282a10c275b654a9cc8a21cc6cd3a08
SERVER_TRAFFIC_SECRET_0 1893b32830acc9d89cb463077009339a28811ba0f6f2a163dfde984ea042e43d 18e48639388d984016cc639e0002d704a4e22a9119979c0b55644614749ca371
EXPORTER_SECRET 1893b32830acc9d89cb463077009339a28811ba0f6f2a163dfde984ea042e43d c27b461ca8b0e7bdd622aee28530e3ca7e30b366789bf66bed1100d1d5d8999a
CLIENT_HANDSHAKE_TRAFFIC_SECRET f721b73514733367feb231dd7d46e97bf0b3528d9cb8627fde0dfb0efc840780 a2850d40e171adbc7b3331d962ab8fe51d45146eec23d0868d272be3691ac1ad
SERVER_HANDSHAKE_TRAFFIC_SECRET f721b73514733367feb231dd7d46e97bf0b3528d9cb8627fde0dfb0efc840780 8c8b40e59ae93f0fe8e78f7c465ce0ad470d4f64fd408fbc8bda9a08ba3849b4
CLIENT_TRAFFIC_SECRET_0 f721b73514733367feb231dd7d46e97bf0b3528d9cb8627fde0dfb0efc840780 786a5f665d1dc50bf4e82da76985e7e9c60e5d134710136001a75cc600f12fad
SERVER_TRAFFIC_SECRET_0 f721b73514733367feb231dd7d46e97bf0b3528d9cb8627fde0dfb0efc840780 34bec57c23ed3aa71110cb7eba32d4503c18f02a08d6a2a4214d84719a0f5cfb
EXPORTER_SECRET f721b73514733367feb231dd7d46e97bf0b3528d9cb8627fde0dfb0efc840780 22da91127784df91682b636dcf2fb89432c5fada6fd12aef8fdfb53e1c338d70
CLIENT_HANDSHAKE_TRAFFIC_SECRET d61228124c32f4e4db54441b899d15d4d1e78eba2741b4579263ca4f84601805 85840d7db6d625b0f8a8869e4f936954785a3ea88c5274334ae609e524495739
SERVER_HANDSHAKE_TRAFFIC_SECRET d61228124c32f4e4db54441b899d15d4d1e78eba2741b4579263ca4f84601805 bb6fdc9192764f73ee3995b4b9fdd1ec0c47097800099d983ed70497f4d46364
CLIENT_HANDSHAKE_TRAFFIC_SECRET 66e576d5e46a16ba33c05cbc87d7e7b2f0c6029f798b2b05ca5d278fb6641605 246eaa9fff5879b71e2a9f80b560c98fbb20e4700ccb5d3a45d35722c40c7ccd
SERVER_HANDSHAKE_TRAFFIC_SECRET 66e576d5e46a16ba33c05cbc87d7e7b2f0c6029f798b2b05ca5d278fb6641605 23864a34a4693207bd59f0f720ff416a008534784f1e9adc52528c1560f48dd3
CLIENT_HANDSHAKE_TRAFFIC_SECRET f8a1064e6ee29a880773c967eff347955812efa69ed35736819fee494a82a179 b3e1d415b867d21b95d26f6ab7e0140aa7226dba8caf63c1893632fc18c33910
SERVER_HANDSHAKE_TRAFFIC_SECRET f8a1064e6ee29a880773c967eff347955812efa69ed35736819fee494a82a179 68698b42640a25309d7ab8fdda3da6e1edefe73187824704ec8b9ff21a6c5155
CLIENT_HANDSHAKE_TRAFFIC_SECRET 7f3d5fa65e2f776fedbeb2983d3688ac9970051742186989a3758ec6fb1af83b 91133cdb7569fbc1f93822cce3ce711aa5f8de908f1a3f13d2f585ddd9bfe8d4
SERVER_HANDSHAKE_TRAFFIC_SECRET 7f3d5fa65e2f776fedbeb2983d3688ac9970051742186989a3758ec6fb1af83b c9c6ddb613da69d11f0905cd3ba25949dc3dee93f7ef31ed9721fb8252037a58
CLIENT_HANDSHAKE_TRAFFIC_SECRET 6402d0b34a5b8b05aee85a9d52c45b5b1713c8416c0679b78b035e171238fdb1 26c5c86015c03b315245175e01aed01901afad4490a07a178b9344a3ed9567be
SERVER_HANDSHAKE_TRAFFIC_SECRET 6402d0b34a5b8b05aee85a9d52c45b5b1713c8416c0679b78b035e171238fdb1 b9b3a356eb936f17ddd938af4796938e728a36cbff2d4b178ef534b1dbf40c0d
CLIENT_HANDSHAKE_TRAFFIC_SECRET e322140bee2790ceff2e84775c5ce5be463a04446ade2c111938b9dc99bcd938 01078cedce1b01f369991e612bcef74de1ca1d75f3e6a30878731c523e41d19e
SERVER_HANDSHAKE_TRAFFIC_SECRET e322140bee2790ceff2e84775c5ce5be463a04446ade2c111938b9dc99bcd938 68429edf84ef89b89560e98be095461f5329b5bf897a49f183882fa8817c168c
CLIENT_TRAFFIC_SECRET_0 d61228124c32f4e4db54441b899d15d4d1e78eba2741b4579263ca4f84601805 e6101e16ca24f9772bd21efaf8b7bc6af4041af7fa74cc3beae9e8fa3ff97004
SERVER_TRAFFIC_SECRET_0 d61228124c32f4e4db54441b899d15d4d1e78eba2741b4579263ca4f84601805 4ea3a0ad3c4b1bce8ce68c211c1d3a86132ba9f64a94bea73b7df52f957eff35
EXPORTER_SECRET d61228124c32f4e4db54441b899d15d4d1e78eba2741b4579263ca4f84601805 916439dd7b556b2aa298cab705f822c33a2771f8fee04d3cb3adc4ee9d2c4c9b
CLIENT_TRAFFIC_SECRET_0 66e576d5e46a16ba33c05cbc87d7e7b2f0c6029f798b2b05ca5d278fb6641605 319eff3acf6b995ff5b76edbeaaa6e56839e229bfa9e192dc1be43c179b5d99f
SERVER_TRAFFIC_SECRET_0 66e576d5e46a16ba33c05cbc87d7e7b2f0c6029f798b2b05ca5d278fb6641605 5f7a9dbedc4ff340c0c6e08ba4f477e8db6d8b210123e5d677defeb19c2ab19d
EXPORTER_SECRET 66e576d5e46a16ba33c05cbc87d7e7b2f0c6029f798b2b05ca5d278fb6641605 e2321f642a8814c2966d95d34904fb3343956a407ff747d02c3067a68346d41d
CLIENT_TRAFFIC_SECRET_0 e322140bee2790ceff2e84775c5ce5be463a04446ade2c111938b9dc99bcd938 b0a3dd1ee74a3bbb248cf841117bc72cf1be0965e062813cb0a11ad285e9ac0b
SERVER_TRAFFIC_SECRET_0 e322140bee2790ceff2e84775c5ce5be463a04446ade2c111938b9dc99bcd938 593d4e09545451ba5384203e2e2c682a76c7695350ce23cebb9698be6cd38a7d
EXPORTER_SECRET e322140bee2790ceff2e84775c5ce5be463a04446ade2c111938b9dc99bcd938 a3a7ae11648fadfc856d7e487c874581561afbce261a8d2c37444f2d6a0c8c91
CLIENT_TRAFFIC_SECRET_0 f8a1064e6ee29a880773c967eff347955812efa69ed35736819fee494a82a179 8266356b0061fca41d3599cbb17f1f943b2450c1dd2a32be4042f4acc2c48932
SERVER_TRAFFIC_SECRET_0 f8a1064e6ee29a880773c967eff347955812efa69ed35736819fee494a82a179 3438d6c24ed0c84ced2c983c6daaeb4a1285a3c25aa03a5e71405b463540ca3d
EXPORTER_SECRET f8a1064e6ee29a880773c967eff347955812efa69ed35736819fee494a82a179 2a096a4d66bc7255d29d95335b8ba35c4970e151c382fc5ff7f468c801831c48
CLIENT_TRAFFIC_SECRET_0 6402d0b34a5b8b05aee85a9d52c45b5b1713c8416c0679b78b035e171238fdb1 d4e8ac71b5c365a3e38560993560e679c11e7885c6e7fa568a8028098b320f0b
SERVER_TRAFFIC_SECRET_0 6402d0b34a5b8b05aee85a9d52c45b5b1713c8416c0679b78b035e171238fdb1 a0c2846c256535d7a857f04158a867cfc953f078aed88b2a65ce5d95c9368a31
EXPORTER_SECRET 6402d0b34a5b8b05aee85a9d52c45b5b1713c8416c0679b78b035e171238fdb1 f641827d50fbb7935bee41380abf6603d3673f86c74d0222932f80df0b8a1f84
CLIENT_TRAFFIC_SECRET_0 7f3d5fa65e2f776fedbeb2983d3688ac9970051742186989a3758ec6fb1af83b a9b4b2e47c88f81b15f8f00af2c52b6d6f1a2c5f47d0c9ed5a51a2c140c84886
SERVER_TRAFFIC_SECRET_0 7f3d5fa65e2f776fedbeb2983d3688ac9970051742186989a3758ec6fb1af83b d914d1cdbec33082ded88200b0b55460d505d2909c0c15d87a153c49dafbd8c4
EXPORTER_SECRET 7f3d5fa65e2f776fedbeb2983d3688ac9970051742186989a3758ec6fb1af83b 84a1e33d718ba471e993de1d870500eeb01d78e7bbaa6a77f4e84ee5e9790b73
CLIENT_HANDSHAKE_TRAFFIC_SECRET a4bfdc0af06a0603dc3e35f4276270c0f6cddad18c0276c2a219b386631fcbb0 34b7a326e5d52b6387a8e0337a16f118001a44d0d016c20495b8cb2c762d7c8e
SERVER_HANDSHAKE_TRAFFIC_SECRET a4bfdc0af06a0603dc3e35f4276270c0f6cddad18c0276c2a219b386631fcbb0 18f5ba2220914e6f4f3f7b1c6030923be2ae7c29f84d5ed149a14d01ab9deae3
CLIENT_TRAFFIC_SECRET_0 a4bfdc0af06a0603dc3e35f4276270c0f6cddad18c0276c2a219b386631fcbb0 d16139e20bdfec123c7622ae4b85dd9a163bee3fb454e0ac2d838eb093035872
SERVER_TRAFFIC_SECRET_0 a4bfdc0af06a0603dc3e35f4276270c0f6cddad18c0276c2a219b386631fcbb0 257e5bf955cc2834a435b21cab2bb0ec69218b53485fadaefaa7973f970caee5
EXPORTER_SECRET a4bfdc0af06a0603dc3e35f4276270c0f6cddad18c0276c2a219b386631fcbb0 325593fa3db0405765dfad9c11c21e73a112f8c7ed2c2e81013643625250ff25
CLIENT_HANDSHAKE_TRAFFIC_SECRET 5161992c30c77a3106c9224ff398e83131600dd37c73d4f3c797ed0ec218c7d5 30803be8ce7867aaecab5831a548cdaee053853b1557489407727ec1c7b5703e
SERVER_HANDSHAKE_TRAFFIC_SECRET 5161992c30c77a3106c9224ff398e83131600dd37c73d4f3c797ed0ec218c7d5 215e9a5ebf330d17e5e9c54904a1b66d77a72554becb1070fae65e0f774f8301
CLIENT_TRAFFIC_SECRET_0 5161992c30c77a3106c9224ff398e83131600dd37c73d4f3c797ed0ec218c7d5 56d507f66da3eb81ad71bb294dd3313b5623671c1ee2fe3fb01ec78278de07e8
SERVER_TRAFFIC_SECRET_0 5161992c30c77a3106c9224ff398e83131600dd37c73d4f3c797ed0ec218c7d5 14c58202f76770bc551a120205c4cd064ceb2ab102c494c86b3fe53a62c8f08c
EXPORTER_SECRET 5161992c30c77a3106c9224ff398e83131600dd37c73d4f3c797ed0ec218c7d5 25e7c94f7b9e09908796e238f5d65d9b84de9589317e75c0f79f2837756ac817
CLIENT_HANDSHAKE_TRAFFIC_SECRET 6e376740b4d5d9e8950d9959f8270f22527322055216828e0fb9afa330f1b6d0 e1033695303a47503a8e4c2964570b7c42e610b43a67202f3873a7fbcb3e3307
SERVER_HANDSHAKE_TRAFFIC_SECRET 6e376740b4d5d9e8950d9959f8270f22527322055216828e0fb9afa330f1b6d0 492716f557d37594cbd5b50a3ad2b286281483805461b738a709dbd55f55b688
CLIENT_TRAFFIC_SECRET_0 6e376740b4d5d9e8950d9959f8270f22527322055216828e0fb9afa330f1b6d0 568ef01a79be234bdb5440d3343aa64958dc82d24e79f7ee5f97d5775a1d2bed
SERVER_TRAFFIC_SECRET_0 6e376740b4d5d9e8950d9959f8270f22527322055216828e0fb9afa330f1b6d0 6dc2c5631fe7b58a7d96c611b1343da2ba4387c707009a8868689d65e7403242
EXPORTER_SECRET 6e376740b4d5d9e8950d9959f8270f22527322055216828e0fb9afa330f1b6d0 ed2e1a96bdbe218410eac45c7f1d8bda82fc302d64cc0914fcf10a2619e95f37
CLIENT_HANDSHAKE_TRAFFIC_SECRET 145b37282f19e77bcb256ab519750210d41b3eb328388d445c53f7036f4bbb3a 49bad7a382c429cdb20cd41fd15affab75f2453824891e6412ef3815a68cee34
SERVER_HANDSHAKE_TRAFFIC_SECRET 145b37282f19e77bcb256ab519750210d41b3eb328388d445c53f7036f4bbb3a 3c6cc19b44230b91bdc805f7e7af85279eed490c9df916ec47c01425ba2747af
CLIENT_TRAFFIC_SECRET_0 145b37282f19e77bcb256ab519750210d41b3eb328388d445c53f7036f4bbb3a 6da21f04b0a1f18e404c8fbddf49e5725ab4be6704c8b2ae3ab503c7fa0bc405
SERVER_TRAFFIC_SECRET_0 145b37282f19e77bcb256ab519750210d41b3eb328388d445c53f7036f4bbb3a 31c49d2ce99a6e15699788854f85df967c369f761ffff728446564e16f43d56f
EXPORTER_SECRET 145b37282f19e77bcb256ab519750210d41b3eb328388d445c53f7036f4bbb3a 2f206bfdf41e7af554f9609e1ed96607b56affc562b95474054f315ba3e04d15
CLIENT_HANDSHAKE_TRAFFIC_SECRET 8b42765a16f247c77c0953b0859318c1b65df39b7176229b762424ffa44ec8b3 e95bc604e8a21f2243e1b7f0a43e85f469ab0e10822d8405e3eced2244989b1e
SERVER_HANDSHAKE_TRAFFIC_SECRET 8b42765a16f247c77c0953b0859318c1b65df39b7176229b762424ffa44ec8b3 dca43381fd277da8c45fb3ec26a628bddbbef572f4f011c818dee7dc415e46d4
CLIENT_HANDSHAKE_TRAFFIC_SECRET ece5ec5b28b0289b173ff7f15f7c6af2b772cf9fc509d47bd58d4aa3319b6e8a d36cd578bc14ae9263c3dbf90c3a33c9e2da952bfa0f1b79b738bb5a9cf70664
SERVER_HANDSHAKE_TRAFFIC_SECRET ece5ec5b28b0289b173ff7f15f7c6af2b772cf9fc509d47bd58d4aa3319b6e8a de777288d768836171004790bff5dc30869320aa072ba448f839a7201d40b936
CLIENT_TRAFFIC_SECRET_0 ece5ec5b28b0289b173ff7f15f7c6af2b772cf9fc509d47bd58d4aa3319b6e8a 6dd68344c1293f37f9ca87391294c968cdec1b865d9465846b03ad304d9cb2c9
SERVER_TRAFFIC_SECRET_0 ece5ec5b28b0289b173ff7f15f7c6af2b772cf9fc509d47bd58d4aa3319b6e8a 4e20fb934f381c339488980a9788d7f9cc0aa68d87be2d8060ca8b60c1cb099b
EXPORTER_SECRET ece5ec5b28b0289b173ff7f15f7c6af2b772cf9fc509d47bd58d4aa3319b6e8a 3561a2d7f418d39f0efdac417a1a4b3e59175498fce003d74b2c2ea972d5b6b5
CLIENT_HANDSHAKE_TRAFFIC_SECRET 640c7168818d4616d93d859a64ea7fac57745f7203132747525e4954927e5111 4bda2380318344a0c47edc331eb211f39fc1f5b567699d2ba2576f6cc9c45623
SERVER_HANDSHAKE_TRAFFIC_SECRET 640c7168818d4616d93d859a64ea7fac57745f7203132747525e4954927e5111 192c93f44be4e6bb456c611c7df934a5ffd6e1467c381d15249278d92dbebbf3
CLIENT_HANDSHAKE_TRAFFIC_SECRET 26b6a833408541fe0fbb8c63ededfe90c4fda01d38c5c9e9236ae4124d120a50 a014f9f10e5ad51010dbb294fd9e5b7c238d7a0fccba4ceeed43b1634a180e3b
SERVER_HANDSHAKE_TRAFFIC_SECRET 26b6a833408541fe0fbb8c63ededfe90c4fda01d38c5c9e9236ae4124d120a50 731f0fe08892340575d0d1fa326a04b6d906e8fc0b000b48c48734b588685589
CLIENT_TRAFFIC_SECRET_0 640c7168818d4616d93d859a64ea7fac57745f7203132747525e4954927e5111 177055a3ef68e4331fbda7573b472dc4dbc2707e09140ba0c0a4e08df2440cdd
SERVER_TRAFFIC_SECRET_0 640c7168818d4616d93d859a64ea7fac57745f7203132747525e4954927e5111 b43470517fdf79ed206a2095cdc742347161a9d662635cd0d2c9f14edae116b5
EXPORTER_SECRET 640c7168818d4616d93d859a64ea7fac57745f7203132747525e4954927e5111 7b187121e8a576262f35ba1bf30c425a48b215a5d32a2a47446a573823baa3f7
CLIENT_TRAFFIC_SECRET_0 26b6a833408541fe0fbb8c63ededfe90c4fda01d38c5c9e9236ae4124d120a50 cf8697d8944d9458b9b2a8a24c95222c5c23b8d015b1f8d4315d6240ed6c5917
SERVER_TRAFFIC_SECRET_0 26b6a833408541fe0fbb8c63ededfe90c4fda01d38c5c9e9236ae4124d120a50 ca6ad96cb01e15bd1739642bf2b2d8c198b45caff3d7dfcee1733d89eefe0576
EXPORTER_SECRET 26b6a833408541fe0fbb8c63ededfe90c4fda01d38c5c9e9236ae4124d120a50 d0673a5018ee22d3f282d9dd37d2406f567aa43bc3dff3ef6fab3c6825c50f00
CLIENT_HANDSHAKE_TRAFFIC_SECRET 80364ab4bfc46c71adecd0a7a6786f0183d479dbf29c71a4c1af8f80e01b10d6 cd67159d5d6269a72519d9e91e15d08161beffd0f31d9cd6773fbaab2e200861
SERVER_HANDSHAKE_TRAFFIC_SECRET 80364ab4bfc46c71adecd0a7a6786f0183d479dbf29c71a4c1af8f80e01b10d6 ce67c1ea10d731a314963b240ef83fe1af56263b1a83b1cae2824ac44475bf08
CLIENT_TRAFFIC_SECRET_0 80364ab4bfc46c71adecd0a7a6786f0183d479dbf29c71a4c1af8f80e01b10d6 032d1d51ad9c7992173c0ba5fa14ea76ac1b9398e0c52e09b9ebd0dbd2145db8
SERVER_TRAFFIC_SECRET_0 80364ab4bfc46c71adecd0a7a6786f0183d479dbf29c71a4c1af8f80e01b10d6 349c12c024270914cada7c1325c6505c73edc122cd06bdaf6e70b0d8ecb7ba51
EXPORTER_SECRET 80364ab4bfc46c71adecd0a7a6786f0183d479dbf29c71a4c1af8f80e01b10d6 eeef847850bd19af1e114f3620e24357bd88faf40ed888776b2856da7fc0f381
CLIENT_HANDSHAKE_TRAFFIC_SECRET e8f909761da51cf2253d0b08370568542f1ece322bcd59d9a6ec876d57aaa176 ec6f146f55f31defb0939952de50895e2141d0213f87f4e894ceea82136bfb79
SERVER_HANDSHAKE_TRAFFIC_SECRET e8f909761da51cf2253d0b08370568542f1ece322bcd59d9a6ec876d57aaa176 095a81fdfb79dbb819bbaa5e1ebcae59027c7df71414d76aabe9ea86fe0bce44
CLIENT_TRAFFIC_SECRET_0 e8f909761da51cf2253d0b08370568542f1ece322bcd59d9a6ec876d57aaa176 758746bfe9e19c0920b4002ff6a2e8b1cd1f226bc16a91cf9cce8dd1c2fbe493
SERVER_TRAFFIC_SECRET_0 e8f909761da51cf2253d0b08370568542f1ece322bcd59d9a6ec876d57aaa176 e4dc1f70e174a228e2b71a5b312a5585141267c6de73d86a15dfc6d44ccf7a61
EXPORTER_SECRET e8f909761da51cf2253d0b08370568542f1ece322bcd59d9a6ec876d57aaa176 9e6cdc97dcf8cdd8aa8ed83603e717e57923ee5e44596be36abb52164c95ecba
CLIENT_HANDSHAKE_TRAFFIC_SECRET 4bc9954c6a159b846b197836059513676134e637e4d3ed0805a869746d0e00e5 8e46a73eab96e1f05daf9345f24db8c01cdabd7e9ba70c21d225faa6506adabf
SERVER_HANDSHAKE_TRAFFIC_SECRET 4bc9954c6a159b846b197836059513676134e637e4d3ed0805a869746d0e00e5 73389c4d61715b1e789b4632a2551a9b6eba4c6033d650a1117cb205b55883e5
CLIENT_HANDSHAKE_TRAFFIC_SECRET f28834d9a6aed01b68e45cb6b83c962d4c11175b314cdf23effaa11d928c0c17 dfe8372c2a50c19a1642bf2c2b265b93c8a7e7efc904db639a60f44abaeb52d0
SERVER_HANDSHAKE_TRAFFIC_SECRET f28834d9a6aed01b68e45cb6b83c962d4c11175b314cdf23effaa11d928c0c17 2ce6176d5cc46e7fb0e8ac468918a98596a7437041f7f97616ee9b89bc860109
CLIENT_TRAFFIC_SECRET_0 4bc9954c6a159b846b197836059513676134e637e4d3ed0805a869746d0e00e5 a47c8a793d57cb8898db6c6b4d9d998cb9b4f93b8052d043f77af7cc1880ac76
SERVER_TRAFFIC_SECRET_0 4bc9954c6a159b846b197836059513676134e637e4d3ed0805a869746d0e00e5 6a1d7fbee7f9f0464a1e0fc3ecef53f9b8ec21d8eec98b0e046950e6eb9814f9
EXPORTER_SECRET 4bc9954c6a159b846b197836059513676134e637e4d3ed0805a869746d0e00e5 85f41d99a00c651ae7ffe90d1c0237790de3f0ca3034a031ce37f9c2fc695df7
CLIENT_TRAFFIC_SECRET_0 f28834d9a6aed01b68e45cb6b83c962d4c11175b314cdf23effaa11d928c0c17 8d795149a848feec567616b26d7b1cf324599ae09fb1f6768d78794781fc6fbe
SERVER_TRAFFIC_SECRET_0 f28834d9a6aed01b68e45cb6b83c962d4c11175b314cdf23effaa11d928c0c17 71d3209e0030d30f2ba4a7f8f0ebf9cad7d9b123dcf4db3dc9a7d4279ed57007
EXPORTER_SECRET f28834d9a6aed01b68e45cb6b83c962d4c11175b314cdf23effaa11d928c0c17 87577a69edcc35a197c0e6a4f5aa53b10b6e44eec58491eea72b31c97b2145d9
CLIENT_HANDSHAKE_TRAFFIC_SECRET 16c492b7ba49f354578a85c0824845a5d0ea30ea81612a581d976f2e4f12ded3 b728be7915472eb4de48dcfcd5e6096118a099faf8fd70e144063ce2df4a6eaf
SERVER_HANDSHAKE_TRAFFIC_SECRET 16c492b7ba49f354578a85c0824845a5d0ea30ea81612a581d976f2e4f12ded3 1e61fea8ecf867cdbdb678fc81323a7d183c193362792e8b9117ae1895c9a9db
CLIENT_TRAFFIC_SECRET_0 16c492b7ba49f354578a85c0824845a5d0ea30ea81612a581d976f2e4f12ded3 886553cbde183f5de44460e1cb598f18ce6101f968929d6d062f961494003da0
SERVER_TRAFFIC_SECRET_0 16c492b7ba49f354578a85c0824845a5d0ea30ea81612a581d976f2e4f12ded3 7545f6ec7999c00e40997f447938c6cc24c873983fdade75e9fb830c5887f330
EXPORTER_SECRET 16c492b7ba49f354578a85c0824845a5d0ea30ea81612a581d976f2e4f12ded3 b3afbc6b5323a73fec6b977290297a0cad586f2494de75b2db326e2def77d093
CLIENT_HANDSHAKE_TRAFFIC_SECRET 15a2e7dddd4ca4d1696c4990748c24b09352ea4850a38015bf7f31f40e1295f6 87b0fad21d36f7b5510144b623c7e3a75def53450fa0ee9066942105e65882ac
SERVER_HANDSHAKE_TRAFFIC_SECRET 15a2e7dddd4ca4d1696c4990748c24b09352ea4850a38015bf7f31f40e1295f6 fb31138180aa5a37b01e74bcc01439e0149b144489e6f9238d8d09e810c2eccb
CLIENT_TRAFFIC_SECRET_0 15a2e7dddd4ca4d1696c4990748c24b09352ea4850a38015bf7f31f40e1295f6 f9bad0ffd9a44fa5c83005a22a72d6dc4c64d003fa42a742a8b3e8ea0a97fde1
SERVER_TRAFFIC_SECRET_0 15a2e7dddd4ca4d1696c4990748c24b09352ea4850a38015bf7f31f40e1295f6 9d109b9713af13369de9e3a24918b229d88d2938b6c3034b0f4bf2031e76b25d
EXPORTER_SECRET 15a2e7dddd4ca4d1696c4990748c24b09352ea4850a38015bf7f31f40e1295f6 960a77c07b0684134775527529b49906f9046e6667a83d274f3600278fdcc998
CLIENT_HANDSHAKE_TRAFFIC_SECRET 45e0a85721aa4b31cf61792c8072e209900ab78d3a42e8b10cebcc40a402970e 39fce0a0c7745953cce35ab6f1d52764fdad788ccd0dc927996d416d65044666
SERVER_HANDSHAKE_TRAFFIC_SECRET 45e0a85721aa4b31cf61792c8072e209900ab78d3a42e8b10cebcc40a402970e 04b425a70e634e8a3c7e61e80970d480b8e331954b9619e74ebe40566ca14b2c
CLIENT_TRAFFIC_SECRET_0 45e0a85721aa4b31cf61792c8072e209900ab78d3a42e8b10cebcc40a402970e 505f32ad60e4fc21b0440ce2394caf2ae1e886022ce2683a12afafc3cc3c2a19
SERVER_TRAFFIC_SECRET_0 45e0a85721aa4b31cf61792c8072e209900ab78d3a42e8b10cebcc40a402970e 46afbc7667f46661bcefabbc1f451d4d9e393a60f9a20e8b58cf7983def3a042
EXPORTER_SECRET 45e0a85721aa4b31cf61792c8072e209900ab78d3a42e8b10cebcc40a402970e 742b45df6a34c11179abf5019784268669bc722738c7d0f1b88b193f5138a568
CLIENT_HANDSHAKE_TRAFFIC_SECRET 972afb78c0bc2e6da938e3b45f67f1fcce5b7bd73662025ea770abc136abe519 ca3a9d04d5f87174d0230ea827e5cb8ab7c0daf867488a43026257cc5e999d80
SERVER_HANDSHAKE_TRAFFIC_SECRET 972afb78c0bc2e6da938e3b45f67f1fcce5b7bd73662025ea770abc136abe519 2925876f3ae544fe68fb9e62299b71da24e500aa8d9c307083001a7b0d157abd
CLIENT_HANDSHAKE_TRAFFIC_SECRET ab59480948c23a33cf9f69aa19d155c023e20b3bee1648c22215505f6234301e 19d52561a0600969fd6651341453bf207085a6c24a0d7fad7cbdcb169edcf90d
SERVER_HANDSHAKE_TRAFFIC_SECRET ab59480948c23a33cf9f69aa19d155c023e20b3bee1648c22215505f6234301e 38bd3fbd86b5a15b41eeb9eab57cc2181a67d13a8682bfd9cb8258309535e680
CLIENT_TRAFFIC_SECRET_0 ab59480948c23a33cf9f69aa19d155c023e20b3bee1648c22215505f6234301e b5727892164a74e53c08da36854d93646e73d542a4af56a5f8e5a6ac479b1c77
SERVER_TRAFFIC_SECRET_0 ab59480948c23a33cf9f69aa19d155c023e20b3bee1648c22215505f6234301e 860175d9bdaef5212ac1a495b94327f7d0dbc43c06590563bda23e0a07df7809
EXPORTER_SECRET ab59480948c23a33cf9f69aa19d155c023e20b3bee1648c22215505f6234301e 689dcc8d3c04d21c4c83c5414f5d927b708cfde2c72047a44f95075870d1612f
CLIENT_TRAFFIC_SECRET_0 972afb78c0bc2e6da938e3b45f67f1fcce5b7bd73662025ea770abc136abe519 b281e37a52f73d29304127fc089b6890bd9dfafc1d9511139d1d370114868cc1
SERVER_TRAFFIC_SECRET_0 972afb78c0bc2e6da938e3b45f67f1fcce5b7bd73662025ea770abc136abe519 24217617426606d13bc0198551f068fb919df09fa21ad8b02cf8a91d6d867087
EXPORTER_SECRET 972afb78c0bc2e6da938e3b45f67f1fcce5b7bd73662025ea770abc136abe519 932d858f8564f5d86e864b8f9d3ea5d8a59d78555133a9c6d43e40be32098679
CLIENT_HANDSHAKE_TRAFFIC_SECRET b7ac4e0344fd986bfc574c74d90c9f3bc1c74e7e476c0cc89a98765a531285b3 5b90f0780f424d27a1a4f9886ea110b849f2b8a1b8b0f764bf90e3c72adf3282
SERVER_HANDSHAKE_TRAFFIC_SECRET b7ac4e0344fd986bfc574c74d90c9f3bc1c74e7e476c0cc89a98765a531285b3 6aadd1f286e6b97b18492deeb67d7d5beae0d04612d8ad8d412dafb36b6ad11f
CLIENT_HANDSHAKE_TRAFFIC_SECRET 8c0ce300735b462a50d7bc0c8aeb7e4e62914c1a907945a171a73431ebaf9531 726ee9523438647ca298d31f8a0f8326d9013e869f32c03fcf72987d61bb0cfc
SERVER_HANDSHAKE_TRAFFIC_SECRET 8c0ce300735b462a50d7bc0c8aeb7e4e62914c1a907945a171a73431ebaf9531 397d5739d318f39d3bb98bba6a58f5b47c753cfe6da142612eeac44baf2766ec
CLIENT_TRAFFIC_SECRET_0 8c0ce300735b462a50d7bc0c8aeb7e4e62914c1a907945a171a73431ebaf9531 6c9b4e62e18239a7ac0964ebb9e0d8f6ee8fa84fd4cb29bf3a56aed8c4333778
SERVER_TRAFFIC_SECRET_0 8c0ce300735b462a50d7bc0c8aeb7e4e62914c1a907945a171a73431ebaf9531 6e400a5639f46e79f815f3d9cca1a5ca6e954078722fec12dc3824aa06c315c7
EXPORTER_SECRET 8c0ce300735b462a50d7bc0c8aeb7e4e62914c1a907945a171a73431ebaf9531 e76ac91c3e84fabc9b7fdebfa5b4f01357714aabcf8955d8951d2a275078963e
CLIENT_TRAFFIC_SECRET_0 b7ac4e0344fd986bfc574c74d90c9f3bc1c74e7e476c0cc89a98765a531285b3 4b2ae2dac1a50e2ed297d2eb58f123c79b4373b165806a5bf29b667ce06f3df7
SERVER_TRAFFIC_SECRET_0 b7ac4e0344fd986bfc574c74d90c9f3bc1c74e7e476c0cc89a98765a531285b3 1de2e189e39a697a35f3d0034eb640869a4c04dcf46102f7e497afe09992c70f
EXPORTER_SECRET b7ac4e0344fd986bfc574c74d90c9f3bc1c74e7e476c0cc89a98765a531285b3 0c96bd49ecb5daf74431717b21fc8f6eadaf6e5e8b61ef83174b5d2a86686a5b
CLIENT_HANDSHAKE_TRAFFIC_SECRET f76bfe5fc26bd28aeb4f9cde975bfba7284ccc7f00d2ff616464cda2bfd4d724 7cc2654238bb3223cca1ef1dbb45728a867072389aff06d552470ad8e3c115a3
SERVER_HANDSHAKE_TRAFFIC_SECRET f76bfe5fc26bd28aeb4f9cde975bfba7284ccc7f00d2ff616464cda2bfd4d724 a384dcdc768867bc8d6fdbec1e8c25c9fec1733d7f9624e2e967665e6e389177
CLIENT_HANDSHAKE_TRAFFIC_SECRET 5631ba20252b00460fa693d258d0bb376476375c87b5281a0331fe53e220f354 1abda8fb36ac13bec8ade934ef7a15aa237ec7efbfa9f0c03ebb6bedd776737e
SERVER_HANDSHAKE_TRAFFIC_SECRET 5631ba20252b00460fa693d258d0bb376476375c87b5281a0331fe53e220f354 5831d13831464e1c06fd83b5b2294c4649a2c76644695926d2971f2560cc151a
CLIENT_TRAFFIC_SECRET_0 f76bfe5fc26bd28aeb4f9cde975bfba7284ccc7f00d2ff616464cda2bfd4d724 9911b89dc299e9c8e266e6473ed314e379e559caa4c153ce8c102437c8c4fe31
SERVER_TRAFFIC_SECRET_0 f76bfe5fc26bd28aeb4f9cde975bfba7284ccc7f00d2ff616464cda2bfd4d724 248372c8e55e9cb149918eeafda4db67297b558600c996fa3adaf181eb5b61be
EXPORTER_SECRET f76bfe5fc26bd28aeb4f9cde975bfba7284ccc7f00d2ff616464cda2bfd4d724 9afe2af9f1c3cfa2849018d224ed30c7f445b4aaed17e3f3085ac743b42dcb48
CLIENT_TRAFFIC_SECRET_0 5631ba20252b00460fa693d258d0bb376476375c87b5281a0331fe53e220f354 50fb241294acc59f050d1a87f1103370334412f025207fa0c3c55df611fd9dde
SERVER_TRAFFIC_SECRET_0 5631ba20252b00460fa693d258d0bb376476375c87b5281a0331fe53e220f354 f635508876b29262365c95039bbb579e91450b835ca0d4a9e1f006a944bddb3c
EXPORTER_SECRET 5631ba20252b00460fa693d258d0bb376476375c87b5281a0331fe53e220f354 6d8bba331b234f3ae0927bc5b4e9e8a51cfb76dc0da45c4222647a6ffb8edbac
CLIENT_HANDSHAKE_TRAFFIC_SECRET 3c0d302c436e273debcd76adcf63f539d844fd14a5d8bd1b2fbf79fe87208b4b ab190bf48af8b74e3ffbbefd53cc9404b9034b8abb201123ac08f1b898d6858e
SERVER_HANDSHAKE_TRAFFIC_SECRET 3c0d302c436e273debcd76adcf63f539d844fd14a5d8bd1b2fbf79fe87208b4b 924e0432f6d35c2af6e784d44b3d231f364a7afa69c9ff40216e04bd65538092
CLIENT_TRAFFIC_SECRET_0 3c0d302c436e273debcd76adcf63f539d844fd14a5d8bd1b2fbf79fe87208b4b 0f281683a49164c2f337701bb2d407ed30e55d36b8dc6979776b3382e15a1407
SERVER_TRAFFIC_SECRET_0 3c0d302c436e273debcd76adcf63f539d844fd14a5d8bd1b2fbf79fe87208b4b 04b518dd04dba7c3bf66864478445f034653e80c474f446b3400bccbb3d2ce8c
EXPORTER_SECRET 3c0d302c436e273debcd76adcf63f539d844fd14a5d8bd1b2fbf79fe87208b4b f13387bd8a45c4f98abd7d447c62a1bae89296097729b8ac51fbf1ae2fda4141
CLIENT_HANDSHAKE_TRAFFIC_SECRET 300fdea8e2c424c056b9473fe27435bb36d5a15d0578dd8394a79c44e457cc67 c22f0115f7b9aaea660a8fc1afd627b9d495cd4c8f38a32e5a77c80f8050de56
SERVER_HANDSHAKE_TRAFFIC_SECRET 300fdea8e2c424c056b9473fe27435bb36d5a15d0578dd8394a79c44e457cc67 c246873f6666260949df8b5525c03741d89230c42b45587d045d133a334c446f
CLIENT_TRAFFIC_SECRET_0 300fdea8e2c424c056b9473fe27435bb36d5a15d0578dd8394a79c44e457cc67 3828b5e4361bb91830b0f5e61a524808905bb4ecac34359df90693a00f6b56b4
SERVER_TRAFFIC_SECRET_0 300fdea8e2c424c056b9473fe27435bb36d5a15d0578dd8394a79c44e457cc67 9f13f72f0c54a6e67e642baa658943533dd932d8c463d1ee1ea608e34da1c235
EXPORTER_SECRET 300fdea8e2c424c056b9473fe27435bb36d5a15d0578dd8394a79c44e457cc67 0f8f18cdb18b8c2633f11f2efba956042523c51817dfb6ee9e100b19a2dfff77
CLIENT_HANDSHAKE_TRAFFIC_SECRET 07c613e12d7d774197eb67f4260011e19c48a865c61bea5c5d20abf634a024b7 6e8e747f5e3bd5542ae8b2faedcaefce9f2fd33ab60bef5b0a41a716a96de9d7
SERVER_HANDSHAKE_TRAFFIC_SECRET 07c613e12d7d774197eb67f4260011e19c48a865c61bea5c5d20abf634a024b7 cd3344bac0b13c29a7249bf231a5872f4ed89e01b7a1c19d507bb7cdc3e5a734
CLIENT_TRAFFIC_SECRET_0 07c613e12d7d774197eb67f4260011e19c48a865c61bea5c5d20abf634a024b7 35b48648706ef526b2699ea3dcc1489a5954d845adfcf44ea965452a78165876
SERVER_TRAFFIC_SECRET_0 07c613e12d7d774197eb67f4260011e19c48a865c61bea5c5d20abf634a024b7 7b9358ce2d39c7061605211b1bfb9d5ee811acadf9c308a63ea6865c34743b6d
EXPORTER_SECRET 07c613e12d7d774197eb67f4260011e19c48a865c61bea5c5d20abf634a024b7 e23b311273456d4bfb575cec47193ce4aacc2934c4fc6c9b3586889075295f98
CLIENT_EARLY_TRAFFIC_SECRET be60b2f27d36c50c698d64212035dde15f9f77ec0719a7991068843ba94c42b4 9231a34f88295e8b81ea52faadba19eb67a256ba124136199a7af8f678c948e5
EARLY_EXPORTER_SECRET be60b2f27d36c50c698d64212035dde15f9f77ec0719a7991068843ba94c42b4 ee26b61ef6c5fb28ac39314068675de1ac0a18030d6324b9f616494b137a145d
CLIENT_HANDSHAKE_TRAFFIC_SECRET be60b2f27d36c50c698d64212035dde15f9f77ec0719a7991068843ba94c42b4 89ae438270a89825a59a6254095966cf1f5fd9bfa57594e22ccdfd34b7c11c17
SERVER_HANDSHAKE_TRAFFIC_SECRET be60b2f27d36c50c698d64212035dde15f9f77ec0719a7991068843ba94c42b4 b225afb65a8ad1a8d9490fd7b2f179e1745e3c6d0a071736c9c1b3ab41e88086
CLIENT_TRAFFIC_SECRET_0 be60b2f27d36c50c698d64212035dde15f9f77ec0719a7991068843ba94c42b4 b0b4d839cf5e15eec011f05811edb33a1873f39a60532c77ae579d2d53914f4c
SERVER_TRAFFIC_SECRET_0 be60b2f27d36c50c698d64212035dde15f9f77ec0719a7991068843ba94c42b4 c2b8406ec70697039567f995a7355116bef3399538208b75e587292699be8b9d
EXPORTER_SECRET be60b2f27d36c50c698d64212035dde15f9f77ec0719a7991068843ba94c42b4 39fce910e6a987ab9cd56ea74bc7ece4645a02008314e45aa366db6f33759765
CLIENT_HANDSHAKE_TRAFFIC_SECRET 12856aaea005a48273b72b246c4da7bc3c7cca92a0fb5498d37f992ec6382e9d 6bc2e6316c5d53e5a1617c317fb396e2d5734d2d33e3032e0cc263f0a37451f3
SERVER_HANDSHAKE_TRAFFIC_SECRET 12856aaea005a48273b72b246c4da7bc3c7cca92a0fb5498d37f992ec6382e9d 450bc39f8d288a0d5dcb5b68d9fa0d2e6c0f4b07b59eebcb07a488e20820a953
CLIENT_HANDSHAKE_TRAFFIC_SECRET d0018ee7ff5b7daa78043bef4f087d7cad2fe4db09de13a9861ae3eb6be90a63 f40f540ad980dd6c036cac50468c2433ee8d00bae4df6d9db6574b30b3d35df3
SERVER_HANDSHAKE_TRAFFIC_SECRET d0018ee7ff5b7daa78043bef4f087d7cad2fe4db09de13a9861ae3eb6be90a63 82c09673da77fc681637b7546d631f46433499f6418ca487a1578f7620dfcb82
CLIENT_HANDSHAKE_TRAFFIC_SECRET b7bedbfdb78b9ca1148c510503ce1c72c98fb9cbe59e3ff5a870151293bc4f91 b6aae39653f2aeff26f5d73d7e908166395f9242adc57e59347013587d277b84
SERVER_HANDSHAKE_TRAFFIC_SECRET b7bedbfdb78b9ca1148c510503ce1c72c98fb9cbe59e3ff5a870151293bc4f91 d76ef85b3617ff0e5a5ca7f7a2c2a2369aa51e455631f962c32cf9d5592f6d56
CLIENT_TRAFFIC_SECRET_0 d0018ee7ff5b7daa78043bef4f087d7cad2fe4db09de13a9861ae3eb6be90a63 1fe50d7b58adb51b9086d358cc230ea86789b665f938b1dd17e60ed3d1876a95
SERVER_TRAFFIC_SECRET_0 d0018ee7ff5b7daa78043bef4f087d7cad2fe4db09de13a9861ae3eb6be90a63 021d42cfbdeb1cf3533e0ed163de14fcacab5f242c6bf0afa98778124c0c83f0
EXPORTER_SECRET d0018ee7ff5b7daa78043bef4f087d7cad2fe4db09de13a9861ae3eb6be90a63 1e547a9593d22be073166f3019d679c792650d95fee5b2f53f80a84a0d114260
CLIENT_TRAFFIC_SECRET_0 12856aaea005a48273b72b246c4da7bc3c7cca92a0fb5498d37f992ec6382e9d 21a1271a7f02d2934659dcfaca0de409e65fee5ea32128cabcf7d6a3e4d7ef37
SERVER_TRAFFIC_SECRET_0 12856aaea005a48273b72b246c4da7bc3c7cca92a0fb5498d37f992ec6382e9d 4527815166ba54ed8ccdb8d8a8f018fa2b1108fb7d4bd3e613de10af6da92edd
EXPORTER_SECRET 12856aaea005a48273b72b246c4da7bc3c7cca92a0fb5498d37f992ec6382e9d 47a86634378ad5e9680dbdcce8cad3998717fa4817b26d66d361b3091d4ccc2d
CLIENT_TRAFFIC_SECRET_0 b7bedbfdb78b9ca1148c510503ce1c72c98fb9cbe59e3ff5a870151293bc4f91 217b061af2bf9f79ccdab6bf0e2f016df2182ec57e99f8f17dbd214c57082bba
SERVER_TRAFFIC_SECRET_0 b7bedbfdb78b9ca1148c510503ce1c72c98fb9cbe59e3ff5a870151293bc4f91 769a19cf3f3868fc758c02d09771aefb7902cc817dbd6bbf97447b8f05564cd6
EXPORTER_SECRET b7bedbfdb78b9ca1148c510503ce1c72c98fb9cbe59e3ff5a870151293bc4f91 d7fdb1c9a599fdfdc30467244ff9c3a14974134ef3cf3ff731de4729210d5738
CLIENT_HANDSHAKE_TRAFFIC_SECRET e1b1b65032a4ce6b5ff9d5b11cdd8a573350db732fb99dcbded173ecec58fa24 4fa3dc35f8eacaf317083b72157b1380ccb9e12622de1134058037736a22d938
SERVER_HANDSHAKE_TRAFFIC_SECRET e1b1b65032a4ce6b5ff9d5b11cdd8a573350db732fb99dcbded173ecec58fa24 6f70fd5323fafdec9f2bc1111ba7917570a3a481334e7eb3d3b02e96749745c2
CLIENT_TRAFFIC_SECRET_0 e1b1b65032a4ce6b5ff9d5b11cdd8a573350db732fb99dcbded173ecec58fa24 86b32850b2d761519019eb9b917dcb51cbd06d73760539829cb14f32c3fa53ee
SERVER_TRAFFIC_SECRET_0 e1b1b65032a4ce6b5ff9d5b11cdd8a573350db732fb99dcbded173ecec58fa24 79b41503556d6edecd2a9236e08d877842a54afd05a16f5ca3c49cfd44183e26
EXPORTER_SECRET e1b1b65032a4ce6b5ff9d5b11cdd8a573350db732fb99dcbded173ecec58fa24 3866b378585e9f593812c5fbc8e3e51eef0dd778574186b902a831ba25d1f125
CLIENT_HANDSHAKE_TRAFFIC_SECRET 03edd929a11ce2ceec35a819d87ffaddee420b37a4cf811df737381c4466bc0f be3e63c44f57df03c5134451cd518b28860c4d32c3b50333ccc60f10a8a53056
SERVER_HANDSHAKE_TRAFFIC_SECRET 03edd929a11ce2ceec35a819d87ffaddee420b37a4cf811df737381c4466bc0f 395517d8f9468b6c9e97fbf829be21f8aed40179f2b16cab94d2f915edd69e64
CLIENT_TRAFFIC_SECRET_0 03edd929a11ce2ceec35a819d87ffaddee420b37a4cf811df737381c4466bc0f 5e5409a24805f6e25efb360fffe504ddc93826f6320a1f8d25977174d93e3c53
SERVER_TRAFFIC_SECRET_0 03edd929a11ce2ceec35a819d87ffaddee420b37a4cf811df737381c4466bc0f 1745e6ba2099907dcdbb3f2c996de194930b2e40940f0dbae21dabe7060ef4bd
EXPORTER_SECRET 03edd929a11ce2ceec35a819d87ffaddee420b37a4cf811df737381c4466bc0f e48b6b2a3c0da1f4e7f1e46270366bb70d29ca625e20b1e8486028975380c398
CLIENT_HANDSHAKE_TRAFFIC_SECRET e79ff1d397977341993abf4b51dcb037a8aa51e442a039b1394c5a1ba75131d2 ccd5e509b02993c6a065a91b5da276f66232b160fbc7262502f77960b02a8957
SERVER_HANDSHAKE_TRAFFIC_SECRET e79ff1d397977341993abf4b51dcb037a8aa51e442a039b1394c5a1ba75131d2 1e88611c661c8226c9dd579c28fa1cda5432b915285924b497d0d874e7205d39
CLIENT_TRAFFIC_SECRET_0 e79ff1d397977341993abf4b51dcb037a8aa51e442a039b1394c5a1ba75131d2 fbcc131c4712e4e4448e8223ab96d995dd4daa986169650c34aa30fba632e5c9
SERVER_TRAFFIC_SECRET_0 e79ff1d397977341993abf4b51dcb037a8aa51e442a039b1394c5a1ba75131d2 f1e9fbc1e5d40333c405215f1dac4b70c68f3f7d76ced66205c7de395f866059
EXPORTER_SECRET e79ff1d397977341993abf4b51dcb037a8aa51e442a039b1394c5a1ba75131d2 1265852b9b9db8a5bc42976d3a44c7b9042ebcf17459191be3da30c7d88caf65
CLIENT_HANDSHAKE_TRAFFIC_SECRET a82f041b5e4b61137c6bdb89992f24781e24e1d7e95d1f69298f892b96a533b0 0047b59bb04dafae7ba05be03ebe2859ec5cbdd78c54435f29db623e0c017710
SERVER_HANDSHAKE_TRAFFIC_SECRET a82f041b5e4b61137c6bdb89992f24781e24e1d7e95d1f69298f892b96a533b0 6b77102c4f1954a32b4be232a0c24004d74c2fc5b1eec828e324376607e5380b
CLIENT_HANDSHAKE_TRAFFIC_SECRET d8cb130c44c0e1b9fda29b3ff28b73025ff8ad4119e7d73961ede4f7f33b2398 88d212ea77be15fee674377e006ba98365cc2cd0be4ff192e4e853a327c9a5c7
SERVER_HANDSHAKE_TRAFFIC_SECRET d8cb130c44c0e1b9fda29b3ff28b73025ff8ad4119e7d73961ede4f7f33b2398 44ea2fd4abceccc497a7a1d244b9b830ae7a2f89a3cadd6455350f0a7460110d
CLIENT_HANDSHAKE_TRAFFIC_SECRET a8be5f289d4c926fc1b1891151532f15c7f438caf5e09f54b4450c443ab474f3 e2aeb5c8463a70565378a7c9888ce2051bc9a58b817ba1682ddb844004a537e7
SERVER_HANDSHAKE_TRAFFIC_SECRET a8be5f289d4c926fc1b1891151532f15c7f438caf5e09f54b4450c443ab474f3 3bc2f5f1d04ad282fbd8991620cf6dccaefc0025703c4838e381d148e8ee0b7e
CLIENT_TRAFFIC_SECRET_0 a8be5f289d4c926fc1b1891151532f15c7f438caf5e09f54b4450c443ab474f3 ebbf4dd745107a0426cf033fe7cac4cbae2e05f3b292040e46d21ad546f0a864
SERVER_TRAFFIC_SECRET_0 a8be5f289d4c926fc1b1891151532f15c7f438caf5e09f54b4450c443ab474f3 64b358f5085e7af6c389c71e601d5fc81ca5aeb3fc2cbdaa19001238f164ed09
EXPORTER_SECRET a8be5f289d4c926fc1b1891151532f15c7f438caf5e09f54b4450c443ab474f3 775e732498552bd1f6b862f0aea4950fc2395ae3ccdd0a8dcf5574103d499459
CLIENT_HANDSHAKE_TRAFFIC_SECRET d40acab372cf8c8f29f2c1711e284e8f6458146b695ab6e82e0ff229fe59dc0c 89e3e142ef2d1e9bc15f089307f96d746451be5628c08cd2d8775dcb843e4510
SERVER_HANDSHAKE_TRAFFIC_SECRET d40acab372cf8c8f29f2c1711e284e8f6458146b695ab6e82e0ff229fe59dc0c 796ab64a0c016fef67698ea7ad8797d047a777d1779104f35d4ec372643f55c6
CLIENT_HANDSHAKE_TRAFFIC_SECRET 22170e1f6e69ef622c7f604c9a4dbde6d913fc6ca6d673f5197e66e07a79e784 a612ef9d13897396628f650b1343fc0ba4f1364f7ab100d2160ee1b01101d9d4
SERVER_HANDSHAKE_TRAFFIC_SECRET 22170e1f6e69ef622c7f604c9a4dbde6d913fc6ca6d673f5197e66e07a79e784 c27e65470fc96f6751af243e767955443b1232e80e0ae2c8285e09df597bb71c
CLIENT_HANDSHAKE_TRAFFIC_SECRET 818954153bb9e74ea134264f27051c7dd85c9d4f5e9fa1e627adecd7ba3c2df7 28e15949f909e20cb6efe45969c80bed8633d8969ad6eee1cd61f294707255dc
SERVER_HANDSHAKE_TRAFFIC_SECRET 818954153bb9e74ea134264f27051c7dd85c9d4f5e9fa1e627adecd7ba3c2df7 db66d206fd496f5d651484652f4ab55c912c518dc6d404ddb1ad510fddb37109
CLIENT_HANDSHAKE_TRAFFIC_SECRET 8fb0ec8e45b34c14b0f79704618d37df67e6c350abdacd1dc4e1ece1d4261169 e340e2fe94175c2d581578a6d5febfe019575a44d9e2c8d5608510f0f5c51411
SERVER_HANDSHAKE_TRAFFIC_SECRET 8fb0ec8e45b34c14b0f79704618d37df67e6c350abdacd1dc4e1ece1d4261169 14c95ff602689aeb942b5d54cb09ea3ef05232bacec0eb95fc94be1cf7508ca8
CLIENT_TRAFFIC_SECRET_0 a82f041b5e4b61137c6bdb89992f24781e24e1d7e95d1f69298f892b96a533b0 9e222d80c114df8506e573c45931bea5529563dceedd0d0e103822a5bd7856db
SERVER_TRAFFIC_SECRET_0 a82f041b5e4b61137c6bdb89992f24781e24e1d7e95d1f69298f892b96a533b0 cb300200b8ee636aac227049add333f3290219f7ca2eb1316baf074ad243ab47
EXPORTER_SECRET a82f041b5e4b61137c6bdb89992f24781e24e1d7e95d1f69298f892b96a533b0 3f26ec0fd25909322e5d41c1140507fc24d25f4a1d869753ffeb338736ee4250
CLIENT_TRAFFIC_SECRET_0 8fb0ec8e45b34c14b0f79704618d37df67e6c350abdacd1dc4e1ece1d4261169 5a6b9250d32a96dd0806790f957e1f536ab55458a8863e58f3abc65b4e2499b3
SERVER_TRAFFIC_SECRET_0 8fb0ec8e45b34c14b0f79704618d37df67e6c350abdacd1dc4e1ece1d4261169 49fac66ffbfb1232432ecf817e5cbae1acf03047e9f1e92ca4fbbb164eed9617
EXPORTER_SECRET 8fb0ec8e45b34c14b0f79704618d37df67e6c350abdacd1dc4e1ece1d4261169 bcad989eb92d1a8f3ca26d9bfbc926efef210115af209289d56f03f5128fda5e
CLIENT_TRAFFIC_SECRET_0 d8cb130c44c0e1b9fda29b3ff28b73025ff8ad4119e7d73961ede4f7f33b2398 3fde529088b849b9aa181d2b4290bf9f2784ae664289d58eec1c93b292848c05
SERVER_TRAFFIC_SECRET_0 d8cb130c44c0e1b9fda29b3ff28b73025ff8ad4119e7d73961ede4f7f33b2398 b4f48142f691a216cc8f2d9a8a025b78258cbd4f380cfc0669b793e2b16b7206
EXPORTER_SECRET d8cb130c44c0e1b9fda29b3ff28b73025ff8ad4119e7d73961ede4f7f33b2398 419430a4624699221fda2a24ad57c1ef1c11909bd5ddfc0ba8a4089caf7ae273
CLIENT_TRAFFIC_SECRET_0 d40acab372cf8c8f29f2c1711e284e8f6458146b695ab6e82e0ff229fe59dc0c 857030b2bcfe78e2f0f1b020ab86389848cd4861c2003f8068b03db04f0701ec
SERVER_TRAFFIC_SECRET_0 d40acab372cf8c8f29f2c1711e284e8f6458146b695ab6e82e0ff229fe59dc0c 6ed6a5bae61775bf344190dce45d4ae8a5b374e54fc5265ef24e5918de34224a
EXPORTER_SECRET d40acab372cf8c8f29f2c1711e284e8f6458146b695ab6e82e0ff229fe59dc0c 6f9e448fb9d88dd2e021aed40dec14924b5aa97e5efd0a467aa824673f4553d4
CLIENT_TRAFFIC_SECRET_0 818954153bb9e74ea134264f27051c7dd85c9d4f5e9fa1e627adecd7ba3c2df7 d70abbbed4f028841cf9c574a17613b589858f8ebcfad6aa897eadf243c1a0ae
SERVER_TRAFFIC_SECRET_0 818954153bb9e74ea134264f27051c7dd85c9d4f5e9fa1e627adecd7ba3c2df7 9b36af8a7a227008532047f5b89e18843dfd001cff1266d2ee7fcbb64b8061dd
EXPORTER_SECRET 818954153bb9e74ea134264f27051c7dd85c9d4f5e9fa1e627adecd7ba3c2df7 9fb8ba8850625fcb349c7ee930b003a771c0857c5e842052688a716332ddfb1c
CLIENT_HANDSHAKE_TRAFFIC_SECRET 20365b052b1fe689f1ded8b324578d62b8c185415cf3a48975d27ee901648e23 ac5a2b1e04aca9707c7800723b660fe9d67ceb1d503fe76f638b6f0b6f79f3d7
SERVER_HANDSHAKE_TRAFFIC_SECRET 20365b052b1fe689f1ded8b324578d62b8c185415cf3a48975d27ee901648e23 da987c762333435c2d348ff24a242ad5007f01717f0fdd9d1a8fe635666b57c0
CLIENT_TRAFFIC_SECRET_0 22170e1f6e69ef622c7f604c9a4dbde6d913fc6ca6d673f5197e66e07a79e784 a9b16f22ea7d3227741a3dad6ca21279012523a2685752d2cac732fb8e49635d
SERVER_TRAFFIC_SECRET_0 22170e1f6e69ef622c7f604c9a4dbde6d913fc6ca6d673f5197e66e07a79e784 d5e4902d6a0003972d16e9a389e343ecfe2efef3dc8e7c9cf4f0c25c5445c657
EXPORTER_SECRET 22170e1f6e69ef622c7f604c9a4dbde6d913fc6ca6d673f5197e66e07a79e784 ce26f71372bc5dc37c295487c19a2bb0839d7d2917690eb4bbc99c446065cabb
CLIENT_HANDSHAKE_TRAFFIC_SECRET c0f76b284abc76d14ce8a20172bf39d1f670ac64f1000d4d8942d8b70bebc3db 38886a057ce3e6d74e1a8ea2212881a44faf2c5086c0ef34dced0d5d3192bb64
SERVER_HANDSHAKE_TRAFFIC_SECRET c0f76b284abc76d14ce8a20172bf39d1f670ac64f1000d4d8942d8b70bebc3db 606972f2cfa794235352de8566351aeefa6b0309bff2941a6d2963e60574b896
CLIENT_TRAFFIC_SECRET_0 20365b052b1fe689f1ded8b324578d62b8c185415cf3a48975d27ee901648e23 8444dbaf0874a964d0fc457de0e137cb7edeb0017d7d7703e939cea064226fdd
SERVER_TRAFFIC_SECRET_0 20365b052b1fe689f1ded8b324578d62b8c185415cf3a48975d27ee901648e23 08ef7bfa302b6ca9134c8de41a2b57249f478d230ea1bd87e10011b889d71a79
EXPORTER_SECRET 20365b052b1fe689f1ded8b324578d62b8c185415cf3a48975d27ee901648e23 3601938d716018781ddee314fa7e34006a4f0d540566451a298c27acc8323034
CLIENT_HANDSHAKE_TRAFFIC_SECRET 79815aa65712a7524c782c467d091707af4ddb101e97c44e6b454d89e29a2627 d56d8867d62d86f24094a011c6c2e10b03a1b0e24f9d076e39d3dcbe116353f9
SERVER_HANDSHAKE_TRAFFIC_SECRET 79815aa65712a7524c782c467d091707af4ddb101e97c44e6b454d89e29a2627 e7dfcf9dfaf759a68f346db6a21debe0fdec76670cd59ef8e84fe196f4d2eb37
CLIENT_TRAFFIC_SECRET_0 79815aa65712a7524c782c467d091707af4ddb101e97c44e6b454d89e29a2627 4cb4dc13b2e1bba6cc1a6e763d757d7790d62569ecaa96a22409a8b20e064621
SERVER_TRAFFIC_SECRET_0 79815aa65712a7524c782c467d091707af4ddb101e97c44e6b454d89e29a2627 1e656d1997a23c9d9ca1f88cf0e9dc45a736e8ca2c58a7a93d0bc899cc4644f5
EXPORTER_SECRET 79815aa65712a7524c782c467d091707af4ddb101e97c44e6b454d89e29a2627 5395f3fa181e932b79f89c4f194bbb4bc992eb3fff0700b3db051d3f8af44453
CLIENT_TRAFFIC_SECRET_0 c0f76b284abc76d14ce8a20172bf39d1f670ac64f1000d4d8942d8b70bebc3db 5373c8559fd88f772c44118eac70190e3cdb40d870ddfcc28ad935366871eab1
SERVER_TRAFFIC_SECRET_0 c0f76b284abc76d14ce8a20172bf39d1f670ac64f1000d4d8942d8b70bebc3db c16ab6a4dd8b80d127851aedc1860d27ac8a92bd25eff67d5c13ab587df04ffc
EXPORTER_SECRET c0f76b284abc76d14ce8a20172bf39d1f670ac64f1000d4d8942d8b70bebc3db 03a5ccbb6b93216fc3a4d1f03d88e0489655d792d0ee1157f2d08d64ed40e852
CLIENT_HANDSHAKE_TRAFFIC_SECRET e40cadf9daa054dd8f997ad650f65c96e7fb25de15d32b28a543045eb7448576 f29456850487cc99b4fc4cb636ee6304489d4056860edb7c30ad365df3e49cb0
SERVER_HANDSHAKE_TRAFFIC_SECRET e40cadf9daa054dd8f997ad650f65c96e7fb25de15d32b28a543045eb7448576 91ac936f2e7ea5640ed932427c36ca8ec3873ee551d75f2e2a42d5d928df54a1
CLIENT_HANDSHAKE_TRAFFIC_SECRET 386dcce4a999db187f483000c80ee0ab394c7e65cffe8e91eed10c154482b5a1 dd44b04bf63fea30714a67f838357503936a4b576b9ba3d1bace2c499b03a19b
SERVER_HANDSHAKE_TRAFFIC_SECRET 386dcce4a999db187f483000c80ee0ab394c7e65cffe8e91eed10c154482b5a1 2a444f0c800280c38bed7e6181b40a1df10ad6713c121644be1e1d2ea034caaf
CLIENT_TRAFFIC_SECRET_0 e40cadf9daa054dd8f997ad650f65c96e7fb25de15d32b28a543045eb7448576 c4c9978a56eda59505c6755f2bd608bb002ff7e90a9727ad5fe7e6d6f9a73a49
SERVER_TRAFFIC_SECRET_0 e40cadf9daa054dd8f997ad650f65c96e7fb25de15d32b28a543045eb7448576 c4cdf0f3dc6571357670f33dec6c0de809267965dbed65b5f87e219e37ea3331
EXPORTER_SECRET e40cadf9daa054dd8f997ad650f65c96e7fb25de15d32b28a543045eb7448576 44c3adba49611cbdc525beecba62f8b871766fdf54377f8db4cec31764969ad3
CLIENT_TRAFFIC_SECRET_0 386dcce4a999db187f483000c80ee0ab394c7e65cffe8e91eed10c154482b5a1 9ae951bfc12e69af5aabdcbb7b1456a72f295279fcc4ab03fad430cbd30fd501
SERVER_TRAFFIC_SECRET_0 386dcce4a999db187f483000c80ee0ab394c7e65cffe8e91eed10c154482b5a1 5a77ecd9193dd907968dd1d04681d775b9dad0775b766e674b4e5e0d7b347e82
EXPORTER_SECRET 386dcce4a999db187f483000c80ee0ab394c7e65cffe8e91eed10c154482b5a1 a4227995ed07685ee15506a41247e0ccbc3f03720225c8978e30aa7a5efa7d93
CLIENT_HANDSHAKE_TRAFFIC_SECRET 272ddb586fb94d37a0b8790809e1d50dd61566d26d2dcc39309bad87a5a930e9 b084039315e51954153d5231a83cb1de9949a0ca2ee0f979e09c4bb7f1b4773d
SERVER_HANDSHAKE_TRAFFIC_SECRET 272ddb586fb94d37a0b8790809e1d50dd61566d26d2dcc39309bad87a5a930e9 0ed457fa41aec264759f043969a7b69c312a0b519427439bc9585f5fc4b0be99
CLIENT_TRAFFIC_SECRET_0 272ddb586fb94d37a0b8790809e1d50dd61566d26d2dcc39309bad87a5a930e9 bfb87c7ce16a7bc29ba0f5238efdaf65d77763b7666e00ff0fa20b887b372058
SERVER_TRAFFIC_SECRET_0 272ddb586fb94d37a0b8790809e1d50dd61566d26d2dcc39309bad87a5a930e9 6876737d097119a40ce8b05119990f2e4b3322d2565f95e0f6c21cb666eb971f
EXPORTER_SECRET 272ddb586fb94d37a0b8790809e1d50dd61566d26d2dcc39309bad87a5a930e9 4c7fbf7f0ba263c7f0c3f04dc2bc26d421ec0ef07b20dc53a594e71b22cef833
CLIENT_HANDSHAKE_TRAFFIC_SECRET c21d10171d8ff7e2996c54a8d1d708b7ba130cfeb0a67d9dab794262ea6b787d eae34b6c9b28e21b7eea3e13e5036e4483ba915f859eeeba355a64891a2bef07
SERVER_HANDSHAKE_TRAFFIC_SECRET c21d10171d8ff7e2996c54a8d1d708b7ba130cfeb0a67d9dab794262ea6b787d 8c3b1591843ca6c397dd96bae9da69ff4b85047485685168d3e21b8956e6cf1c
CLIENT_TRAFFIC_SECRET_0 c21d10171d8ff7e2996c54a8d1d708b7ba130cfeb0a67d9dab794262ea6b787d 3e76a54cf0bfef84fba466a4ffd19a08340e37a8d638f9a79d1133ffd08f6b1c
SERVER_TRAFFIC_SECRET_0 c21d10171d8ff7e2996c54a8d1d708b7ba130cfeb0a67d9dab794262ea6b787d aa6b557090dcedca2a0dd4fea07606a526e3aaf5583b86c04e4bbdd37290e115
EXPORTER_SECRET c21d10171d8ff7e2996c54a8d1d708b7ba130cfeb0a67d9dab794262ea6b787d 844d616061676110b8c5ad6402ab516e4ec8ff19b54f7e9e03c32791e160ed6a
CLIENT_HANDSHAKE_TRAFFIC_SECRET b652c654076ea6cf737f9d32022064d48ddff51805bdcad5e03ed0f86df9f144 d5d5990636ed30ef768812cc5278725b388a8d5d644c7d0521b85bcd3b61e149
SERVER_HANDSHAKE_TRAFFIC_SECRET b652c654076ea6cf737f9d32022064d48ddff51805bdcad5e03ed0f86df9f144 b0fb4801086267af262bee4f864ffba3f87e69c1d766bcf06c37df18d0a5cb95
CLIENT_TRAFFIC_SECRET_0 b652c654076ea6cf737f9d32022064d48ddff51805bdcad5e03ed0f86df9f144 b64ed92f35b825e317e1104da6107340c9bd3f370db60e5fa85ef6c5e0458d5f
SERVER_TRAFFIC_SECRET_0 b652c654076ea6cf737f9d32022064d48ddff51805bdcad5e03ed0f86df9f144 383d0e0944834b3abbd5b008c1fd853b2223d84feaea675fd33c5066f36b1ac1
EXPORTER_SECRET b652c654076ea6cf737f9d32022064d48ddff51805bdcad5e03ed0f86df9f144 922f7ce238eaf33c85781b44aee6671861d500eeceb476a2c0d58983eb5f3cd2
CLIENT_HANDSHAKE_TRAFFIC_SECRET 80facf7120365dc9f85cbfe6c8a94ed7e7edac478471bd9c5629fb5797e25ce2 5717e60e81cd669fa529d8e63fad95bfcd5c0a18f11522ccd6966e7be2829cf0
SERVER_HANDSHAKE_TRAFFIC_SECRET 80facf7120365dc9f85cbfe6c8a94ed7e7edac478471bd9c5629fb5797e25ce2 d343a0302d7d19d66d8261146d77ff519e654fc0ad615206d8b96f8a6faa4654
CLIENT_TRAFFIC_SECRET_0 80facf7120365dc9f85cbfe6c8a94ed7e7edac478471bd9c5629fb5797e25ce2 915fd1558c9e77e3d931117d281a49f020f34ac25fe1d8937e51ad163d0d4a56
SERVER_TRAFFIC_SECRET_0 80facf7120365dc9f85cbfe6c8a94ed7e7edac478471bd9c5629fb5797e25ce2 d9f3f87d23284415fb2b7ea827f7c276ab8288230d9df66e4cbc2072b516645e
EXPORTER_SECRET 80facf7120365dc9f85cbfe6c8a94ed7e7edac478471bd9c5629fb5797e25ce2 c17e162527d982388f818a0847061072ec242c6c75114272be4ea1a29b5f77a6
CLIENT_HANDSHAKE_TRAFFIC_SECRET 463c0e4e9a61b4aee3818e234395c97ee19e5c0c14a34c484cb30dcf856a4726 d421dfb3a3666d0250d3b605c53a8ddfe82746595550ab171e71b538d1e37910
SERVER_HANDSHAKE_TRAFFIC_SECRET 463c0e4e9a61b4aee3818e234395c97ee19e5c0c14a34c484cb30dcf856a4726 423cc3b61462f4510d38928d79ae6853f16c6d1d6dfcdfc7444dd450f5e7ad21
CLIENT_HANDSHAKE_TRAFFIC_SECRET 2cf2650470df5e861a11ef69e74ea79cff8dfb737cea5eed9515e89a6b1fddea e9647455ae6b4eceb5afaad260741d12052abbe3d1a5b040fa2616399b8e3c98
SERVER_HANDSHAKE_TRAFFIC_SECRET 2cf2650470df5e861a11ef69e74ea79cff8dfb737cea5eed9515e89a6b1fddea 32d3ada85a45192fc85838bbfa0b054ca2e2d45a716d6ab6cca7acf5725137a2
CLIENT_TRAFFIC_SECRET_0 2cf2650470df5e861a11ef69e74ea79cff8dfb737cea5eed9515e89a6b1fddea f61b4ced94d84899c16dcc62a2607d145c3c6ab4eaeb35b7117ad0102b2f2c5b
SERVER_TRAFFIC_SECRET_0 2cf2650470df5e861a11ef69e74ea79cff8dfb737cea5eed9515e89a6b1fddea 2b5bb9e0be5e4658ef4f8afb4482e4e6bf0baf9cc2aaceabeab01bc91ea0d77c
EXPORTER_SECRET 2cf2650470df5e861a11ef69e74ea79cff8dfb737cea5eed9515e89a6b1fddea fdc27658dea3be879acf14d77f20293af2fcf778042aaf1cda60b2a7a5cca745
CLIENT_TRAFFIC_SECRET_0 463c0e4e9a61b4aee3818e234395c97ee19e5c0c14a34c484cb30dcf856a4726 436c16b068fb5e35147e1dbb17e3485b7f1dff93ff019407e85d4c37741292dc
SERVER_TRAFFIC_SECRET_0 463c0e4e9a61b4aee3818e234395c97ee19e5c0c14a34c484cb30dcf856a4726 7be2480e9b695a3e0900b987edf0463d12fd5c6c6f262dab9992ca3f75ec0281
EXPORTER_SECRET 463c0e4e9a61b4aee3818e234395c97ee19e5c0c14a34c484cb30dcf856a4726 5813eae2df258374adfb764d3873067f7bfce556de22eb8ba38b2a2126dc314a
CLIENT_HANDSHAKE_TRAFFIC_SECRET 8c4f3da57821879c198c3c18596c98f049b5ae727815ab48ad70b285c11ae4c7 0ed08fd05c3fb5ddd7eeb426e3109e1b05fe621d68e337dad20e8b0c8c9b6e7b
SERVER_HANDSHAKE_TRAFFIC_SECRET 8c4f3da57821879c198c3c18596c98f049b5ae727815ab48ad70b285c11ae4c7 46efee51c6d9f2f30d683fbe0d11d14104a89c7034084e2d40fa129b029c0f25
CLIENT_TRAFFIC_SECRET_0 8c4f3da57821879c198c3c18596c98f049b5ae727815ab48ad70b285c11ae4c7 74cabe40a8e7872fec0f982725208869b66428fea7346452f9189cef417fa433
SERVER_TRAFFIC_SECRET_0 8c4f3da57821879c198c3c18596c98f049b5ae727815ab48ad70b285c11ae4c7 4ba2b84cac3cc46171d702847351b7b3492a221a0adc132677d35e6ab9c86958
EXPORTER_SECRET 8c4f3da57821879c198c3c18596c98f049b5ae727815ab48ad70b285c11ae4c7 affb584c8d7f9846f5d70902e7124266292f2ce90656d2e45ae5da35de080b70
CLIENT_HANDSHAKE_TRAFFIC_SECRET 84f75200d772a1b9edd2ec53bc115e86a20eb0b1aa510348eae73efa0135f555 02dcfb6c57bb57b4d0481d8984cb6827fecac41a009bd62781298e3c6cc7a4ad
SERVER_HANDSHAKE_TRAFFIC_SECRET 84f75200d772a1b9edd2ec53bc115e86a20eb0b1aa510348eae73efa0135f555 753b154c85edf5421da0070cf66f25a82f0af00452f382a8f4784d3b8073414a
CLIENT_TRAFFIC_SECRET_0 84f75200d772a1b9edd2ec53bc115e86a20eb0b1aa510348eae73efa0135f555 41512805c23468ec190953d18c994f181a638e62c6c6032e5b1008083caf7bf6
SERVER_TRAFFIC_SECRET_0 84f75200d772a1b9edd2ec53bc115e86a20eb0b1aa510348eae73efa0135f555 51e7990f146d1bf0170365b4f2d029e4e5f0999b9bf9cae663ffcbc6b140462b
EXPORTER_SECRET 84f75200d772a1b9edd2ec53bc115e86a20eb0b1aa510348eae73efa0135f555 e99ab26f58bd65d4adc095597a4770ac8614a99f4c8453bd0bcc675a235e3254
CLIENT_HANDSHAKE_TRAFFIC_SECRET 8fb249094d9d7d949af534df2558d614e90e8ea07dc6d5d711bde9b5bf91ea3b 4a5d1ff61a71547589a6e67879830c5a2a36a2e483dd2ae1a818f27e90639ac4
SERVER_HANDSHAKE_TRAFFIC_SECRET 8fb249094d9d7d949af534df2558d614e90e8ea07dc6d5d711bde9b5bf91ea3b b054bba88afcd84771e71c34b72169ffbf08623ead79584c98629180d36a78db
CLIENT_TRAFFIC_SECRET_0 8fb249094d9d7d949af534df2558d614e90e8ea07dc6d5d711bde9b5bf91ea3b 14222802d86fd27193bb150f3b3c9d0433b14d6d9c67f8541d624195f11d3f36
SERVER_TRAFFIC_SECRET_0 8fb249094d9d7d949af534df2558d614e90e8ea07dc6d5d711bde9b5bf91ea3b cfdb6fabc1afe8acafb26bb60dacf385f5db8783f27157c446cdeb226dacf23b
EXPORTER_SECRET 8fb249094d9d7d949af534df2558d614e90e8ea07dc6d5d711bde9b5bf91ea3b 0a7ad173b5f1fc236827f3d7d92b9172b23fc8557a2f9723399b9164ad1a5b58
CLIENT_HANDSHAKE_TRAFFIC_SECRET 59de9df98cf4bf9e2d1a0c5964ff34275f7d71ff5c50677c90a9b8a229886636 a7b221c79183912cb7d2b41d49e3533cdcb063b8c9d84403fcd8ebc6848f6c15
SERVER_HANDSHAKE_TRAFFIC_SECRET 59de9df98cf4bf9e2d1a0c5964ff34275f7d71ff5c50677c90a9b8a229886636 c941472de45c06590cfe4de6960a694f3dbc8e3ba89deac56ad4c2055ee51103
CLIENT_HANDSHAKE_TRAFFIC_SECRET 4c0eff89303e3c0f408754537416f994e4753a4473b3115dff6a72102562e9c9 af831876fbf7b33a9e4b2839c9d8df736551ab33c43a88665d455487d3bb321d
SERVER_HANDSHAKE_TRAFFIC_SECRET 4c0eff89303e3c0f408754537416f994e4753a4473b3115dff6a72102562e9c9 d73a147b32a2811c72afe459e420e28db21505669b309e077db95e73afb9f062
CLIENT_HANDSHAKE_TRAFFIC_SECRET ed121356a4da1d48a51c1de596acc26e48030da704501c4485ef8cf16cc3ff91 d18bb781b9e6691c49004e6a5f940cf1527348a80bb8d7f0bff905cd5c8e8d51
SERVER_HANDSHAKE_TRAFFIC_SECRET ed121356a4da1d48a51c1de596acc26e48030da704501c4485ef8cf16cc3ff91 882ee777dae5b5205ddf9cf9662a9b893e81b127a5d37b404c8e9137baee27df
CLIENT_TRAFFIC_SECRET_0 4c0eff89303e3c0f408754537416f994e4753a4473b3115dff6a72102562e9c9 df4da77e8967d2c2ae93316e7e4a9370b3e18a2b1c58e32bedafb850beba7d92
SERVER_TRAFFIC_SECRET_0 4c0eff89303e3c0f408754537416f994e4753a4473b3115dff6a72102562e9c9 ca00d01678eedafe04b02275bed91d8f1cfb04d4022148bc2bda69277dee8d9a
EXPORTER_SECRET 4c0eff89303e3c0f408754537416f994e4753a4473b3115dff6a72102562e9c9 866c8a86cc4867eca0fdd430e5e012ebc52c695ce3cd198b8770b55ee8d12b63
CLIENT_TRAFFIC_SECRET_0 59de9df98cf4bf9e2d1a0c5964ff34275f7d71ff5c50677c90a9b8a229886636 bcf035c22e4a13ec6d28a35d51fa07b6cfe2ab37d9be6a6aa65064ed266dc455
SERVER_TRAFFIC_SECRET_0 59de9df98cf4bf9e2d1a0c5964ff34275f7d71ff5c50677c90a9b8a229886636 49cecb44fe4b037de69568736746913772b5458bb4b7c6c72d90028b568f72a5
EXPORTER_SECRET 59de9df98cf4bf9e2d1a0c5964ff34275f7d71ff5c50677c90a9b8a229886636 fe4c0bd1496d27b9918b51fe239cadbb62a261955150d278ff75fa1677abdd0b
CLIENT_TRAFFIC_SECRET_0 ed121356a4da1d48a51c1de596acc26e48030da704501c4485ef8cf16cc3ff91 bfaf5849cc84ed00455f6ff330651b05dd2063cbd14eaef06087c080a02da13b
SERVER_TRAFFIC_SECRET_0 ed121356a4da1d48a51c1de596acc26e48030da704501c4485ef8cf16cc3ff91 ef62c61680d49dc6748a522c687dbf2a7bd4365b5ead7813b3ab66570c80bbea
EXPORTER_SECRET ed121356a4da1d48a51c1de596acc26e48030da704501c4485ef8cf16cc3ff91 e77ad3ee8dfc81d8d7ca02c21c8f6f23626a088ede25963cb44047150a68cd8c
CLIENT_HANDSHAKE_TRAFFIC_SECRET 28a372a1798de89cc1629820509a412e28b473e7ed4803dbd7b7065c21983fce 097beb893deb5ea0635464123154457bdb932a7b137d5b4579a8f6fcacc688a9
SERVER_HANDSHAKE_TRAFFIC_SECRET 28a372a1798de89cc1629820509a412e28b473e7ed4803dbd7b7065c21983fce 606f2ca0bf3ea27663a5bbc677ad4e255b8303fde15935a3ea1d54b2d9457099
CLIENT_TRAFFIC_SECRET_0 28a372a1798de89cc1629820509a412e28b473e7ed4803dbd7b7065c21983fce a1c33c1afdd5ad84f2952afadbb23f8185661a7c3cfade62d9b42721a77d48fb
SERVER_TRAFFIC_SECRET_0 28a372a1798de89cc1629820509a412e28b473e7ed4803dbd7b7065c21983fce 50259d4263250c990582f0ef3fd7913e769751589515f04efb128abd96935f8b
EXPORTER_SECRET 28a372a1798de89cc1629820509a412e28b473e7ed4803dbd7b7065c21983fce 2981d13fbf1636bb7c754653e1c3918a50e4a0f50f060b72f7a547b09d57ad12
CLIENT_HANDSHAKE_TRAFFIC_SECRET e083128ca077584938a9a8a5bec81617928977da016d7deace2b33b47f5b2e5c 1d711af4aa94be2597ba3f39a92129a24f9d26629821b745b6bff6e58818596a
SERVER_HANDSHAKE_TRAFFIC_SECRET e083128ca077584938a9a8a5bec81617928977da016d7deace2b33b47f5b2e5c 989c6ec2e62157b2f8e6dfb87dd7819ee3c223ec87e8dfda7aa35622d427fb7f
CLIENT_TRAFFIC_SECRET_0 e083128ca077584938a9a8a5bec81617928977da016d7deace2b33b47f5b2e5c fcef72cc9c8cd369427f33d8116d3e9c9653bfbbb3f2aa77a72d7598436180a8
SERVER_TRAFFIC_SECRET_0 e083128ca077584938a9a8a5bec81617928977da016d7deace2b33b47f5b2e5c ee5e018cea90fa94ab1bf1b6f08da4f4a6662c92211b696c847c68266e4d13df
EXPORTER_SECRET e083128ca077584938a9a8a5bec81617928977da016d7deace2b33b47f5b2e5c ab9248edf06897379bc8f349ed3fbed18ab6d6f405c3fb7182ace9a365bff090
CLIENT_HANDSHAKE_TRAFFIC_SECRET 8e8b270c5ca6b84e9a6d7bad64c1f772e4bddeed34dfa9a60a28b49df79aa079 dc119b645d34f010e32e863aa2e3512723c899df01a1d37749b38a76c85751e5
SERVER_HANDSHAKE_TRAFFIC_SECRET 8e8b270c5ca6b84e9a6d7bad64c1f772e4bddeed34dfa9a60a28b49df79aa079 a5ab69509e2943bcc49a8c40ae72cec394af7ef3d2e6d3e32f6b37abf8918568
CLIENT_TRAFFIC_SECRET_0 8e8b270c5ca6b84e9a6d7bad64c1f772e4bddeed34dfa9a60a28b49df79aa079 0ff93d4d436a85e01d9ee439e9ac5f8227bf72009a4eccabb62dffb42f85398b
SERVER_TRAFFIC_SECRET_0 8e8b270c5ca6b84e9a6d7bad64c1f772e4bddeed34dfa9a60a28b49df79aa079 5b581f2fab072efc0c79a0c5e227f6d5283ceefbba115260ec8990188f323388
EXPORTER_SECRET 8e8b270c5ca6b84e9a6d7bad64c1f772e4bddeed34dfa9a60a28b49df79aa079 a0d0440cd1b8927e1c6651fe509f97eaad3fbbecc064c3788db185a10069bdf5
CLIENT_HANDSHAKE_TRAFFIC_SECRET 33f3315c75117a5a0d5b0deafe4195c85470b50635d9d3dae0d89845504c4745 4c82a66018f0be72f337f1fe28ccbae4ab21b7d9a0abe60b41fe221461949a47
SERVER_HANDSHAKE_TRAFFIC_SECRET 33f3315c75117a5a0d5b0deafe4195c85470b50635d9d3dae0d89845504c4745 44bbdf072765c97bb30c5b8845fcf29b1837b8906a8b645e020f1c54fde10e20
CLIENT_HANDSHAKE_TRAFFIC_SECRET 59d0d7438b7ab4b1b08700df501d79e09552b2e10a9267e6e095ad90ee922795 e6266cc88165d6d794823893d718ee814f765b2d1445d53c15b0863ebae2f1ae
SERVER_HANDSHAKE_TRAFFIC_SECRET 59d0d7438b7ab4b1b08700df501d79e09552b2e10a9267e6e095ad90ee922795 cdab5bd60fdf541e4203684037b946fddbb20ff295aef667fb3d3ae2ef16cb81
CLIENT_HANDSHAKE_TRAFFIC_SECRET 11a9a9131cf2f1dc86ae82d0b29215ffc7e6a0e2cb5a069559649a674ffd5d0e 39096de291a4866e88cbc8d26dd815c3c83f0e4ff235f45a6f421a0ca948634d
SERVER_HANDSHAKE_TRAFFIC_SECRET 11a9a9131cf2f1dc86ae82d0b29215ffc7e6a0e2cb5a069559649a674ffd5d0e 854d756ce9e0cf7b249ee0e93faac2345aa15e123353fce625bca25652fc19c6
CLIENT_TRAFFIC_SECRET_0 33f3315c75117a5a0d5b0deafe4195c85470b50635d9d3dae0d89845504c4745 c8cd7ca1613010fd4f18ba78d5ad43b1200b719687ade20eed8df0564399f40e
SERVER_TRAFFIC_SECRET_0 33f3315c75117a5a0d5b0deafe4195c85470b50635d9d3dae0d89845504c4745 7f0696d5f8ab375014179cc91e724706fa6f20b927634cf59cfff0b0d80cbe3a
EXPORTER_SECRET 33f3315c75117a5a0d5b0deafe4195c85470b50635d9d3dae0d89845504c4745 61842ea8ed5767b7916cf4bf82905feec391f923aec76dfc918abcd5be87807a
CLIENT_TRAFFIC_SECRET_0 59d0d7438b7ab4b1b08700df501d79e09552b2e10a9267e6e095ad90ee922795 65a789d36a98ad30b1e0e4d6b9e0e211a0357c72a3713cd90ec2d9e714a754ad
SERVER_TRAFFIC_SECRET_0 59d0d7438b7ab4b1b08700df501d79e09552b2e10a9267e6e095ad90ee922795 5e49575847a2381da82a837c56236a9ac6195704c255bdb54ce90e3d3673831d
EXPORTER_SECRET 59d0d7438b7ab4b1b08700df501d79e09552b2e10a9267e6e095ad90ee922795 3ffcf4b227e708dcfa45a0ebb85dabdf907deb57d9c4505b841355343916797a
CLIENT_TRAFFIC_SECRET_0 11a9a9131cf2f1dc86ae82d0b29215ffc7e6a0e2cb5a069559649a674ffd5d0e 2fb15e675a93b0d84fbc239bfc33543a0aca756a41b09d689ebdb4a4058802d6
SERVER_TRAFFIC_SECRET_0 11a9a9131cf2f1dc86ae82d0b29215ffc7e6a0e2cb5a069559649a674ffd5d0e 40c75c8047faf4597f316fdb29cfba0627ed804653a88e526e4283446d14356a
EXPORTER_SECRET 11a9a9131cf2f1dc86ae82d0b29215ffc7e6a0e2cb5a069559649a674ffd5d0e de7712b4683f8ac6666e050d8ec84b4cc4cf4a54e12dbcf467ff67ac8b18ea68
CLIENT_HANDSHAKE_TRAFFIC_SECRET 81c0b12745fb6ee36ad467dc6690c952f8183abddd313ddd9146579c57c60b48 035f652fe9e3b95b2cfa0b433063e808c2d1a14e4bd30fbc80f24ac9add83234
SERVER_HANDSHAKE_TRAFFIC_SECRET 81c0b12745fb6ee36ad467dc6690c952f8183abddd313ddd9146579c57c60b48 748d25fb4462b653eaa0f3697983ce0cdbcd3657989405aded4b576339f035eb
CLIENT_HANDSHAKE_TRAFFIC_SECRET 1b222035ee1badb9fdef42c148b60f5f5db5908856df310eeeb4a7490fdd5825 7650fbaaae168ab1eecbea8270a7d43aa60c133d7226c9deec361f059ced9611
SERVER_HANDSHAKE_TRAFFIC_SECRET 1b222035ee1badb9fdef42c148b60f5f5db5908856df310eeeb4a7490fdd5825 2485f2572c1f5a25c9ab0d95b958fc12e618ba8cd8d2b9d8896197f8a6072380
CLIENT_TRAFFIC_SECRET_0 81c0b12745fb6ee36ad467dc6690c952f8183abddd313ddd9146579c57c60b48 59d22a1fe0b15f5891322352b02aae314917e9333b794fe42ec33f6d974f56dc
SERVER_TRAFFIC_SECRET_0 81c0b12745fb6ee36ad467dc6690c952f8183abddd313ddd9146579c57c60b48 5c3ef9e6717f93f44aeee5ef20b94e3f5646d36d079e9d3833db9bf622eae418
EXPORTER_SECRET 81c0b12745fb6ee36ad467dc6690c952f8183abddd313ddd9146579c57c60b48 111d3180a8d6473f48b80be75a5ccec0c8f434f2f81873e04677ad875e9a69e5
CLIENT_TRAFFIC_SECRET_0 1b222035ee1badb9fdef42c148b60f5f5db5908856df310eeeb4a7490fdd5825 9f87b7971960394dbaaa503b13fdd16f4fbbaf5fcd1338abc6f82de793f39b1f
SERVER_TRAFFIC_SECRET_0 1b222035ee1badb9fdef42c148b60f5f5db5908856df310eeeb4a7490fdd5825 9349ff270e1ea638124df94d6cc03b08c4d260042a90bbc071bdc6b8305dd3b5
EXPORTER_SECRET 1b222035ee1badb9fdef42c148b60f5f5db5908856df310eeeb4a7490fdd5825 6f17d5f31bd98d119b5daf6bfa5b179173ad4c3a5da2e23e5b38aeceedfb3e3d
CLIENT_HANDSHAKE_TRAFFIC_SECRET 274439f8adfc9ee0508e2068cc1074e6b5449c5ddd27fc2b8ee4e595d2ec737b 5692d937870d9ce53dd0a6279c3dbf9f8b8cef848c6323c022d589c039f16074
SERVER_HANDSHAKE_TRAFFIC_SECRET 274439f8adfc9ee0508e2068cc1074e6b5449c5ddd27fc2b8ee4e595d2ec737b f67015a3bbe36f391e3ddd7444a239ab6f053cbfd10c543cb88450f302363f3a
CLIENT_HANDSHAKE_TRAFFIC_SECRET ebbc9fcb99910135440b5302b3f8cc1b14ab8abae6a3839acc1fce72a94bf846 3d339d40a07fed26daeec3af6d081d639751ae6497f32a2a871b87fadb717241
SERVER_HANDSHAKE_TRAFFIC_SECRET ebbc9fcb99910135440b5302b3f8cc1b14ab8abae6a3839acc1fce72a94bf846 7e9045b71ad207ecb37be89c0fd6c99317291d93ae4f41ff705f3a2f34fd25a5
CLIENT_HANDSHAKE_TRAFFIC_SECRET 4f53adeba5f115bbbae59f92f9e502b7d07366cd73e6b8f7ec2cb07b9e85719d a964ac1e9784c578214a3a2029018bac44a3d9e581150253370bbbb399576dca
SERVER_HANDSHAKE_TRAFFIC_SECRET 4f53adeba5f115bbbae59f92f9e502b7d07366cd73e6b8f7ec2cb07b9e85719d b1ac6a3e359689456168d348559f6e33f9033c38c6498d21e52f08939aed7288
CLIENT_HANDSHAKE_TRAFFIC_SECRET dbeb89f7fa24666bcbae4fb8b0df84095c95489da6cca42c825f37b7a7f3ad05 db9d2d68c64b1e6c0d9330ef303a1e025f44c1d91223eccb492e9be0b96a1064
SERVER_HANDSHAKE_TRAFFIC_SECRET dbeb89f7fa24666bcbae4fb8b0df84095c95489da6cca42c825f37b7a7f3ad05 d74fcc4f80487becb7737f415b81ed8403cf4d8cb7abc03ee0889e57ffed1fae
CLIENT_HANDSHAKE_TRAFFIC_SECRET 4b95b90b0b00c553c3476c0abfeafe93e1a814131a574e32769a14043ca60d91 4a371232307f12982f162fd9900f14d2561d99a6b5b567e98277137fa17d20ea
SERVER_HANDSHAKE_TRAFFIC_SECRET 4b95b90b0b00c553c3476c0abfeafe93e1a814131a574e32769a14043ca60d91 ff14ab36666bbd04f3c97752335cc9a6f063c712cbdb50bf386247a048327932
CLIENT_TRAFFIC_SECRET_0 4b95b90b0b00c553c3476c0abfeafe93e1a814131a574e32769a14043ca60d91 5caa25149ea4590d1755016c594ff723581e284767a4064278636ad93d647c59
SERVER_TRAFFIC_SECRET_0 4b95b90b0b00c553c3476c0abfeafe93e1a814131a574e32769a14043ca60d91 88d5b1607ed3c192b974cef12c2dd53a0b0a72f8e5dbbce958b9911f826e7c43
EXPORTER_SECRET 4b95b90b0b00c553c3476c0abfeafe93e1a814131a574e32769a14043ca60d91 ab5f63862caad4c45c170e6254be1076ccf42094826a8309584877dc13a94a17
CLIENT_EARLY_TRAFFIC_SECRET aeb88e9ddf1db90ab99028e41e73b9b74e46e36c89e1f7cca131dc18afe3ced6 5a9121c3e908ea982d99fc1144e227edf3d31446e431a2447bbd054af04ecc22
EARLY_EXPORTER_SECRET aeb88e9ddf1db90ab99028e41e73b9b74e46e36c89e1f7cca131dc18afe3ced6 87a0643218316e1d11fcf108612e84a742830d0bd59fa03485fa001cd526b392
CLIENT_TRAFFIC_SECRET_0 274439f8adfc9ee0508e2068cc1074e6b5449c5ddd27fc2b8ee4e595d2ec737b 7ae5a9be187215b21ed3531e496eaf57fbe295906b9302ba8e415cacf8bb06c3
SERVER_TRAFFIC_SECRET_0 274439f8adfc9ee0508e2068cc1074e6b5449c5ddd27fc2b8ee4e595d2ec737b dc2656336d237604814a3f45d54ea5e5d6eac58f097a4cc9416a042776a0a1b4
EXPORTER_SECRET 274439f8adfc9ee0508e2068cc1074e6b5449c5ddd27fc2b8ee4e595d2ec737b 3092575f6286803ab486e7463538755b04cbea1b3df84b637bedd0fc56f46171
CLIENT_TRAFFIC_SECRET_0 ebbc9fcb99910135440b5302b3f8cc1b14ab8abae6a3839acc1fce72a94bf846 73bf202a81391e7869da232966d6373e901933949bff3e2a91df7dc98070d840
SERVER_TRAFFIC_SECRET_0 ebbc9fcb99910135440b5302b3f8cc1b14ab8abae6a3839acc1fce72a94bf846 6fcd649d4251695a2e86b07e279329e351909c7225ed74764e60c56297d0658b
EXPORTER_SECRET ebbc9fcb99910135440b5302b3f8cc1b14ab8abae6a3839acc1fce72a94bf846 0003117ab52a6f2502b79b1a99f663d1b09fcacbed0f6ab9b77a2e4d53e2c295
CLIENT_TRAFFIC_SECRET_0 4f53adeba5f115bbbae59f92f9e502b7d07366cd73e6b8f7ec2cb07b9e85719d 8b0b8c29cb09003b8f431b7c1cffff95b8d795999a4a6990b64929a8d83dc25d
SERVER_TRAFFIC_SECRET_0 4f53adeba5f115bbbae59f92f9e502b7d07366cd73e6b8f7ec2cb07b9e85719d 62c37a377bec0cc55aa074a6766e36e28854e255e04ae3fa44a0ed94efe59d37
EXPORTER_SECRET 4f53adeba5f115bbbae59f92f9e502b7d07366cd73e6b8f7ec2cb07b9e85719d 452df825d69a93a6e0f9205b6f93494738c04c81f9fd0902506e47f8e57fde66
CLIENT_HANDSHAKE_TRAFFIC_SECRET aeb88e9ddf1db90ab99028e41e73b9b74e46e36c89e1f7cca131dc18afe3ced6 458b7601268253791bdc08546b766d991d0d350b997c540a7285fbb806eb9945
SERVER_HANDSHAKE_TRAFFIC_SECRET aeb88e9ddf1db90ab99028e41e73b9b74e46e36c89e1f7cca131dc18afe3ced6 e13753a4ca498d3488cfbf8bddf306a63146299ab16f407ea36fe37bb1319095
CLIENT_TRAFFIC_SECRET_0 aeb88e9ddf1db90ab99028e41e73b9b74e46e36c89e1f7cca131dc18afe3ced6 09688debb92914fdbf3fe3ef15a9ccfa19afcb1f8b7d3fbb45f9baddb67a338d
SERVER_TRAFFIC_SECRET_0 aeb88e9ddf1db90ab99028e41e73b9b74e46e36c89e1f7cca131dc18afe3ced6 12be74df788905e045b5460829140942526c3fdf8d4e3540eceb8551e6da3a39
EXPORTER_SECRET aeb88e9ddf1db90ab99028e41e73b9b74e46e36c89e1f7cca131dc18afe3ced6 f76ee406554856901adab55a4a340b22c1ca68b05137d08cb48ffec25b4874a2
CLIENT_TRAFFIC_SECRET_0 dbeb89f7fa24666bcbae4fb8b0df84095c95489da6cca42c825f37b7a7f3ad05 01ec06420173f7392722e36a674b137dda4dfa85ae268b4c70b331c5a97293a2
SERVER_TRAFFIC_SECRET_0 dbeb89f7fa24666bcbae4fb8b0df84095c95489da6cca42c825f37b7a7f3ad05 ed981c5496b372de6d606542c831e028fe5b814cf3070ee8d22ce783f3772a0e
EXPORTER_SECRET dbeb89f7fa24666bcbae4fb8b0df84095c95489da6cca42c825f37b7a7f3ad05 9f2d2c4843c7e5ead20804c0266d9694395ba8e179efe3786336531d005bcac1
CLIENT_HANDSHAKE_TRAFFIC_SECRET 9facc6fd5abee875c8f984102a0a9a1dd410dfb8d193d5de0cca388f6477700d 59853141274b7aecd8277f2992f65c3b688519de1bedd6239e3cb333bd1fe822
SERVER_HANDSHAKE_TRAFFIC_SECRET 9facc6fd5abee875c8f984102a0a9a1dd410dfb8d193d5de0cca388f6477700d 13b44408f31d7d7707f882f13dbf963cf252aa6408f1570492795300e16d856a
CLIENT_HANDSHAKE_TRAFFIC_SECRET 8f7ff1958480c4e2b97772b79d8c544ed117b4e39cae4a7887f1aad80d45bce5 1240214ed331fb12284412c30059159f4a74fbcab39a4620233fcd3cdc21c020
SERVER_HANDSHAKE_TRAFFIC_SECRET 8f7ff1958480c4e2b97772b79d8c544ed117b4e39cae4a7887f1aad80d45bce5 d063db4437e499b3c7e31a3c7beb5826834ecd0b2037749f928f098f14d0ffb9
CLIENT_TRAFFIC_SECRET_0 9facc6fd5abee875c8f984102a0a9a1dd410dfb8d193d5de0cca388f6477700d 4469e0ffd19acad1f5f7ab3de278d032eafad4fe967d7f750c8e03540c6de6ce
SERVER_TRAFFIC_SECRET_0 9facc6fd5abee875c8f984102a0a9a1dd410dfb8d193d5de0cca388f6477700d bdc96e51edb649953d9a92497784af28d13a22773a2e55518c70d08f9ac9cb6a
EXPORTER_SECRET 9facc6fd5abee875c8f984102a0a9a1dd410dfb8d193d5de0cca388f6477700d a694679015dcdba1b6eb635bfe0bf9b260943aa91b6c4d34947c887ba049e33d
CLIENT_HANDSHAKE_TRAFFIC_SECRET 57a080dea073f6349c261fd6ac7d1b3b535ee102941a6d2ebada5d771506ed63 f902a988f434e9afe3f7ef9b5a2ca139865ca58c575b04e0078a0da7025ff9c7
SERVER_HANDSHAKE_TRAFFIC_SECRET 57a080dea073f6349c261fd6ac7d1b3b535ee102941a6d2ebada5d771506ed63 29aa27f33ca22fe46d4a5528f1b53a668dd55696c87ba944f56d1934d66a7253
CLIENT_TRAFFIC_SECRET_0 8f7ff1958480c4e2b97772b79d8c544ed117b4e39cae4a7887f1aad80d45bce5 f826bbf290f2587f85db1bf76248bc3b4f8ca8f41ce1daea9b58b2aff8300aa6
SERVER_TRAFFIC_SECRET_0 8f7ff1958480c4e2b97772b79d8c544ed117b4e39cae4a7887f1aad80d45bce5 1ab7acef9351e140c81f5cf34c9c47fd09ec8b087e5faf6ebb1d49ee05517805
EXPORTER_SECRET 8f7ff1958480c4e2b97772b79d8c544ed117b4e39cae4a7887f1aad80d45bce5 6dac999e5067af3e347fbbb25db5be681f949562e638ce9c2439a9b7570ebdba
CLIENT_TRAFFIC_SECRET_0 57a080dea073f6349c261fd6ac7d1b3b535ee102941a6d2ebada5d771506ed63 ac7e4f2482a52c7999c4af186f9f37a9c9c89b4cda7a4d00413a53808edde248
SERVER_TRAFFIC_SECRET_0 57a080dea073f6349c261fd6ac7d1b3b535ee102941a6d2ebada5d771506ed63 94a33301837295d0f2d87d4880cdf1a9892d65ef5a6b824bf7dcbf364a537cef
EXPORTER_SECRET 57a080dea073f6349c261fd6ac7d1b3b535ee102941a6d2ebada5d771506ed63 2ddb75d05ef8a8f932f86d8bc9fef0e4a0266550b58270b5e5f4698accbd855b
CLIENT_RANDOM 1cfc038cd88c8088a38622a53af3b1dc259f89fad2249e76eebafd78f455bb28 a780fa7907aa9e33bbb8f1c00b927a2271b9ebec4bd59c50ea51e2f41d71ad898c7a50b8d2d55d4c85067f801110e84e
CLIENT_RANDOM b72ab5121f1d8de3fdb7cc3503571e9321ce589a6611370b5ab6a100d23d2f92 435ce859d50a4386e62f5f8657ff3b3c7a786a3d305c11edfbc58f311c71ff34b488a29bca5842b2dab35e25cbbc4473
CLIENT_RANDOM 8ba61121a6e96a30d92652550dc0008830c384529d34082752e4ca4160277164 3c01881996fe01fea11a85d58cd1c1ed46b97bdf8f25d3041e19051732fa7fca309720077002f22174f71a3250a616a7
CLIENT_RANDOM 91bdd77ca2d672c595d4c7e80f075cb2d50c5d68574aa9660ae8f4929b30d084 bcd1cea96e79b120cbf09a19c124ddf08f6e677a95230db098054d85ff78651324b9c980e99aa9cd82ac1af0bab79447
CLIENT_HANDSHAKE_TRAFFIC_SECRET 88f983e3762791c6cac83ae7880dca479a47ece26e0731167ffce838e952c234 b95cad54b5b04ee9a64f112279a2d7d050812f355af22c67b1ba786656d0c142
SERVER_HANDSHAKE_TRAFFIC_SECRET 88f983e3762791c6cac83ae7880dca479a47ece26e0731167ffce838e952c234 f35784f853f75e694befe152643efd00bc9c928a92567ca1f1380d023fcb794e
CLIENT_TRAFFIC_SECRET_0 88f983e3762791c6cac83ae7880dca479a47ece26e0731167ffce838e952c234 6fea67a816307f51ce4e8723affd6e7a7f7aa5bd5f6441392776d6b26d628070
SERVER_TRAFFIC_SECRET_0 88f983e3762791c6cac83ae7880dca479a47ece26e0731167ffce838e952c234 103921f6e265a1e7630f9942f98c5bb3048e773afb107d03a81efc8723ee7893
EXPORTER_SECRET 88f983e3762791c6cac83ae7880dca479a47ece26e0731167ffce838e952c234 9e50aa2e98c22ff5e75c11e8f7599e28dc4a4ac8585c5b77983ac9852e7122ff
CLIENT_HANDSHAKE_TRAFFIC_SECRET cb6a0eba142b95f6378025370283c00cd3a0d22a1e81077dec1bdb6da2506664 e3a7830d7e4ad948d6498d6b1c78143f4db41e6888ad12f3e27e58076ae3ac41
SERVER_HANDSHAKE_TRAFFIC_SECRET cb6a0eba142b95f6378025370283c00cd3a0d22a1e81077dec1bdb6da2506664 56665403d0560f4d1a6a234cc4ff260c105e8020c8326dc61df8bad141e681f3
CLIENT_HANDSHAKE_TRAFFIC_SECRET 49bba4176cf0325c7b55e20d1adaf4694d5f9ce428da3e0a55693ab10815c28f b552261dfdef790c3342e4da71ba3dd511624b8e01ccd2b0ffa4e08d897211b0
SERVER_HANDSHAKE_TRAFFIC_SECRET 49bba4176cf0325c7b55e20d1adaf4694d5f9ce428da3e0a55693ab10815c28f 1ce9ff175e34dee9054533f6e7054c99ab2e644c0900870cac3ceb13c59d10fa
CLIENT_TRAFFIC_SECRET_0 cb6a0eba142b95f6378025370283c00cd3a0d22a1e81077dec1bdb6da2506664 ce4e8687c6bcdf4953dad9fd183dad90fbd99fbe3e7f7a9f60b1ea1c43b67057
SERVER_TRAFFIC_SECRET_0 cb6a0eba142b95f6378025370283c00cd3a0d22a1e81077dec1bdb6da2506664 5c68fde19552ed81e702f64b5ba99895e2ef469925900047b4f3fc1ce6d1bd17
EXPORTER_SECRET cb6a0eba142b95f6378025370283c00cd3a0d22a1e81077dec1bdb6da2506664 95b54571b6c16bf7467a14b7fe20e211d7a33e11dbacefa3e8e1cbba06be013f
CLIENT_TRAFFIC_SECRET_0 49bba4176cf0325c7b55e20d1adaf4694d5f9ce428da3e0a55693ab10815c28f 0b81a21b603fef44f0e8ca9a13f97f58b08cf2dae4f36c63f86b184ddd90ec4b
SERVER_TRAFFIC_SECRET_0 49bba4176cf0325c7b55e20d1adaf4694d5f9ce428da3e0a55693ab10815c28f b651d5c38e9ca1bc74f6cbbfa888d3081eb46a6b73b6eaccaacd620e2779dbc8
EXPORTER_SECRET 49bba4176cf0325c7b55e20d1adaf4694d5f9ce428da3e0a55693ab10815c28f c7e6dbf62e4cb0090a616d37c87faea32740111ce08a22f3728c8df8b45d4ec4
CLIENT_HANDSHAKE_TRAFFIC_SECRET 3c4b0e65d3d9ff1f3524beea77ab62bd15194170801fe82538dc6cd89a35f076 a76dd35962685e50a72cc0ecfdbd2d30785269931288bbfe93cf9adb2a50a0c5
SERVER_HANDSHAKE_TRAFFIC_SECRET 3c4b0e65d3d9ff1f3524beea77ab62bd15194170801fe82538dc6cd89a35f076 d9183a1d15404f04c07718ea1eb4a15d19dfc2c662ae047d7d5b01c506321a99
CLIENT_TRAFFIC_SECRET_0 3c4b0e65d3d9ff1f3524beea77ab62bd15194170801fe82538dc6cd89a35f076 84238842165eb236d6252965e0fe02ff39a4ef492b22d4870a18a9671e6c0e87
SERVER_TRAFFIC_SECRET_0 3c4b0e65d3d9ff1f3524beea77ab62bd15194170801fe82538dc6cd89a35f076 c1af98f1f22f1f70091b7f4496449fb99efe1c379a674d72f51ef2baad1bd8ce
EXPORTER_SECRET 3c4b0e65d3d9ff1f3524beea77ab62bd15194170801fe82538dc6cd89a35f076 d744eff6f475657d5526351162d25d8d5cbcb532235c8e3357c2b95169c65631
CLIENT_HANDSHAKE_TRAFFIC_SECRET e095769b68c15658e017110729355017aec31b7718193d78a27fa30cca7f1714 fa6b1653e6b679c04b1b6197f4fb0a28b5b9e836e6fd7049140ea6cacf6c7d4a
SERVER_HANDSHAKE_TRAFFIC_SECRET e095769b68c15658e017110729355017aec31b7718193d78a27fa30cca7f1714 64538bf07ab8a547f3e6f181ee59dcb528593c476c8539dce9ee1b3fd02a77d7
CLIENT_TRAFFIC_SECRET_0 e095769b68c15658e017110729355017aec31b7718193d78a27fa30cca7f1714 789b1f53f738132016c58ba2d9c7e058e482f012402222d67b33e92862c66dc2
SERVER_TRAFFIC_SECRET_0 e095769b68c15658e017110729355017aec31b7718193d78a27fa30cca7f1714 9f5002ba93ec7cd4a6da1d8e12d5cab6f5c986454b2f6262bb9bd6e8dceb7ad0
EXPORTER_SECRET e095769b68c15658e017110729355017aec31b7718193d78a27fa30cca7f1714 a1473e9d4085374e77509f9e7451f5347ca1f463290b871b3c09f40e43cb62b0
CLIENT_HANDSHAKE_TRAFFIC_SECRET 51401a8ae02a0b04128b57a8b4a5e2938af4a3e2890b5f151bacc6f0a2365cf4 0cefbac5a0ab7dd119ac3dc890341aa2c1694f19c5cb07fd6d72a8d3feba373a
SERVER_HANDSHAKE_TRAFFIC_SECRET 51401a8ae02a0b04128b57a8b4a5e2938af4a3e2890b5f151bacc6f0a2365cf4 f77084ae8160273491454d7255ecf0abe0b04cd11a3be39a4dcdf5c5c2b2d997
CLIENT_TRAFFIC_SECRET_0 51401a8ae02a0b04128b57a8b4a5e2938af4a3e2890b5f151bacc6f0a2365cf4 ff0a1cf8f5c422c9f7c1e84928e54ddb862c676cb3eea71e6d69b987c693eacc
SERVER_TRAFFIC_SECRET_0 51401a8ae02a0b04128b57a8b4a5e2938af4a3e2890b5f151bacc6f0a2365cf4 158f330cb5db1b7c7ec1789e12b0548317cafc9232b59260961eb61d05864ea3
EXPORTER_SECRET 51401a8ae02a0b04128b57a8b4a5e2938af4a3e2890b5f151bacc6f0a2365cf4 97d6d9267a07edee2b1ca746019af399e31b59e9d53b6d63e359a9ee52b3855a
# SSL/TLS secrets log file, generated by NSS
SERVER_HANDSHAKE_TRAFFIC_SECRET a725fcb24777076fc44c2d4aa6ff3b15d18b838cc38263d9ceec5430d397ea33 0dc309df450affc1fd42c6f052f300c3c1705b40cc6acd44dc8d8f773714da1bd2020cb14342b72834a51883101969ac
EXPORTER_SECRET a725fcb24777076fc44c2d4aa6ff3b15d18b838cc38263d9ceec5430d397ea33 3e2045608fd3069a8126e556463f92a39592cdda35d86ea4755c4c94371ab024d6fbf1fca3f19c0157b06de1ce7397f3
SERVER_TRAFFIC_SECRET_0 a725fcb24777076fc44c2d4aa6ff3b15d18b838cc38263d9ceec5430d397ea33 60973b013f2746ef017fd96ad7e5174e9a58a2770c35e1889bd9741db0d395e2500c4a3b50f76fbf55c9bc31911f44c1
CLIENT_HANDSHAKE_TRAFFIC_SECRET a725fcb24777076fc44c2d4aa6ff3b15d18b838cc38263d9ceec5430d397ea33 3188743c4591df96ad6c9de7e8a56aa18451a727f36d6b89606677bc8a9c0cb23177a4dc8ad6f3cc8f45a2abe4ccf4cb
CLIENT_TRAFFIC_SECRET_0 a725fcb24777076fc44c2d4aa6ff3b15d18b838cc38263d9ceec5430d397ea33 05ca4d1dde337ebf7ba1188364dcd0b43f19e568b569cf3115ebb0b95b19ddccc4160c9f6fc4ce397d4c5f9a74ecbd67
SERVER_HANDSHAKE_TRAFFIC_SECRET 36cfd7d183d06b4ce0cb4b412d291de56dc9f96d5d061973f089ee52a5f43dba e886d2273b60e8f4e384a9db6dedbea719018c3be005cc081a8704e70ab1a627a143fe463d26c486922b3d3fba069f70
SERVER_HANDSHAKE_TRAFFIC_SECRET cce7e6dbb1b59136f8c2eda316182bf44ad197aa2c628fa96d7643db640ccb20 f01fe77a73129f22a07c6f2899642348271834945091f02f3c70f01caf7c6c54520b0285ff7dfa8b75e38b982e3005a5
EXPORTER_SECRET 36cfd7d183d06b4ce0cb4b412d291de56dc9f96d5d061973f089ee52a5f43dba e9d4b16d54c6d993ab0c49110583c277896ed5dad253cc51960e483e9510ad2a359ba35aca9fd1c6d612ac487d5ba96e
SERVER_TRAFFIC_SECRET_0 36cfd7d183d06b4ce0cb4b412d291de56dc9f96d5d061973f089ee52a5f43dba ab7f9aae11c6cd998e3fb23cf16091b0534a3755da388f234cf734cd43b5ae7f62096649cac7547ec413e75585db1940
CLIENT_HANDSHAKE_TRAFFIC_SECRET 36cfd7d183d06b4ce0cb4b412d291de56dc9f96d5d061973f089ee52a5f43dba c8e037173b139b6f13fa163c18ce6d41f045f4854c60c66df61330d8b6e2b4e66aba8c800a86246fe76e7ed750a674f9
CLIENT_TRAFFIC_SECRET_0 36cfd7d183d06b4ce0cb4b412d291de56dc9f96d5d061973f089ee52a5f43dba 28f7e7457a540d58482d02df689289fd04bb64ce7d5efb8fed9b208bb2c178b16db550dce6d7a49c8abfa0690c76804b
EXPORTER_SECRET cce7e6dbb1b59136f8c2eda316182bf44ad197aa2c628fa96d7643db640ccb20 ab5455f20ecbce1e284c9c3755073edbd42e82afbdd0c9568926de22494376efe2b621718f45b4a0ac1b2dd5fceb76f7
SERVER_TRAFFIC_SECRET_0 cce7e6dbb1b59136f8c2eda316182bf44ad197aa2c628fa96d7643db640ccb20 d1c522f77cc88d6e0f1c17b4aaf5dab759c3f8292225f999f547b1a394ae6470dcd043b34037d509cf581fc2d3042055
CLIENT_HANDSHAKE_TRAFFIC_SECRET cce7e6dbb1b59136f8c2eda316182bf44ad197aa2c628fa96d7643db640ccb20 0939065378015175d0e40f281693f5d2e037bb69d763f885f3e15b2ef23feb05b49e60e7c7c179efb38e303739f1fb6d
CLIENT_TRAFFIC_SECRET_0 cce7e6dbb1b59136f8c2eda316182bf44ad197aa2c628fa96d7643db640ccb20 f5fcbe586cc0e25b02d8fd882d19cb5be38808035856e9b9fbbe3f409529323cbfb89b882b395f670bcc7e117b3130d8
SERVER_HANDSHAKE_TRAFFIC_SECRET 3f92139bcd7b049de6b721e764ac30c21e84dea6b7638b3a439bc4368a2f8606 3226e24f6905d6cd19a607ba995e24b9e9f52e371c68e7b9e2b5d9d05e23af1efe7f41f0b7595a7a78b7c0af48b5cd32
EXPORTER_SECRET 3f92139bcd7b049de6b721e764ac30c21e84dea6b7638b3a439bc4368a2f8606 0efacad6dc1a7bc40063fb9813ce6fba44dcecdb8f3acc4bfa35bd36469281c6327a5d54df958d21d5315eaca0b003c4
SERVER_TRAFFIC_SECRET_0 3f92139bcd7b049de6b721e764ac30c21e84dea6b7638b3a439bc4368a2f8606 4f9723fa36e28233b8a32670aceac04ca341d218fa1593fc850e50fd0ecfd2603e5b03231c0b09c6b25e004dc8438fa2
CLIENT_HANDSHAKE_TRAFFIC_SECRET 3f92139bcd7b049de6b721e764ac30c21e84dea6b7638b3a439bc4368a2f8606 2f34ca6f189619ea5876d2f12460b9a33a4e05f1167bdfa4d0b0e8f9625fc11a83fe9ef23fbcd24773d449f69caedb40
CLIENT_TRAFFIC_SECRET_0 3f92139bcd7b049de6b721e764ac30c21e84dea6b7638b3a439bc4368a2f8606 c194186972b7d844d0a4b9c75b9014e702b035fe4ada25ba5c53d554edaed9e46a371a4f493e99811b17b7703fce5258
